This is XeTeX, Version 3.141592653-2.6-0.999995 (TeX Live 2023) (preloaded format=xelatex 2023.10.12)  13 OCT 2023 13:02
entering extended mode
 restricted \write18 enabled.
 %&-line parsing enabled.
**Ciencia-com-R.tex
(./Ciencia-com-R.tex
LaTeX2e <2023-06-01> patch level 1
L3 programming layer <2023-10-10>
(/Users/asferreira/Library/TinyTeX/texmf-dist/tex/latex/base/book.cls
Document Class: book 2023/05/17 v1.4n Standard LaTeX document class
(/Users/asferreira/Library/TinyTeX/texmf-dist/tex/latex/base/bk10.clo
File: bk10.clo 2023/05/17 v1.4n Standard LaTeX file (size option)
)
\c@part=\count181
\c@chapter=\count182
\c@section=\count183
\c@subsection=\count184
\c@subsubsection=\count185
\c@paragraph=\count186
\c@subparagraph=\count187
\c@figure=\count188
\c@table=\count189
\abovecaptionskip=\skip48
\belowcaptionskip=\skip49
\bibindent=\dimen140
) (/Users/asferreira/Library/TinyTeX/texmf-dist/tex/latex/amsmath/amsmath.sty
Package: amsmath 2023/05/13 v2.17o AMS math features
\@mathmargin=\skip50
For additional information on amsmath, use the `?' option.
(/Users/asferreira/Library/TinyTeX/texmf-dist/tex/latex/amsmath/amstext.sty
Package: amstext 2021/08/26 v2.01 AMS text
(/Users/asferreira/Library/TinyTeX/texmf-dist/tex/latex/amsmath/amsgen.sty
File: amsgen.sty 1999/11/30 v2.0 generic functions
\@emptytoks=\toks17
\ex@=\dimen141
)) (/Users/asferreira/Library/TinyTeX/texmf-dist/tex/latex/amsmath/amsbsy.sty
Package: amsbsy 1999/11/29 v1.2d Bold Symbols
\pmbraise@=\dimen142
) (/Users/asferreira/Library/TinyTeX/texmf-dist/tex/latex/amsmath/amsopn.sty
Package: amsopn 2022/04/08 v2.04 operator names
)
\inf@bad=\count190
LaTeX Info: Redefining \frac on input line 234.
\uproot@=\count191
\leftroot@=\count192
LaTeX Info: Redefining \overline on input line 399.
LaTeX Info: Redefining \colon on input line 410.
\classnum@=\count193
\DOTSCASE@=\count194
LaTeX Info: Redefining \ldots on input line 496.
LaTeX Info: Redefining \dots on input line 499.
LaTeX Info: Redefining \cdots on input line 620.
\Mathstrutbox@=\box51
\strutbox@=\box52
LaTeX Info: Redefining \big on input line 722.
LaTeX Info: Redefining \Big on input line 723.
LaTeX Info: Redefining \bigg on input line 724.
LaTeX Info: Redefining \Bigg on input line 725.
\big@size=\dimen143
LaTeX Font Info:    Redeclaring font encoding OML on input line 743.
LaTeX Font Info:    Redeclaring font encoding OMS on input line 744.
\macc@depth=\count195
LaTeX Info: Redefining \bmod on input line 905.
LaTeX Info: Redefining \pmod on input line 910.
LaTeX Info: Redefining \smash on input line 940.
LaTeX Info: Redefining \relbar on input line 970.
LaTeX Info: Redefining \Relbar on input line 971.
\c@MaxMatrixCols=\count196
\dotsspace@=\muskip16
\c@parentequation=\count197
\dspbrk@lvl=\count198
\tag@help=\toks18
\row@=\count199
\column@=\count266
\maxfields@=\count267
\andhelp@=\toks19
\eqnshift@=\dimen144
\alignsep@=\dimen145
\tagshift@=\dimen146
\tagwidth@=\dimen147
\totwidth@=\dimen148
\lineht@=\dimen149
\@envbody=\toks20
\multlinegap=\skip51
\multlinetaggap=\skip52
\mathdisplay@stack=\toks21
LaTeX Info: Redefining \[ on input line 2953.
LaTeX Info: Redefining \] on input line 2954.
) (/Users/asferreira/Library/TinyTeX/texmf-dist/tex/latex/amsfonts/amssymb.sty
Package: amssymb 2013/01/14 v3.01 AMS font symbols
(/Users/asferreira/Library/TinyTeX/texmf-dist/tex/latex/amsfonts/amsfonts.sty
Package: amsfonts 2013/01/14 v3.01 Basic AMSFonts support
\symAMSa=\mathgroup4
\symAMSb=\mathgroup5
LaTeX Font Info:    Redeclaring math symbol \hbar on input line 98.
LaTeX Font Info:    Overwriting math alphabet `\mathfrak' in version `bold'
(Font)                  U/euf/m/n --> U/euf/b/n on input line 106.
)) (/Users/asferreira/Library/TinyTeX/texmf-dist/tex/generic/iftex/iftex.sty
Package: iftex 2022/02/03 v1.0f TeX engine tests
) (/Users/asferreira/Library/TinyTeX/texmf-dist/tex/latex/unicode-math/unicode-math.sty (/Users/asferreira/Library/TinyTeX/texmf-dist/tex/latex/l3kernel/expl3.sty
Package: expl3 2023-10-10 L3 programming layer (loader) 
(/Users/asferreira/Library/TinyTeX/texmf-dist/tex/latex/l3backend/l3backend-xetex.def
File: l3backend-xetex.def 2023-10-10 L3 backend support: XeTeX
\g__graphics_track_int=\count268
\l__pdf_internal_box=\box53
\g__pdf_backend_object_int=\count269
\g__pdf_backend_annotation_int=\count270
\g__pdf_backend_link_int=\count271
))
Package: unicode-math 2023/08/13 v0.8r Unicode maths in XeLaTeX and LuaLaTeX
(/Users/asferreira/Library/TinyTeX/texmf-dist/tex/latex/unicode-math/unicode-math-xetex.sty
Package: unicode-math-xetex 2023/08/13 v0.8r Unicode maths in XeLaTeX and LuaLaTeX
(/Users/asferreira/Library/TinyTeX/texmf-dist/tex/latex/l3packages/xparse/xparse.sty
Package: xparse 2023-10-10 L3 Experimental document command parser
) (/Users/asferreira/Library/TinyTeX/texmf-dist/tex/latex/l3packages/l3keys2e/l3keys2e.sty
Package: l3keys2e 2023-10-10 LaTeX2e option processing using LaTeX3 keys
) (/Users/asferreira/Library/TinyTeX/texmf-dist/tex/latex/fontspec/fontspec.sty
Package: fontspec 2022/01/15 v2.8a Font selection for XeLaTeX and LuaLaTeX
(/Users/asferreira/Library/TinyTeX/texmf-dist/tex/latex/fontspec/fontspec-xetex.sty
Package: fontspec-xetex 2022/01/15 v2.8a Font selection for XeLaTeX and LuaLaTeX
\l__fontspec_script_int=\count272
\l__fontspec_language_int=\count273
\l__fontspec_strnum_int=\count274
\l__fontspec_tmp_int=\count275
\l__fontspec_tmpa_int=\count276
\l__fontspec_tmpb_int=\count277
\l__fontspec_tmpc_int=\count278
\l__fontspec_em_int=\count279
\l__fontspec_emdef_int=\count280
\l__fontspec_strong_int=\count281
\l__fontspec_strongdef_int=\count282
\l__fontspec_tmpa_dim=\dimen150
\l__fontspec_tmpb_dim=\dimen151
\l__fontspec_tmpc_dim=\dimen152
(/Users/asferreira/Library/TinyTeX/texmf-dist/tex/latex/base/fontenc.sty
Package: fontenc 2021/04/29 v2.0v Standard LaTeX package
) (/Users/asferreira/Library/TinyTeX/texmf-dist/tex/latex/fontspec/fontspec.cfg))) (/Users/asferreira/Library/TinyTeX/texmf-dist/tex/latex/base/fix-cm.sty
Package: fix-cm 2020/11/24 v1.1t fixes to LaTeX
(/Users/asferreira/Library/TinyTeX/texmf-dist/tex/latex/base/ts1enc.def
File: ts1enc.def 2001/06/05 v3.0e (jk/car/fm) Standard LaTeX file
LaTeX Font Info:    Redeclaring font encoding TS1 on input line 47.
))
\g__um_fam_int=\count283
\g__um_fonts_used_int=\count284
\l__um_primecount_int=\count285
\g__um_primekern_muskip=\muskip17
(/Users/asferreira/Library/TinyTeX/texmf-dist/tex/latex/unicode-math/unicode-math-table.tex))) (/Users/asferreira/Library/TinyTeX/texmf-dist/tex/latex/lm/lmodern.sty
Package: lmodern 2015/05/01 v1.6.1 Latin Modern Fonts
LaTeX Font Info:    Overwriting symbol font `operators' in version `normal'
(Font)                  OT1/cmr/m/n --> OT1/lmr/m/n on input line 22.
LaTeX Font Info:    Overwriting symbol font `letters' in version `normal'
(Font)                  OML/cmm/m/it --> OML/lmm/m/it on input line 23.
LaTeX Font Info:    Overwriting symbol font `symbols' in version `normal'
(Font)                  OMS/cmsy/m/n --> OMS/lmsy/m/n on input line 24.
LaTeX Font Info:    Overwriting symbol font `largesymbols' in version `normal'
(Font)                  OMX/cmex/m/n --> OMX/lmex/m/n on input line 25.
LaTeX Font Info:    Overwriting symbol font `operators' in version `bold'
(Font)                  OT1/cmr/bx/n --> OT1/lmr/bx/n on input line 26.
LaTeX Font Info:    Overwriting symbol font `letters' in version `bold'
(Font)                  OML/cmm/b/it --> OML/lmm/b/it on input line 27.
LaTeX Font Info:    Overwriting symbol font `symbols' in version `bold'
(Font)                  OMS/cmsy/b/n --> OMS/lmsy/b/n on input line 28.
LaTeX Font Info:    Overwriting symbol font `largesymbols' in version `bold'
(Font)                  OMX/cmex/m/n --> OMX/lmex/m/n on input line 29.
LaTeX Font Info:    Overwriting math alphabet `\mathbf' in version `normal'
(Font)                  OT1/cmr/bx/n --> OT1/lmr/bx/n on input line 31.
LaTeX Font Info:    Overwriting math alphabet `\mathsf' in version `normal'
(Font)                  OT1/cmss/m/n --> OT1/lmss/m/n on input line 32.
LaTeX Font Info:    Overwriting math alphabet `\mathit' in version `normal'
(Font)                  OT1/cmr/m/it --> OT1/lmr/m/it on input line 33.
LaTeX Font Info:    Overwriting math alphabet `\mathtt' in version `normal'
(Font)                  OT1/cmtt/m/n --> OT1/lmtt/m/n on input line 34.
LaTeX Font Info:    Overwriting math alphabet `\mathbf' in version `bold'
(Font)                  OT1/cmr/bx/n --> OT1/lmr/bx/n on input line 35.
LaTeX Font Info:    Overwriting math alphabet `\mathsf' in version `bold'
(Font)                  OT1/cmss/bx/n --> OT1/lmss/bx/n on input line 36.
LaTeX Font Info:    Overwriting math alphabet `\mathit' in version `bold'
(Font)                  OT1/cmr/bx/it --> OT1/lmr/bx/it on input line 37.
LaTeX Font Info:    Overwriting math alphabet `\mathtt' in version `bold'
(Font)                  OT1/cmtt/m/n --> OT1/lmtt/m/n on input line 38.
) (/Users/asferreira/Library/TinyTeX/texmf-dist/tex/latex/microtype/microtype.sty
Package: microtype 2023/03/13 v3.1a Micro-typographical refinements (RS)
(/Users/asferreira/Library/TinyTeX/texmf-dist/tex/latex/graphics/keyval.sty
Package: keyval 2022/05/29 v1.15 key=value parser (DPC)
\KV@toks@=\toks22
) (/Users/asferreira/Library/TinyTeX/texmf-dist/tex/latex/etoolbox/etoolbox.sty
Package: etoolbox 2020/10/05 v2.5k e-TeX tools for LaTeX (JAW)
\etb@tempcnta=\count286
)
\MT@toks=\toks23
\MT@tempbox=\box54
\MT@count=\count287
LaTeX Info: Redefining \noprotrusionifhmode on input line 1059.
LaTeX Info: Redefining \leftprotrusion on input line 1060.
\MT@prot@toks=\toks24
LaTeX Info: Redefining \rightprotrusion on input line 1078.
LaTeX Info: Redefining \textls on input line 1368.
\MT@outer@kern=\dimen153
LaTeX Info: Redefining \textmicrotypecontext on input line 1988.
\MT@listname@count=\count288
(/Users/asferreira/Library/TinyTeX/texmf-dist/tex/latex/microtype/microtype-xetex.def
File: microtype-xetex.def 2023/03/13 v3.1a Definitions specific to xetex (RS)
LaTeX Info: Redefining \lsstyle on input line 238.
)
Package microtype Info: Loading configuration file microtype.cfg.
(/Users/asferreira/Library/TinyTeX/texmf-dist/tex/latex/microtype/microtype.cfg
File: microtype.cfg 2023/03/13 v3.1a microtype main configuration file (RS)
)) (/Users/asferreira/Library/TinyTeX/texmf-dist/tex/latex/parskip/parskip.sty
Package: parskip 2021-03-14 v2.0h non-zero parskip adjustments
(/Users/asferreira/Library/TinyTeX/texmf-dist/tex/latex/kvoptions/kvoptions.sty
Package: kvoptions 2022-06-15 v3.15 Key value format for package options (HO)
(/Users/asferreira/Library/TinyTeX/texmf-dist/tex/generic/ltxcmds/ltxcmds.sty
Package: ltxcmds 2020-05-10 v1.25 LaTeX kernel commands for general use (HO)
) (/Users/asferreira/Library/TinyTeX/texmf-dist/tex/latex/kvsetkeys/kvsetkeys.sty
Package: kvsetkeys 2022-10-05 v1.19 Key value parser (HO)
))) (/Users/asferreira/Library/TinyTeX/texmf-dist/tex/latex/xcolor/xcolor.sty
Package: xcolor 2022/06/12 v2.14 LaTeX color extensions (UK)
(/Users/asferreira/Library/TinyTeX/texmf-dist/tex/latex/graphics-cfg/color.cfg
File: color.cfg 2016/01/02 v1.6 sample color configuration
)
Package xcolor Info: Driver file: xetex.def on input line 227.
(/Users/asferreira/Library/TinyTeX/texmf-dist/tex/latex/graphics-def/xetex.def
File: xetex.def 2022/09/22 v5.0n Graphics/color driver for xetex
) (/Users/asferreira/Library/TinyTeX/texmf-dist/tex/latex/graphics/mathcolor.ltx)
Package xcolor Info: Model `cmy' substituted by `cmy0' on input line 1353.
Package xcolor Info: Model `RGB' extended on input line 1369.
Package xcolor Info: Model `HTML' substituted by `rgb' on input line 1371.
Package xcolor Info: Model `Hsb' substituted by `hsb' on input line 1372.
Package xcolor Info: Model `tHsb' substituted by `hsb' on input line 1373.
Package xcolor Info: Model `HSB' substituted by `hsb' on input line 1374.
Package xcolor Info: Model `Gray' substituted by `gray' on input line 1375.
Package xcolor Info: Model `wave' substituted by `hsb' on input line 1376.
) (/Users/asferreira/Library/TinyTeX/texmf-dist/tex/latex/geometry/geometry.sty
Package: geometry 2020/01/02 v5.9 Page Geometry
(/Users/asferreira/Library/TinyTeX/texmf-dist/tex/generic/iftex/ifvtex.sty
Package: ifvtex 2019/10/25 v1.7 ifvtex legacy package. Use iftex instead.
)
\Gm@cnth=\count289
\Gm@cntv=\count290
\c@Gm@tempcnt=\count291
\Gm@bindingoffset=\dimen154
\Gm@wd@mp=\dimen155
\Gm@odd@mp=\dimen156
\Gm@even@mp=\dimen157
\Gm@layoutwidth=\dimen158
\Gm@layoutheight=\dimen159
\Gm@layouthoffset=\dimen160
\Gm@layoutvoffset=\dimen161
\Gm@dimlist=\toks25
) (/Users/asferreira/Library/TinyTeX/texmf-dist/tex/latex/fancyvrb/fancyvrb.sty
Package: fancyvrb 2023/01/19 4.5a verbatim text (tvz,hv)
\FV@CodeLineNo=\count292
\FV@InFile=\read2
\FV@TabBox=\box55
\c@FancyVerbLine=\count293
\FV@StepNumber=\count294
\FV@OutFile=\write3
) (/Users/asferreira/Library/TinyTeX/texmf-dist/tex/latex/framed/framed.sty
Package: framed 2011/10/22 v 0.96: framed or shaded text with page breaks
\OuterFrameSep=\skip53
\fb@frw=\dimen162
\fb@frh=\dimen163
\FrameRule=\dimen164
\FrameSep=\dimen165
) (/Users/asferreira/Library/TinyTeX/texmf-dist/tex/latex/tools/longtable.sty
Package: longtable 2021-09-01 v4.17 Multi-page Table package (DPC)
\LTleft=\skip54
\LTright=\skip55
\LTpre=\skip56
\LTpost=\skip57
\LTchunksize=\count295
\LTcapwidth=\dimen166
\LT@head=\box56
\LT@firsthead=\box57
\LT@foot=\box58
\LT@lastfoot=\box59
\LT@gbox=\box60
\LT@cols=\count296
\LT@rows=\count297
\c@LT@tables=\count298
\c@LT@chunks=\count299
\LT@p@ftn=\toks26
) (/Users/asferreira/Library/TinyTeX/texmf-dist/tex/latex/booktabs/booktabs.sty
Package: booktabs 2020/01/12 v1.61803398 Publication quality tables
\heavyrulewidth=\dimen167
\lightrulewidth=\dimen168
\cmidrulewidth=\dimen169
\belowrulesep=\dimen170
\belowbottomsep=\dimen171
\aboverulesep=\dimen172
\abovetopsep=\dimen173
\cmidrulesep=\dimen174
\cmidrulekern=\dimen175
\defaultaddspace=\dimen176
\@cmidla=\count300
\@cmidlb=\count301
\@aboverulesep=\dimen177
\@belowrulesep=\dimen178
\@thisruleclass=\count302
\@lastruleclass=\count303
\@thisrulewidth=\dimen179
) (/Users/asferreira/Library/TinyTeX/texmf-dist/tex/latex/tools/array.sty
Package: array 2022/09/04 v2.5g Tabular extension package (FMi)
\col@sep=\dimen180
\ar@mcellbox=\box61
\extrarowheight=\dimen181
\NC@list=\toks27
\extratabsurround=\skip58
\backup@length=\skip59
\ar@cellbox=\box62
) (/Users/asferreira/Library/TinyTeX/texmf-dist/tex/latex/tools/calc.sty
Package: calc 2017/05/25 v4.3 Infix arithmetic (KKT,FJ)
\calc@Acount=\count304
\calc@Bcount=\count305
\calc@Adimen=\dimen182
\calc@Bdimen=\dimen183
\calc@Askip=\skip60
\calc@Bskip=\skip61
LaTeX Info: Redefining \setlength on input line 80.
LaTeX Info: Redefining \addtolength on input line 81.
\calc@Ccount=\count306
\calc@Cskip=\skip62
) (/Users/asferreira/Library/TinyTeX/texmf-dist/tex/latex/footnotehyper/footnotehyper.sty
Package: footnotehyper 2021/08/13 v1.1e hyperref aware footnote.sty (JFB)
\FNH@notes=\box63
\FNH@width=\dimen184
\FNH@toks=\toks28
) (/Users/asferreira/Library/TinyTeX/texmf-dist/tex/latex/graphics/graphicx.sty
Package: graphicx 2021/09/16 v1.2d Enhanced LaTeX Graphics (DPC,SPQR)
(/Users/asferreira/Library/TinyTeX/texmf-dist/tex/latex/graphics/graphics.sty
Package: graphics 2022/03/10 v1.4e Standard LaTeX Graphics (DPC,SPQR)
(/Users/asferreira/Library/TinyTeX/texmf-dist/tex/latex/graphics/trig.sty
Package: trig 2021/08/11 v1.11 sin cos tan (DPC)
) (/Users/asferreira/Library/TinyTeX/texmf-dist/tex/latex/graphics-cfg/graphics.cfg
File: graphics.cfg 2016/06/04 v1.11 sample graphics configuration
)
Package graphics Info: Driver file: xetex.def on input line 107.
)
\Gin@req@height=\dimen185
\Gin@req@width=\dimen186
)
\cslhangindent=\skip63
\csllabelwidth=\skip64
\cslentryspacingunit=\skip65
(/Users/asferreira/Library/TinyTeX/texmf-dist/tex/latex/academicons/academicons.sty
Package: academicons 2021/11/26 v1.9.1 Academicons Icons
) (/Users/asferreira/Library/TinyTeX/texmf-dist/tex/generic/babel/babel.sty
Package: babel 2023/09/29 v3.95 The Babel package
\babel@savecnt=\count307
\U@D=\dimen187
\l@unhyphenated=\language4
(/Users/asferreira/Library/TinyTeX/texmf-dist/tex/generic/babel/xebabel.def)
\bbl@readstream=\read3
\bbl@dirlevel=\count308
(/Users/asferreira/Library/TinyTeX/texmf-dist/tex/generic/babel-portuges/portuguese.ldf
Language: portuges 2021/07/09 v1.2t Portuguese support from the babel system
Package babel Info: Making " an active character on input line 143.
)) (/Users/asferreira/Library/TinyTeX/texmf-dist/tex/generic/babel/locale/pt/babel-portuguese.tex
Package babel Info: Importing font and identification data for portuguese
(babel)             from babel-pt.ini. Reported on input line 11.
) (/Users/asferreira/Library/TinyTeX/texmf-dist/tex/latex/draftwatermark/draftwatermark.sty
Package: draftwatermark 2020/12/08 3.0 Put a gray textual watermark on document pages
) (/Users/asferreira/Library/TinyTeX/texmf-dist/tex/latex/fontawesome5/fontawesome5.sty
Package: fontawesome5 2022/05/02 v5.15.4 Font Awesome 5
(/Users/asferreira/Library/TinyTeX/texmf-dist/tex/latex/fontawesome5/fontawesome5-utex-helper.sty
Package: fontawesome5-utex-helper 2022/05/02 v5.15.4 uTeX helper for fontawesome5
LaTeX Font Info:    Trying to load font information for TU+fontawesomefree on input line 69.
(/Users/asferreira/Library/TinyTeX/texmf-dist/tex/latex/fontawesome5/tufontawesomefree.fd)
LaTeX Font Info:    Trying to load font information for TU+fontawesomebrands on input line 70.
(/Users/asferreira/Library/TinyTeX/texmf-dist/tex/latex/fontawesome5/tufontawesomebrands.fd))) (/Users/asferreira/Library/TinyTeX/texmf-dist/tex/latex/float/float.sty
Package: float 2001/11/08 v1.3d Float enhancements (AL)
\c@float@type=\count309
\float@exts=\toks29
\float@box=\box64
\@float@everytoks=\toks30
\@floatcapt=\box65
) (/Users/asferreira/Library/TinyTeX/texmf-dist/tex/latex/letltxmacro/letltxmacro.sty
Package: letltxmacro 2019/12/03 v1.6 Let assignment for LaTeX macros (HO)
) (/Users/asferreira/Library/TinyTeX/texmf-dist/tex/latex/url/url.sty
\Urlmuskip=\muskip18
Package: url 2013/09/16  ver 3.4  Verb mode for urls, etc.
) (/Users/asferreira/Library/TinyTeX/texmf-dist/tex/latex/pdfpages/pdfpages.sty
Package: pdfpages 2022/12/19 v0.5x Insert pages of external PDF documents (AM)
(/Users/asferreira/Library/TinyTeX/texmf-dist/tex/latex/base/ifthen.sty
Package: ifthen 2022/04/13 v1.1d Standard LaTeX ifthen package (DPC)
) (/Users/asferreira/Library/TinyTeX/texmf-dist/tex/latex/eso-pic/eso-pic.sty
Package: eso-pic 2023/05/03 v3.0c eso-pic (RN)
\ESO@tempdima=\dimen188
\ESO@tempdimb=\dimen189
)
\AM@pagewidth=\dimen190
\AM@pageheight=\dimen191
\AM@fboxrule=\dimen192
(/Users/asferreira/Library/TinyTeX/texmf-dist/tex/latex/pdfpages/ppxetex.def
File: ppxetex.def 2022/12/19 v0.5x Pdfpages driver for XeTeX (AM)
)
\pdfpages@includegraphics@status=\count310
\AM@pagebox=\box66
\AM@global@opts=\toks31
\AM@pagecnt=\count311
\AM@toc@title=\toks32
\AM@lof@heading=\toks33
\c@AM@survey=\count312
\AM@templatesizebox=\box67
) (/Users/asferreira/Library/TinyTeX/texmf-dist/tex/latex/svg/svg.sty
Package: svg 2020/11/26 v2.02k (include SVG pictures)
(/Users/asferreira/Library/TinyTeX/texmf-dist/tex/latex/koma-script/scrbase.sty
Package: scrbase 2023/07/07 v3.41 KOMA-Script package (KOMA-Script-independent basics and keyval usage)
(/Users/asferreira/Library/TinyTeX/texmf-dist/tex/latex/koma-script/scrlfile.sty
Package: scrlfile 2023/07/07 v3.41 KOMA-Script package (file load hooks)
(/Users/asferreira/Library/TinyTeX/texmf-dist/tex/latex/koma-script/scrlfile-hook.sty
Package: scrlfile-hook 2023/07/07 v3.41 KOMA-Script package (using LaTeX hooks)
(/Users/asferreira/Library/TinyTeX/texmf-dist/tex/latex/koma-script/scrlogo.sty
Package: scrlogo 2023/07/07 v3.41 KOMA-Script package (logo)
)))
Applying: [2021/05/01] Usage of raw or classic option list on input line 252.
Already applied: [0000/00/00] Usage of raw or classic option list on input line 368.
) (/Users/asferreira/Library/TinyTeX/texmf-dist/tex/generic/pdftexcmds/pdftexcmds.sty
Package: pdftexcmds 2020-06-27 v0.33 Utility functions of pdfTeX for LuaTeX (HO)
(/Users/asferreira/Library/TinyTeX/texmf-dist/tex/generic/infwarerr/infwarerr.sty
Package: infwarerr 2019/12/03 v1.5 Providing info/warning/error messages (HO)
)
Package pdftexcmds Info: \pdf@primitive is available.
Package pdftexcmds Info: \pdf@ifprimitive is available.
Package pdftexcmds Info: \pdfdraftmode not found.
) (/Users/asferreira/Library/TinyTeX/texmf-dist/tex/latex/trimspaces/trimspaces.sty
Package: trimspaces 2009/09/17 v1.1 Trim spaces around a token list
) (/Users/asferreira/Library/TinyTeX/texmf-dist/tex/latex/tools/shellesc.sty
Package: shellesc 2023/04/15 v1.0d unified shell escape interface for LaTeX
Package shellesc Info: Restricted shell escape enabled on input line 77.
)
\c@svg@param@lastpage=\count313
\svg@box=\box68
\c@svg@param@currpage=\count314
) (/Users/asferreira/Library/TinyTeX/texmf-dist/tex/latex/tcolorbox/tcolorbox.sty
Package: tcolorbox 2023/09/26 version 6.1.0 text color boxes
(/Users/asferreira/Library/TinyTeX/texmf-dist/tex/latex/pgf/basiclayer/pgf.sty (/Users/asferreira/Library/TinyTeX/texmf-dist/tex/latex/pgf/utilities/pgfrcs.sty (/Users/asferreira/Library/TinyTeX/texmf-dist/tex/generic/pgf/utilities/pgfutil-common.tex
\pgfutil@everybye=\toks34
\pgfutil@tempdima=\dimen193
\pgfutil@tempdimb=\dimen194
) (/Users/asferreira/Library/TinyTeX/texmf-dist/tex/generic/pgf/utilities/pgfutil-latex.def
\pgfutil@abb=\box69
) (/Users/asferreira/Library/TinyTeX/texmf-dist/tex/generic/pgf/utilities/pgfrcs.code.tex (/Users/asferreira/Library/TinyTeX/texmf-dist/tex/generic/pgf/pgf.revision.tex)
Package: pgfrcs 2023-01-15 v3.1.10 (3.1.10)
))
Package: pgf 2023-01-15 v3.1.10 (3.1.10)
(/Users/asferreira/Library/TinyTeX/texmf-dist/tex/latex/pgf/basiclayer/pgfcore.sty (/Users/asferreira/Library/TinyTeX/texmf-dist/tex/latex/pgf/systemlayer/pgfsys.sty (/Users/asferreira/Library/TinyTeX/texmf-dist/tex/generic/pgf/systemlayer/pgfsys.code.tex
Package: pgfsys 2023-01-15 v3.1.10 (3.1.10)
(/Users/asferreira/Library/TinyTeX/texmf-dist/tex/generic/pgf/utilities/pgfkeys.code.tex
\pgfkeys@pathtoks=\toks35
\pgfkeys@temptoks=\toks36
(/Users/asferreira/Library/TinyTeX/texmf-dist/tex/generic/pgf/utilities/pgfkeyslibraryfiltered.code.tex
\pgfkeys@tmptoks=\toks37
))
\pgf@x=\dimen195
\pgf@y=\dimen196
\pgf@xa=\dimen197
\pgf@ya=\dimen198
\pgf@xb=\dimen199
\pgf@yb=\dimen256
\pgf@xc=\dimen257
\pgf@yc=\dimen258
\pgf@xd=\dimen259
\pgf@yd=\dimen260
\w@pgf@writea=\write4
\r@pgf@reada=\read4
\c@pgf@counta=\count315
\c@pgf@countb=\count316
\c@pgf@countc=\count317
\c@pgf@countd=\count318
\t@pgf@toka=\toks38
\t@pgf@tokb=\toks39
\t@pgf@tokc=\toks40
\pgf@sys@id@count=\count319
(/Users/asferreira/Library/TinyTeX/texmf-dist/tex/generic/pgf/systemlayer/pgf.cfg
File: pgf.cfg 2023-01-15 v3.1.10 (3.1.10)
)
Driver file for pgf: pgfsys-xetex.def
(/Users/asferreira/Library/TinyTeX/texmf-dist/tex/generic/pgf/systemlayer/pgfsys-xetex.def
File: pgfsys-xetex.def 2023-01-15 v3.1.10 (3.1.10)
(/Users/asferreira/Library/TinyTeX/texmf-dist/tex/generic/pgf/systemlayer/pgfsys-dvipdfmx.def
File: pgfsys-dvipdfmx.def 2023-01-15 v3.1.10 (3.1.10)
(/Users/asferreira/Library/TinyTeX/texmf-dist/tex/generic/pgf/systemlayer/pgfsys-common-pdf.def
File: pgfsys-common-pdf.def 2023-01-15 v3.1.10 (3.1.10)
)
\pgfsys@objnum=\count320
))) (/Users/asferreira/Library/TinyTeX/texmf-dist/tex/generic/pgf/systemlayer/pgfsyssoftpath.code.tex
File: pgfsyssoftpath.code.tex 2023-01-15 v3.1.10 (3.1.10)
\pgfsyssoftpath@smallbuffer@items=\count321
\pgfsyssoftpath@bigbuffer@items=\count322
) (/Users/asferreira/Library/TinyTeX/texmf-dist/tex/generic/pgf/systemlayer/pgfsysprotocol.code.tex
File: pgfsysprotocol.code.tex 2023-01-15 v3.1.10 (3.1.10)
)) (/Users/asferreira/Library/TinyTeX/texmf-dist/tex/generic/pgf/basiclayer/pgfcore.code.tex
Package: pgfcore 2023-01-15 v3.1.10 (3.1.10)
(/Users/asferreira/Library/TinyTeX/texmf-dist/tex/generic/pgf/math/pgfmath.code.tex (/Users/asferreira/Library/TinyTeX/texmf-dist/tex/generic/pgf/math/pgfmathutil.code.tex) (/Users/asferreira/Library/TinyTeX/texmf-dist/tex/generic/pgf/math/pgfmathparser.code.tex
\pgfmath@dimen=\dimen261
\pgfmath@count=\count323
\pgfmath@box=\box70
\pgfmath@toks=\toks41
\pgfmath@stack@operand=\toks42
\pgfmath@stack@operation=\toks43
) (/Users/asferreira/Library/TinyTeX/texmf-dist/tex/generic/pgf/math/pgfmathfunctions.code.tex) (/Users/asferreira/Library/TinyTeX/texmf-dist/tex/generic/pgf/math/pgfmathfunctions.basic.code.tex) (/Users/asferreira/Library/TinyTeX/texmf-dist/tex/generic/pgf/math/pgfmathfunctions.trigonometric.code.tex) (/Users/asferreira/Library/TinyTeX/texmf-dist/tex/generic/pgf/math/pgfmathfunctions.random.code.tex) (/Users/asferreira/Library/TinyTeX/texmf-dist/tex/generic/pgf/math/pgfmathfunctions.comparison.code.tex) (/Users/asferreira/Library/TinyTeX/texmf-dist/tex/generic/pgf/math/pgfmathfunctions.base.code.tex) (/Users/asferreira/Library/TinyTeX/texmf-dist/tex/generic/pgf/math/pgfmathfunctions.round.code.tex) (/Users/asferreira/Library/TinyTeX/texmf-dist/tex/generic/pgf/math/pgfmathfunctions.misc.code.tex) (/Users/asferreira/Library/TinyTeX/texmf-dist/tex/generic/pgf/math/pgfmathfunctions.integerarithmetics.code.tex) (/Users/asferreira/Library/TinyTeX/texmf-dist/tex/generic/pgf/math/pgfmathcalc.code.tex) (/Users/asferreira/Library/TinyTeX/texmf-dist/tex/generic/pgf/math/pgfmathfloat.code.tex
\c@pgfmathroundto@lastzeros=\count324
)) (/Users/asferreira/Library/TinyTeX/texmf-dist/tex/generic/pgf/math/pgfint.code.tex) (/Users/asferreira/Library/TinyTeX/texmf-dist/tex/generic/pgf/basiclayer/pgfcorepoints.code.tex
File: pgfcorepoints.code.tex 2023-01-15 v3.1.10 (3.1.10)
\pgf@picminx=\dimen262
\pgf@picmaxx=\dimen263
\pgf@picminy=\dimen264
\pgf@picmaxy=\dimen265
\pgf@pathminx=\dimen266
\pgf@pathmaxx=\dimen267
\pgf@pathminy=\dimen268
\pgf@pathmaxy=\dimen269
\pgf@xx=\dimen270
\pgf@xy=\dimen271
\pgf@yx=\dimen272
\pgf@yy=\dimen273
\pgf@zx=\dimen274
\pgf@zy=\dimen275
) (/Users/asferreira/Library/TinyTeX/texmf-dist/tex/generic/pgf/basiclayer/pgfcorepathconstruct.code.tex
File: pgfcorepathconstruct.code.tex 2023-01-15 v3.1.10 (3.1.10)
\pgf@path@lastx=\dimen276
\pgf@path@lasty=\dimen277
) (/Users/asferreira/Library/TinyTeX/texmf-dist/tex/generic/pgf/basiclayer/pgfcorepathusage.code.tex
File: pgfcorepathusage.code.tex 2023-01-15 v3.1.10 (3.1.10)
\pgf@shorten@end@additional=\dimen278
\pgf@shorten@start@additional=\dimen279
) (/Users/asferreira/Library/TinyTeX/texmf-dist/tex/generic/pgf/basiclayer/pgfcorescopes.code.tex
File: pgfcorescopes.code.tex 2023-01-15 v3.1.10 (3.1.10)
\pgfpic=\box71
\pgf@hbox=\box72
\pgf@layerbox@main=\box73
\pgf@picture@serial@count=\count325
) (/Users/asferreira/Library/TinyTeX/texmf-dist/tex/generic/pgf/basiclayer/pgfcoregraphicstate.code.tex
File: pgfcoregraphicstate.code.tex 2023-01-15 v3.1.10 (3.1.10)
\pgflinewidth=\dimen280
) (/Users/asferreira/Library/TinyTeX/texmf-dist/tex/generic/pgf/basiclayer/pgfcoretransformations.code.tex
File: pgfcoretransformations.code.tex 2023-01-15 v3.1.10 (3.1.10)
\pgf@pt@x=\dimen281
\pgf@pt@y=\dimen282
\pgf@pt@temp=\dimen283
) (/Users/asferreira/Library/TinyTeX/texmf-dist/tex/generic/pgf/basiclayer/pgfcorequick.code.tex
File: pgfcorequick.code.tex 2023-01-15 v3.1.10 (3.1.10)
) (/Users/asferreira/Library/TinyTeX/texmf-dist/tex/generic/pgf/basiclayer/pgfcoreobjects.code.tex
File: pgfcoreobjects.code.tex 2023-01-15 v3.1.10 (3.1.10)
) (/Users/asferreira/Library/TinyTeX/texmf-dist/tex/generic/pgf/basiclayer/pgfcorepathprocessing.code.tex
File: pgfcorepathprocessing.code.tex 2023-01-15 v3.1.10 (3.1.10)
) (/Users/asferreira/Library/TinyTeX/texmf-dist/tex/generic/pgf/basiclayer/pgfcorearrows.code.tex
File: pgfcorearrows.code.tex 2023-01-15 v3.1.10 (3.1.10)
\pgfarrowsep=\dimen284
) (/Users/asferreira/Library/TinyTeX/texmf-dist/tex/generic/pgf/basiclayer/pgfcoreshade.code.tex
File: pgfcoreshade.code.tex 2023-01-15 v3.1.10 (3.1.10)
\pgf@max=\dimen285
\pgf@sys@shading@range@num=\count326
\pgf@shadingcount=\count327
) (/Users/asferreira/Library/TinyTeX/texmf-dist/tex/generic/pgf/basiclayer/pgfcoreimage.code.tex
File: pgfcoreimage.code.tex 2023-01-15 v3.1.10 (3.1.10)
) (/Users/asferreira/Library/TinyTeX/texmf-dist/tex/generic/pgf/basiclayer/pgfcoreexternal.code.tex
File: pgfcoreexternal.code.tex 2023-01-15 v3.1.10 (3.1.10)
\pgfexternal@startupbox=\box74
) (/Users/asferreira/Library/TinyTeX/texmf-dist/tex/generic/pgf/basiclayer/pgfcorelayers.code.tex
File: pgfcorelayers.code.tex 2023-01-15 v3.1.10 (3.1.10)
) (/Users/asferreira/Library/TinyTeX/texmf-dist/tex/generic/pgf/basiclayer/pgfcoretransparency.code.tex
File: pgfcoretransparency.code.tex 2023-01-15 v3.1.10 (3.1.10)
) (/Users/asferreira/Library/TinyTeX/texmf-dist/tex/generic/pgf/basiclayer/pgfcorepatterns.code.tex
File: pgfcorepatterns.code.tex 2023-01-15 v3.1.10 (3.1.10)
) (/Users/asferreira/Library/TinyTeX/texmf-dist/tex/generic/pgf/basiclayer/pgfcorerdf.code.tex
File: pgfcorerdf.code.tex 2023-01-15 v3.1.10 (3.1.10)
))) (/Users/asferreira/Library/TinyTeX/texmf-dist/tex/generic/pgf/modules/pgfmoduleshapes.code.tex
File: pgfmoduleshapes.code.tex 2023-01-15 v3.1.10 (3.1.10)
\pgfnodeparttextbox=\box75
) (/Users/asferreira/Library/TinyTeX/texmf-dist/tex/generic/pgf/modules/pgfmoduleplot.code.tex
File: pgfmoduleplot.code.tex 2023-01-15 v3.1.10 (3.1.10)
) (/Users/asferreira/Library/TinyTeX/texmf-dist/tex/latex/pgf/compatibility/pgfcomp-version-0-65.sty
Package: pgfcomp-version-0-65 2023-01-15 v3.1.10 (3.1.10)
\pgf@nodesepstart=\dimen286
\pgf@nodesepend=\dimen287
) (/Users/asferreira/Library/TinyTeX/texmf-dist/tex/latex/pgf/compatibility/pgfcomp-version-1-18.sty
Package: pgfcomp-version-1-18 2023-01-15 v3.1.10 (3.1.10)
)) (/Users/asferreira/Library/TinyTeX/texmf-dist/tex/latex/tools/verbatim.sty
Package: verbatim 2022-07-02 v1.5u LaTeX2e package for verbatim enhancements
\every@verbatim=\toks44
\verbatim@line=\toks45
\verbatim@in@stream=\read5
) (/Users/asferreira/Library/TinyTeX/texmf-dist/tex/latex/environ/environ.sty
Package: environ 2014/05/04 v0.3 A new way to define environments
)
\tcb@titlebox=\box76
\tcb@upperbox=\box77
\tcb@lowerbox=\box78
\tcb@phantombox=\box79
\c@tcbbreakpart=\count328
\c@tcblayer=\count329
\c@tcolorbox@number=\count330
\tcb@temp=\box80
\tcb@temp=\box81
\tcb@temp=\box82
\tcb@temp=\box83
) (/Users/asferreira/Library/TinyTeX/texmf-dist/tex/latex/titlesec/titlesec.sty
Package: titlesec 2021/07/05 v2.14 Sectioning titles
\ttl@box=\box84
\beforetitleunit=\skip66
\aftertitleunit=\skip67
\ttl@plus=\dimen288
\ttl@minus=\dimen289
\ttl@toksa=\toks46
\titlewidth=\dimen290
\titlewidthlast=\dimen291
\titlewidthfirst=\dimen292
) (/Users/asferreira/Library/TinyTeX/texmf-dist/tex/latex/tocbibind/tocbibind.sty
Package: tocbibind 2010/10/13 v1.5k extra ToC listings
Package tocbibind Info: The document has chapter divisions on input line 50.

Package tocbibind Note: Using chapter style headings, unless overridden.

) (/Users/asferreira/Library/TinyTeX/texmf-dist/tex/latex/tocloft/tocloft.sty
Package: tocloft 2017/08/31 v2.3i parameterised ToC, etc., typesetting
Package tocloft Info: The document has chapter divisions on input line 51.
\cftparskip=\skip68
\cftbeforetoctitleskip=\skip69
\cftaftertoctitleskip=\skip70
\cftbeforepartskip=\skip71
\cftpartnumwidth=\skip72
\cftpartindent=\skip73
\cftbeforechapskip=\skip74
\cftchapindent=\skip75
\cftchapnumwidth=\skip76
\cftbeforesecskip=\skip77
\cftsecindent=\skip78
\cftsecnumwidth=\skip79
\cftbeforesubsecskip=\skip80
\cftsubsecindent=\skip81
\cftsubsecnumwidth=\skip82
\cftbeforesubsubsecskip=\skip83
\cftsubsubsecindent=\skip84
\cftsubsubsecnumwidth=\skip85
\cftbeforeparaskip=\skip86
\cftparaindent=\skip87
\cftparanumwidth=\skip88
\cftbeforesubparaskip=\skip89
\cftsubparaindent=\skip90
\cftsubparanumwidth=\skip91
\cftbeforeloftitleskip=\skip92
\cftafterloftitleskip=\skip93
\cftbeforefigskip=\skip94
\cftfigindent=\skip95
\cftfignumwidth=\skip96
\c@lofdepth=\count331
\c@lotdepth=\count332
\cftbeforelottitleskip=\skip97
\cftafterlottitleskip=\skip98
\cftbeforetabskip=\skip99
\cfttabindent=\skip100
\cfttabnumwidth=\skip101

Package tocloft Warning: \@starttoc has already been redefined; tocloft bailing out. on input line 1156.

) (/Users/asferreira/Library/TinyTeX/texmf-dist/tex/latex/hyperref/hyperref.sty
Package: hyperref 2023-07-08 v7.01b Hypertext links for LaTeX
(/Users/asferreira/Library/TinyTeX/texmf-dist/tex/generic/kvdefinekeys/kvdefinekeys.sty
Package: kvdefinekeys 2019-12-19 v1.6 Define keys (HO)
) (/Users/asferreira/Library/TinyTeX/texmf-dist/tex/generic/pdfescape/pdfescape.sty
Package: pdfescape 2019/12/09 v1.15 Implements pdfTeX's escape features (HO)
) (/Users/asferreira/Library/TinyTeX/texmf-dist/tex/latex/hycolor/hycolor.sty
Package: hycolor 2020-01-27 v1.10 Color options for hyperref/bookmark (HO)
) (/Users/asferreira/Library/TinyTeX/texmf-dist/tex/latex/auxhook/auxhook.sty
Package: auxhook 2019-12-17 v1.6 Hooks for auxiliary files (HO)
) (/Users/asferreira/Library/TinyTeX/texmf-dist/tex/latex/hyperref/nameref.sty
Package: nameref 2023-08-07 v2.53 Cross-referencing by name of section
(/Users/asferreira/Library/TinyTeX/texmf-dist/tex/latex/refcount/refcount.sty
Package: refcount 2019/12/15 v3.6 Data extraction from label references (HO)
) (/Users/asferreira/Library/TinyTeX/texmf-dist/tex/generic/gettitlestring/gettitlestring.sty
Package: gettitlestring 2019/12/15 v1.6 Cleanup title references (HO)
)
\c@section@level=\count333
)
\@linkdim=\dimen293
\Hy@linkcounter=\count334
\Hy@pagecounter=\count335
(/Users/asferreira/Library/TinyTeX/texmf-dist/tex/latex/hyperref/pd1enc.def
File: pd1enc.def 2023-07-08 v7.01b Hyperref: PDFDocEncoding definition (HO)
) (/Users/asferreira/Library/TinyTeX/texmf-dist/tex/generic/intcalc/intcalc.sty
Package: intcalc 2019/12/15 v1.3 Expandable calculations with integers (HO)
)
\Hy@SavedSpaceFactor=\count336
(/Users/asferreira/Library/TinyTeX/texmf-dist/tex/latex/hyperref/puenc.def
File: puenc.def 2023-07-08 v7.01b Hyperref: PDF Unicode definition (HO)
)
Package hyperref Info: Option `unicode' set `true' on input line 4050.
Package hyperref Info: Hyper figures OFF on input line 4167.
Package hyperref Info: Link nesting OFF on input line 4172.
Package hyperref Info: Hyper index ON on input line 4175.
Package hyperref Info: Plain pages OFF on input line 4182.
Package hyperref Info: Backreferencing OFF on input line 4187.
Package hyperref Info: Implicit mode ON; LaTeX internals redefined.
Package hyperref Info: Bookmarks ON on input line 4434.
\c@Hy@tempcnt=\count337
LaTeX Info: Redefining \url on input line 4772.
\XeTeXLinkMargin=\dimen294
(/Users/asferreira/Library/TinyTeX/texmf-dist/tex/generic/bitset/bitset.sty
Package: bitset 2019/12/09 v1.3 Handle bit-vector datatype (HO)
(/Users/asferreira/Library/TinyTeX/texmf-dist/tex/generic/bigintcalc/bigintcalc.sty
Package: bigintcalc 2019/12/15 v1.5 Expandable calculations on big integers (HO)
))
\Fld@menulength=\count338
\Field@Width=\dimen295
\Fld@charsize=\dimen296
Package hyperref Info: Hyper figures OFF on input line 6051.
Package hyperref Info: Link nesting OFF on input line 6056.
Package hyperref Info: Hyper index ON on input line 6059.
Package hyperref Info: backreferencing OFF on input line 6066.
Package hyperref Info: Link coloring OFF on input line 6071.
Package hyperref Info: Link coloring with OCG OFF on input line 6076.
Package hyperref Info: PDF/A mode OFF on input line 6081.
(/Users/asferreira/Library/TinyTeX/texmf-dist/tex/latex/base/atbegshi-ltx.sty
Package: atbegshi-ltx 2021/01/10 v1.0c Emulation of the original atbegshi
package with kernel methods
)
\Hy@abspage=\count339
\c@Item=\count340
\c@Hfootnote=\count341
)
Package hyperref Info: Driver (autodetected): hxetex.
(/Users/asferreira/Library/TinyTeX/texmf-dist/tex/latex/hyperref/hxetex.def
File: hxetex.def 2023-07-08 v7.01b Hyperref driver for XeTeX
(/Users/asferreira/Library/TinyTeX/texmf-dist/tex/generic/stringenc/stringenc.sty
Package: stringenc 2019/11/29 v1.12 Convert strings between diff. encodings (HO)
)
\pdfm@box=\box85
\c@Hy@AnnotLevel=\count342
\HyField@AnnotCount=\count343
\Fld@listcount=\count344
\c@bookmark@seq@number=\count345
(/Users/asferreira/Library/TinyTeX/texmf-dist/tex/latex/rerunfilecheck/rerunfilecheck.sty
Package: rerunfilecheck 2022-07-10 v1.10 Rerun checks for auxiliary files (HO)
(/Users/asferreira/Library/TinyTeX/texmf-dist/tex/latex/base/atveryend-ltx.sty
Package: atveryend-ltx 2020/08/19 v1.0a Emulation of the original atveryend package
with kernel methods
) (/Users/asferreira/Library/TinyTeX/texmf-dist/tex/generic/uniquecounter/uniquecounter.sty
Package: uniquecounter 2019/12/15 v1.4 Provide unlimited unique counter (HO)
)
Package uniquecounter Info: New unique counter `rerunfilecheck' on input line 285.
)
\Hy@SectionHShift=\skip102
) (/Users/asferreira/Library/TinyTeX/texmf-dist/tex/latex/multirow/multirow.sty
Package: multirow 2021/03/15 v2.8 Span multiple rows of a table
\multirow@colwidth=\skip103
\multirow@cntb=\count346
\multirow@dima=\skip104
\bigstrutjot=\dimen297
) (/Users/asferreira/Library/TinyTeX/texmf-dist/tex/latex/wrapfig/wrapfig.sty
\wrapoverhang=\dimen298
\WF@size=\dimen299
\c@WF@wrappedlines=\count347
\WF@box=\box86
\WF@everypar=\toks47
Package: wrapfig 2003/01/31  v 3.6
) (/Users/asferreira/Library/TinyTeX/texmf-dist/tex/latex/colortbl/colortbl.sty
Package: colortbl 2022/06/20 v1.0f Color table columns (DPC)
\everycr=\toks48
\minrowclearance=\skip105
\rownum=\count348
) (/Users/asferreira/Library/TinyTeX/texmf-dist/tex/latex/pdflscape/pdflscape.sty
Package: pdflscape 2022-10-27 v0.13 Display of landscape pages in PDF
(/Users/asferreira/Library/TinyTeX/texmf-dist/tex/latex/pdflscape/pdflscape-nometadata.sty
Package: pdflscape-nometadata 2022-10-28 v0.13 Display of landscape pages in PDF (HO)
(/Users/asferreira/Library/TinyTeX/texmf-dist/tex/latex/graphics/lscape.sty
Package: lscape 2020/05/28 v3.02 Landscape Pages (DPC)
)
Package pdflscape Info: Auto-detected driver: dvipdfm (xetex) on input line 98.
)) (/Users/asferreira/Library/TinyTeX/texmf-dist/tex/latex/tabu/tabu.sty
Package: tabu 2019/01/11 v2.9 - flexible LaTeX tabulars (FC+tabu-fixed)
(/Users/asferreira/Library/TinyTeX/texmf-dist/tex/latex/varwidth/varwidth.sty
Package: varwidth 2009/03/30 ver 0.92;  Variable-width minipages
\@vwid@box=\box87
\sift@deathcycles=\count349
\@vwid@loff=\dimen300
\@vwid@roff=\dimen301
)
\c@taburow=\count350
\tabu@nbcols=\count351
\tabu@cnt=\count352
\tabu@Xcol=\count353
\tabu@alloc=\count354
\tabu@nested=\count355
\tabu@target=\dimen302
\tabu@spreadtarget=\dimen303
\tabu@naturalX=\dimen304
\tabucolX=\dimen305
\tabu@Xsum=\dimen306
\extrarowdepth=\dimen307
\abovetabulinesep=\dimen308
\belowtabulinesep=\dimen309
\tabustrutrule=\dimen310
\tabu@thebody=\toks49
\tabu@footnotes=\toks50
\tabu@box=\box88
\tabu@arstrutbox=\box89
\tabu@hleads=\box90
\tabu@vleads=\box91
\tabu@cellskip=\skip106
) (/Users/asferreira/Library/TinyTeX/texmf-dist/tex/latex/threeparttable/threeparttable.sty
Package: threeparttable 2003/06/13  v 3.0
\@tempboxb=\box92
) (/Users/asferreira/Library/TinyTeX/texmf-dist/tex/latex/threeparttablex/threeparttablex.sty
Package: threeparttablex 2013/07/23 v0.3 by daleif
\TPTL@width=\skip107
) (/Users/asferreira/Library/TinyTeX/texmf-dist/tex/generic/ulem/ulem.sty
\UL@box=\box93
\UL@hyphenbox=\box94
\UL@skip=\skip108
\UL@hook=\toks51
\UL@height=\dimen311
\UL@pe=\count356
\UL@pixel=\dimen312
\ULC@box=\box95
Package: ulem 2019/11/18
\ULdepth=\dimen313
) (/Users/asferreira/Library/TinyTeX/texmf-dist/tex/latex/makecell/makecell.sty
Package: makecell 2009/08/03 V0.1e Managing of Tab Column Heads and Cells
\rotheadsize=\dimen314
\c@nlinenum=\count357
\TeXr@lab=\toks52
) (/Users/asferreira/Library/TinyTeX/texmf-dist/tex/latex/caption/caption.sty
Package: caption 2023/08/05 v3.6o Customizing captions (AR)
(/Users/asferreira/Library/TinyTeX/texmf-dist/tex/latex/caption/caption3.sty
Package: caption3 2023/07/31 v2.4d caption3 kernel (AR)
\caption@tempdima=\dimen315
\captionmargin=\dimen316
\caption@leftmargin=\dimen317
\caption@rightmargin=\dimen318
\caption@width=\dimen319
\caption@indent=\dimen320
\caption@parindent=\dimen321
\caption@hangindent=\dimen322
Package caption Info: Standard document class detected.
)
\c@caption@flags=\count358
\c@continuedfloat=\count359
Package caption Info: float package is loaded.
Package caption Info: hyperref package is loaded.
Package caption Info: longtable package is loaded.
(/Users/asferreira/Library/TinyTeX/texmf-dist/tex/latex/caption/ltcaption.sty
Package: ltcaption 2021/01/08 v1.4c longtable captions (AR)
)
Package caption Info: threeparttable package is loaded.
Package caption Info: wrapfig package is loaded.
) (/Users/asferreira/Library/TinyTeX/texmf-dist/tex/latex/siunitx/siunitx.sty
Package: siunitx 2023-10-07 v3.3.7 A comprehensive (SI) units package
\l__siunitx_number_uncert_offset_int=\count360
\l__siunitx_number_exponent_fixed_int=\count361
\l__siunitx_number_min_decimal_int=\count362
\l__siunitx_number_min_integer_int=\count363
\l__siunitx_number_round_precision_int=\count364
\l__siunitx_number_lower_threshold_int=\count365
\l__siunitx_number_upper_threshold_int=\count366
\l__siunitx_number_group_first_int=\count367
\l__siunitx_number_group_size_int=\count368
\l__siunitx_number_group_minimum_int=\count369
\l__siunitx_angle_tmp_dim=\dimen323
\l__siunitx_angle_marker_box=\box96
\l__siunitx_angle_unit_box=\box97
\l__siunitx_compound_count_int=\count370
\l__siunitx_table_tmp_box=\box98
\l__siunitx_table_tmp_dim=\dimen324
\l__siunitx_table_column_width_dim=\dimen325
\l__siunitx_table_integer_box=\box99
\l__siunitx_table_decimal_box=\box100
\l__siunitx_table_uncert_box=\box101
\l__siunitx_table_before_box=\box102
\l__siunitx_table_after_box=\box103
\l__siunitx_table_before_dim=\dimen326
\l__siunitx_table_carry_dim=\dimen327
\l__siunitx_unit_tmp_int=\count371
\l__siunitx_unit_position_int=\count372
\l__siunitx_unit_total_int=\count373
) (/Users/asferreira/Library/TinyTeX/texmf-dist/tex/latex/tools/hhline.sty
Package: hhline 2020/01/04 v2.04 Table rule package (DPC)
) (/Users/asferreira/Library/TinyTeX/texmf-dist/tex/latex/tools/tabularx.sty
Package: tabularx 2020/01/15 v2.11c `tabularx' package (DPC)
\TX@col@width=\dimen328
\TX@old@table=\dimen329
\TX@old@col=\dimen330
\TX@target=\dimen331
\TX@delta=\dimen332
\TX@cols=\count374
\TX@ftn=\toks53
) (/Users/asferreira/Library/TinyTeX/texmf-dist/tex/latex/adjustbox/adjustbox.sty
Package: adjustbox 2022/10/17 v1.3a Adjusting TeX boxes (trim, clip, ...)
(/Users/asferreira/Library/TinyTeX/texmf-dist/tex/latex/xkeyval/xkeyval.sty
Package: xkeyval 2022/06/16 v2.9 package option processing (HA)
(/Users/asferreira/Library/TinyTeX/texmf-dist/tex/generic/xkeyval/xkeyval.tex (/Users/asferreira/Library/TinyTeX/texmf-dist/tex/generic/xkeyval/xkvutils.tex
\XKV@toks=\toks54
\XKV@tempa@toks=\toks55
)
\XKV@depth=\count375
File: xkeyval.tex 2014/12/03 v2.7a key=value parser (HA)
)) (/Users/asferreira/Library/TinyTeX/texmf-dist/tex/latex/adjustbox/adjcalc.sty
Package: adjcalc 2012/05/16 v1.1 Provides advanced setlength with multiple back-ends (calc, etex, pgfmath)
) (/Users/asferreira/Library/TinyTeX/texmf-dist/tex/latex/adjustbox/trimclip.sty
Package: trimclip 2020/08/19 v1.2 Trim and clip general TeX material
(/Users/asferreira/Library/TinyTeX/texmf-dist/tex/latex/collectbox/collectbox.sty
Package: collectbox 2022/10/17 v0.4c Collect macro arguments as boxes
\collectedbox=\box104
)
\tc@llx=\dimen333
\tc@lly=\dimen334
\tc@urx=\dimen335
\tc@ury=\dimen336
Package trimclip Info: Using driver 'tc-xetex.def'.
(/Users/asferreira/Library/TinyTeX/texmf-dist/tex/latex/adjustbox/tc-xetex.def
File: tc-xetex.def 2019/01/04 v2.2 Clipping driver for xetex
))
\adjbox@Width=\dimen337
\adjbox@Height=\dimen338
\adjbox@Depth=\dimen339
\adjbox@Totalheight=\dimen340
\adjbox@pwidth=\dimen341
\adjbox@pheight=\dimen342
\adjbox@pdepth=\dimen343
\adjbox@ptotalheight=\dimen344
) (/Users/asferreira/Library/TinyTeX/texmf-dist/tex/latex/bookmark/bookmark.sty
Package: bookmark 2020-11-06 v1.29 PDF bookmarks (HO)
(/Users/asferreira/Library/TinyTeX/texmf-dist/tex/latex/bookmark/bkm-dvipdfm.def
File: bkm-dvipdfm.def 2020-11-06 v1.29 bookmark driver for dvipdfm (HO)
\BKM@id=\count376
)) (/Users/asferreira/Library/TinyTeX/texmf-dist/tex/latex/xurl/xurl.sty
Package: xurl 2022/01/09 v 0.10 modify URL breaks
) (./Ciencia-com-R.aux

LaTeX Warning: Label `interacao' multiply defined.

)
\openout1 = `Ciencia-com-R.aux'.

LaTeX Font Info:    Checking defaults for OML/cmm/m/it on input line 246.
LaTeX Font Info:    ... okay on input line 246.
LaTeX Font Info:    Checking defaults for OMS/cmsy/m/n on input line 246.
LaTeX Font Info:    ... okay on input line 246.
LaTeX Font Info:    Checking defaults for OT1/cmr/m/n on input line 246.
LaTeX Font Info:    ... okay on input line 246.
LaTeX Font Info:    Checking defaults for T1/cmr/m/n on input line 246.
LaTeX Font Info:    ... okay on input line 246.
LaTeX Font Info:    Checking defaults for TS1/cmr/m/n on input line 246.
LaTeX Font Info:    ... okay on input line 246.
LaTeX Font Info:    Checking defaults for TU/lmr/m/n on input line 246.
LaTeX Font Info:    ... okay on input line 246.
LaTeX Font Info:    Checking defaults for OMX/cmex/m/n on input line 246.
LaTeX Font Info:    ... okay on input line 246.
LaTeX Font Info:    Checking defaults for U/cmr/m/n on input line 246.
LaTeX Font Info:    ... okay on input line 246.
LaTeX Font Info:    Checking defaults for PD1/pdf/m/n on input line 246.
LaTeX Font Info:    ... okay on input line 246.
LaTeX Font Info:    Checking defaults for PU/pdf/m/n on input line 246.
LaTeX Font Info:    ... okay on input line 246.
LaTeX Font Info:    Overwriting math alphabet `\mathrm' in version `normal'
(Font)                  OT1/lmr/m/n --> TU/lmr/m/n on input line 246.
LaTeX Font Info:    Overwriting math alphabet `\mathit' in version `normal'
(Font)                  OT1/lmr/m/it --> TU/lmr/m/it on input line 246.
LaTeX Font Info:    Overwriting math alphabet `\mathbf' in version `normal'
(Font)                  OT1/lmr/bx/n --> TU/lmr/bx/n on input line 246.
LaTeX Font Info:    Overwriting math alphabet `\mathsf' in version `normal'
(Font)                  OT1/lmss/m/n --> TU/lmss/m/n on input line 246.
LaTeX Font Info:    Overwriting math alphabet `\mathsf' in version `bold'
(Font)                  OT1/lmss/bx/n --> TU/lmss/bx/n on input line 246.
LaTeX Font Info:    Overwriting math alphabet `\mathtt' in version `normal'
(Font)                  OT1/lmtt/m/n --> TU/lmtt/m/n on input line 246.
LaTeX Font Info:    Overwriting math alphabet `\mathtt' in version `bold'
(Font)                  OT1/lmtt/m/n --> TU/lmtt/bx/n on input line 246.

Package fontspec Info: latinmodern-math scale = 0.9999964596882403.


Package fontspec Info: latinmodern-math scale = 0.9999964596882403.


Package fontspec Info: latinmodern-math scale = 0.9999964596882403.


Package fontspec Info: Font family 'latinmodern-math.otf(0)' created for font
(fontspec)             'latinmodern-math.otf' with options
(fontspec)             [Scale=MatchLowercase,BoldItalicFont={},ItalicFont={},SmallCapsFont={},Script=Math,BoldFont={latinmodern-math.otf}].
(fontspec)              
(fontspec)              This font family consists of the following NFSS
(fontspec)             series/shapes:
(fontspec)              
(fontspec)             - 'normal' (m/n) with NFSS spec.:
(fontspec)             <->s*[0.9999964596882403]"[latinmodern-math.otf]/OT:script=math;language=dflt;"
(fontspec)             - 'small caps'  (m/sc) with NFSS spec.: 
(fontspec)             - 'bold' (b/n) with NFSS spec.:
(fontspec)             <->s*[0.9999964596882403]"[latinmodern-math.otf]/OT:script=math;language=dflt;"
(fontspec)             - 'bold small caps'  (b/sc) with NFSS spec.: 

LaTeX Font Info:    Font shape `TU/latinmodern-math.otf(0)/m/n' will be
(Font)              scaled to size 10.0pt on input line 246.

Package fontspec Info: latinmodern-math scale = 0.9999964596882403.


Package fontspec Info: latinmodern-math scale = 0.9999964596882403.


Package fontspec Info: latinmodern-math scale = 0.9999964596882403.


Package fontspec Info: latinmodern-math scale = 0.9999964596882403.


Package fontspec Info: latinmodern-math scale = 0.9999964596882403.


Package fontspec Info: Font family 'latinmodern-math.otf(1)' created for font
(fontspec)             'latinmodern-math.otf' with options
(fontspec)             [Scale=MatchLowercase,BoldItalicFont={},ItalicFont={},SmallCapsFont={},Script=Math,SizeFeatures={{Size=8.5-},{Size=6-8.5,Font=latinmodern-math.otf,Style=MathScript},{Size=-6,Font=latinmodern-math.otf,Style=MathScriptScript}},BoldFont={latinmodern-math.otf}].
(fontspec)              
(fontspec)              This font family consists of the following NFSS
(fontspec)             series/shapes:
(fontspec)              
(fontspec)             - 'normal' (m/n) with NFSS spec.:
(fontspec)             <8.5->s*[0.9999964596882403]"[latinmodern-math.otf]/OT:script=math;language=dflt;"<6-8.5>s*[0.9999964596882403]"[latinmodern-math.otf]/OT:script=math;language=dflt;+ssty=0;"<-6>s*[0.9999964596882403]"[latinmodern-math.otf]/OT:script=math;language=dflt;+ssty=1;"
(fontspec)             - 'small caps'  (m/sc) with NFSS spec.: 
(fontspec)             - 'bold' (b/n) with NFSS spec.:
(fontspec)             <->s*[0.9999964596882403]"[latinmodern-math.otf]/OT:script=math;language=dflt;"
(fontspec)             - 'bold small caps'  (b/sc) with NFSS spec.: 

LaTeX Font Info:    Font shape `TU/latinmodern-math.otf(1)/m/n' will be
(Font)              scaled to size 10.0pt on input line 246.
LaTeX Font Info:    Encoding `OT1' has changed to `TU' for symbol font
(Font)              `operators' in the math version `normal' on input line 246.
LaTeX Font Info:    Overwriting symbol font `operators' in version `normal'
(Font)                  OT1/lmr/m/n --> TU/latinmodern-math.otf(1)/m/n on input line 246.
LaTeX Font Info:    Encoding `OT1' has changed to `TU' for symbol font
(Font)              `operators' in the math version `bold' on input line 246.
LaTeX Font Info:    Overwriting symbol font `operators' in version `bold'
(Font)                  OT1/lmr/bx/n --> TU/latinmodern-math.otf(1)/b/n on input line 246.

Package fontspec Info: latinmodern-math scale = 0.9999964596882403.


Package fontspec Info: latinmodern-math scale = 1.000096459334209.


Package fontspec Info: latinmodern-math scale = 0.9999964596882403.


Package fontspec Info: latinmodern-math scale = 1.000096459334209.


Package fontspec Info: latinmodern-math scale = 0.9999964596882403.


Package fontspec Info: latinmodern-math scale = 1.000096459334209.


Package fontspec Info: latinmodern-math scale = 0.9999964596882403.


Package fontspec Info: latinmodern-math scale = 1.000096459334209.


Package fontspec Info: latinmodern-math scale = 0.9999964596882403.


Package fontspec Info: latinmodern-math scale = 1.000096459334209.


Package fontspec Info: Font family 'latinmodern-math.otf(2)' created for font
(fontspec)             'latinmodern-math.otf' with options
(fontspec)             [Scale=MatchLowercase,BoldItalicFont={},ItalicFont={},SmallCapsFont={},Script=Math,SizeFeatures={{Size=8.5-},{Size=6-8.5,Font=latinmodern-math.otf,Style=MathScript},{Size=-6,Font=latinmodern-math.otf,Style=MathScriptScript}},BoldFont={latinmodern-math.otf},ScaleAgain=1.0001,FontAdjustment={\fontdimen
(fontspec)             8\font =6.77pt\relax \fontdimen 9\font =3.94pt\relax
(fontspec)             \fontdimen 10\font =4.44pt\relax \fontdimen 11\font
(fontspec)             =6.86pt\relax \fontdimen 12\font =3.45pt\relax
(fontspec)             \fontdimen 13\font =3.63pt\relax \fontdimen 14\font
(fontspec)             =3.63pt\relax \fontdimen 15\font =2.89pt\relax
(fontspec)             \fontdimen 16\font =2.47pt\relax \fontdimen 17\font
(fontspec)             =2.47pt\relax \fontdimen 18\font =2.5pt\relax
(fontspec)             \fontdimen 19\font =2.0pt\relax \fontdimen 22\font
(fontspec)             =2.5pt\relax \fontdimen 20\font =0pt\relax \fontdimen
(fontspec)             21\font =0pt\relax }].
(fontspec)              
(fontspec)              This font family consists of the following NFSS
(fontspec)             series/shapes:
(fontspec)              
(fontspec)             - 'normal' (m/n) with NFSS spec.:
(fontspec)             <8.5->s*[1.000096459334209]"[latinmodern-math.otf]/OT:script=math;language=dflt;"<6-8.5>s*[1.000096459334209]"[latinmodern-math.otf]/OT:script=math;language=dflt;+ssty=0;"<-6>s*[1.000096459334209]"[latinmodern-math.otf]/OT:script=math;language=dflt;+ssty=1;"
(fontspec)             - 'small caps'  (m/sc) with NFSS spec.: 
(fontspec)             and font adjustment code:
(fontspec)             \fontdimen 8\font =6.77pt\relax \fontdimen 9\font
(fontspec)             =3.94pt\relax \fontdimen 10\font =4.44pt\relax
(fontspec)             \fontdimen 11\font =6.86pt\relax \fontdimen 12\font
(fontspec)             =3.45pt\relax \fontdimen 13\font =3.63pt\relax
(fontspec)             \fontdimen 14\font =3.63pt\relax \fontdimen 15\font
(fontspec)             =2.89pt\relax \fontdimen 16\font =2.47pt\relax
(fontspec)             \fontdimen 17\font =2.47pt\relax \fontdimen 18\font
(fontspec)             =2.5pt\relax \fontdimen 19\font =2.0pt\relax \fontdimen
(fontspec)             22\font =2.5pt\relax \fontdimen 20\font =0pt\relax
(fontspec)             \fontdimen 21\font =0pt\relax 
(fontspec)             - 'bold' (b/n) with NFSS spec.:
(fontspec)             <->s*[1.000096459334209]"[latinmodern-math.otf]/OT:script=math;language=dflt;"
(fontspec)             - 'bold small caps'  (b/sc) with NFSS spec.: 
(fontspec)             and font adjustment code:
(fontspec)             \fontdimen 8\font =6.77pt\relax \fontdimen 9\font
(fontspec)             =3.94pt\relax \fontdimen 10\font =4.44pt\relax
(fontspec)             \fontdimen 11\font =6.86pt\relax \fontdimen 12\font
(fontspec)             =3.45pt\relax \fontdimen 13\font =3.63pt\relax
(fontspec)             \fontdimen 14\font =3.63pt\relax \fontdimen 15\font
(fontspec)             =2.89pt\relax \fontdimen 16\font =2.47pt\relax
(fontspec)             \fontdimen 17\font =2.47pt\relax \fontdimen 18\font
(fontspec)             =2.5pt\relax \fontdimen 19\font =2.0pt\relax \fontdimen
(fontspec)             22\font =2.5pt\relax \fontdimen 20\font =0pt\relax
(fontspec)             \fontdimen 21\font =0pt\relax 

LaTeX Font Info:    Encoding `OMS' has changed to `TU' for symbol font
(Font)              `symbols' in the math version `normal' on input line 246.
LaTeX Font Info:    Overwriting symbol font `symbols' in version `normal'
(Font)                  OMS/lmsy/m/n --> TU/latinmodern-math.otf(2)/m/n on input line 246.
LaTeX Font Info:    Encoding `OMS' has changed to `TU' for symbol font
(Font)              `symbols' in the math version `bold' on input line 246.
LaTeX Font Info:    Overwriting symbol font `symbols' in version `bold'
(Font)                  OMS/lmsy/b/n --> TU/latinmodern-math.otf(2)/b/n on input line 246.

Package fontspec Info: latinmodern-math scale = 0.9999964596882403.


Package fontspec Info: latinmodern-math scale = 0.9998964600422715.


Package fontspec Info: latinmodern-math scale = 0.9999964596882403.


Package fontspec Info: latinmodern-math scale = 0.9998964600422715.


Package fontspec Info: latinmodern-math scale = 0.9999964596882403.


Package fontspec Info: latinmodern-math scale = 0.9998964600422715.


Package fontspec Info: latinmodern-math scale = 0.9999964596882403.


Package fontspec Info: latinmodern-math scale = 0.9998964600422715.


Package fontspec Info: latinmodern-math scale = 0.9999964596882403.


Package fontspec Info: latinmodern-math scale = 0.9998964600422715.


Package fontspec Info: Font family 'latinmodern-math.otf(3)' created for font
(fontspec)             'latinmodern-math.otf' with options
(fontspec)             [Scale=MatchLowercase,BoldItalicFont={},ItalicFont={},SmallCapsFont={},Script=Math,SizeFeatures={{Size=8.5-},{Size=6-8.5,Font=latinmodern-math.otf,Style=MathScript},{Size=-6,Font=latinmodern-math.otf,Style=MathScriptScript}},BoldFont={latinmodern-math.otf},ScaleAgain=0.9999,FontAdjustment={\fontdimen
(fontspec)             8\font =0.4pt\relax \fontdimen 9\font =2.0pt\relax
(fontspec)             \fontdimen 10\font =1.67pt\relax \fontdimen 11\font
(fontspec)             =1.11pt\relax \fontdimen 12\font =6.0pt\relax
(fontspec)             \fontdimen 13\font =0pt\relax }].
(fontspec)              
(fontspec)              This font family consists of the following NFSS
(fontspec)             series/shapes:
(fontspec)              
(fontspec)             - 'normal' (m/n) with NFSS spec.:
(fontspec)             <8.5->s*[0.9998964600422715]"[latinmodern-math.otf]/OT:script=math;language=dflt;"<6-8.5>s*[0.9998964600422715]"[latinmodern-math.otf]/OT:script=math;language=dflt;+ssty=0;"<-6>s*[0.9998964600422715]"[latinmodern-math.otf]/OT:script=math;language=dflt;+ssty=1;"
(fontspec)             - 'small caps'  (m/sc) with NFSS spec.: 
(fontspec)             and font adjustment code:
(fontspec)             \fontdimen 8\font =0.4pt\relax \fontdimen 9\font
(fontspec)             =2.0pt\relax \fontdimen 10\font =1.67pt\relax
(fontspec)             \fontdimen 11\font =1.11pt\relax \fontdimen 12\font
(fontspec)             =6.0pt\relax \fontdimen 13\font =0pt\relax 
(fontspec)             - 'bold' (b/n) with NFSS spec.:
(fontspec)             <->s*[0.9998964600422715]"[latinmodern-math.otf]/OT:script=math;language=dflt;"
(fontspec)             - 'bold small caps'  (b/sc) with NFSS spec.: 
(fontspec)             and font adjustment code:
(fontspec)             \fontdimen 8\font =0.4pt\relax \fontdimen 9\font
(fontspec)             =2.0pt\relax \fontdimen 10\font =1.67pt\relax
(fontspec)             \fontdimen 11\font =1.11pt\relax \fontdimen 12\font
(fontspec)             =6.0pt\relax \fontdimen 13\font =0pt\relax 

LaTeX Font Info:    Encoding `OMX' has changed to `TU' for symbol font
(Font)              `largesymbols' in the math version `normal' on input line 246.
LaTeX Font Info:    Overwriting symbol font `largesymbols' in version `normal'
(Font)                  OMX/lmex/m/n --> TU/latinmodern-math.otf(3)/m/n on input line 246.
LaTeX Font Info:    Encoding `OMX' has changed to `TU' for symbol font
(Font)              `largesymbols' in the math version `bold' on input line 246.
LaTeX Font Info:    Overwriting symbol font `largesymbols' in version `bold'
(Font)                  OMX/lmex/m/n --> TU/latinmodern-math.otf(3)/b/n on input line 246.
LaTeX Info: Redefining \microtypecontext on input line 246.
Package microtype Info: Applying patch `item' on input line 246.
Package microtype Info: Applying patch `toc' on input line 246.
Package microtype Info: Applying patch `eqnum' on input line 246.
Package microtype Info: Applying patch `footnote' on input line 246.
Package microtype Info: Applying patch `verbatim' on input line 246.
Package microtype Info: Character protrusion enabled (level 2).
Package microtype Info: Using protrusion set `basicmath'.
Package microtype Info: No adjustment of tracking.
Package microtype Info: No adjustment of spacing.
Package microtype Info: No adjustment of kerning.
(/Users/asferreira/Library/TinyTeX/texmf-dist/tex/latex/microtype/mt-LatinModernRoman.cfg
File: mt-LatinModernRoman.cfg 2021/02/21 v1.1 microtype config. file: Latin Modern Roman (RS)
)
*geometry* driver: auto-detecting
*geometry* detected driver: xetex
*geometry* verbose mode - [ preamble ] result:
* driver: xetex
* paper: a4paper
* layout: <same size as paper>
* layoutoffset:(h,v)=(0.0pt,0.0pt)
* modes: twoside 
* h-part:(L,W,R)=(85.35826pt, 455.24411pt, 56.9055pt)
* v-part:(T,H,B)=(85.35826pt, 702.78308pt, 56.9055pt)
* \paperwidth=597.50787pt
* \paperheight=845.04684pt
* \textwidth=455.24411pt
* \textheight=702.78308pt
* \oddsidemargin=13.08827pt
* \evensidemargin=-15.36449pt
* \topmargin=-16.97922pt
* \headheight=12.0pt
* \headsep=18.06749pt
* \topskip=10.0pt
* \footskip=25.29494pt
* \marginparwidth=115.0pt
* \marginparsep=7.0pt
* \columnsep=10.0pt
* \skip\footins=9.0pt plus 4.0pt minus 2.0pt
* \hoffset=0.0pt
* \voffset=0.0pt
* \mag=1000
* \@twocolumnfalse
* \@twosidetrue
* \@mparswitchtrue
* \@reversemarginfalse
* (1in=72.27pt=25.4mm, 1cm=28.453pt)

Package hyperref Info: Link coloring OFF on input line 246.
Package caption Info: Begin \AtBeginDocument code.
Package caption Info: End \AtBeginDocument code.
File: covers/Cover_1.pdf Graphic file (type pdf)
<use covers/Cover_1.pdf>
File: covers/Cover_1.pdf Graphic file (type pdf)
<use covers/Cover_1.pdf>
File: covers/Cover_1.pdf Graphic file (type pdf)
<use covers/Cover_1.pdf, page 1>
File: covers/Cover_1.pdf Graphic file (type pdf)
<use covers/Cover_1.pdf, page 1>
File: covers/Cover_1.pdf Graphic file (type pdf)
<use covers/Cover_1.pdf, page 1>
File: covers/Cover_1.pdf Graphic file (type pdf)
<use covers/Cover_1.pdf, page 1>
File: covers/Cover_1.pdf Graphic file (type pdf)
<use covers/Cover_1.pdf, page 1>
[1


]
File: covers/Cover_2.pdf Graphic file (type pdf)
<use covers/Cover_2.pdf>
File: covers/Cover_2.pdf Graphic file (type pdf)
<use covers/Cover_2.pdf>
File: covers/Cover_2.pdf Graphic file (type pdf)
<use covers/Cover_2.pdf, page 1>
File: covers/Cover_2.pdf Graphic file (type pdf)
<use covers/Cover_2.pdf, page 1>
File: covers/Cover_2.pdf Graphic file (type pdf)
<use covers/Cover_2.pdf, page 1>
File: covers/Cover_2.pdf Graphic file (type pdf)
<use covers/Cover_2.pdf, page 1>
File: covers/Cover_2.pdf Graphic file (type pdf)
<use covers/Cover_2.pdf, page 1>
[2] (./Ciencia-com-R.toc
LaTeX Font Info:    Font shape `TU/latinmodern-math.otf(1)/m/n' will be
(Font)              scaled to size 7.0pt on input line 2.
LaTeX Font Info:    Font shape `TU/latinmodern-math.otf(1)/m/n' will be
(Font)              scaled to size 5.0pt on input line 2.
LaTeX Font Info:    Trying to load font information for OML+lmm on input line 2.
(/Users/asferreira/Library/TinyTeX/texmf-dist/tex/latex/lm/omllmm.fd
File: omllmm.fd 2015/05/01 v1.6.1 Font defs for Latin Modern
)
LaTeX Font Info:    Font shape `TU/latinmodern-math.otf(2)/m/n' will be
(Font)              scaled to size 10.00092pt on input line 2.
LaTeX Font Info:    Font shape `TU/latinmodern-math.otf(2)/m/n' will be
(Font)              scaled to size 7.00064pt on input line 2.
LaTeX Font Info:    Font shape `TU/latinmodern-math.otf(2)/m/n' will be
(Font)              scaled to size 5.00046pt on input line 2.
LaTeX Font Info:    Font shape `TU/latinmodern-math.otf(3)/m/n' will be
(Font)              scaled to size 9.99893pt on input line 2.
LaTeX Font Info:    Font shape `TU/latinmodern-math.otf(3)/m/n' will be
(Font)              scaled to size 6.99925pt on input line 2.
LaTeX Font Info:    Font shape `TU/latinmodern-math.otf(3)/m/n' will be
(Font)              scaled to size 4.99947pt on input line 2.
LaTeX Font Info:    Trying to load font information for U+msa on input line 2.
(/Users/asferreira/Library/TinyTeX/texmf-dist/tex/latex/amsfonts/umsa.fd
File: umsa.fd 2013/01/14 v3.01 AMS symbols A
) (/Users/asferreira/Library/TinyTeX/texmf-dist/tex/latex/microtype/mt-msa.cfg
File: mt-msa.cfg 2006/02/04 v1.1 microtype config. file: AMS symbols (a) (RS)
)
LaTeX Font Info:    Trying to load font information for U+msb on input line 2.
(/Users/asferreira/Library/TinyTeX/texmf-dist/tex/latex/amsfonts/umsb.fd
File: umsb.fd 2013/01/14 v3.01 AMS symbols B
) (/Users/asferreira/Library/TinyTeX/texmf-dist/tex/latex/microtype/mt-msb.cfg
File: mt-msb.cfg 2005/06/01 v1.0 microtype config. file: AMS symbols (b) (RS)
)
Overfull \hbox (15.50003pt too wide) in paragraph at lines 5--5
 [][] [][][] []  
 []


Overfull \hbox (15.50003pt too wide) in paragraph at lines 10--10
 [][] [][][] []  
 []

[3

]
Overfull \hbox (15.50003pt too wide) in paragraph at lines 120--120
 [][] [][][] []  
 []

[4]
Overfull \hbox (15.50003pt too wide) in paragraph at lines 206--206
 [][] [][][] []  
 []

[5]
Overfull \hbox (15.50003pt too wide) in paragraph at lines 327--327
 [][] [][][] []  
 []


Overfull \hbox (15.50003pt too wide) in paragraph at lines 370--370
 [][] [][][] []  
 []

)
\tf@toc=\write5
\openout5 = `Ciencia-com-R.toc'.

[6] (./Ciencia-com-R.lof)
\tf@lof=\write6
\openout6 = `Ciencia-com-R.lof'.

[7

] [8

] (./Ciencia-com-R.lot)
\tf@lot=\write7
\openout7 = `Ciencia-com-R.lot'.

[9] [10

] [1

] [2

]
File: images/ASF.png Graphic file (type bmp)
<images/ASF.png>
[3] [4

] [5] [6

] [7] [8

] [9] [10

] [11] [12

]
Cap\'{\i }tulo 1.
[13] [14

]
Cap\'{\i }tulo 2.
[15] [16]
Cap\'{\i }tulo 3.
File: images/Rlogo.png Graphic file (type bmp)
<images/Rlogo.png>
LaTeX Font Info:    Font shape `TU/latinmodern-math.otf(1)/m/n' will be
(Font)              scaled to size 8.0pt on input line 732.
LaTeX Font Info:    Font shape `TU/latinmodern-math.otf(1)/m/n' will be
(Font)              scaled to size 6.0pt on input line 732.
LaTeX Font Info:    Font shape `TU/latinmodern-math.otf(2)/m/n' will be
(Font)              scaled to size 8.00073pt on input line 732.
LaTeX Font Info:    Font shape `TU/latinmodern-math.otf(2)/m/n' will be
(Font)              scaled to size 6.00055pt on input line 732.
LaTeX Font Info:    Font shape `TU/latinmodern-math.otf(3)/m/n' will be
(Font)              scaled to size 7.99915pt on input line 732.
LaTeX Font Info:    Font shape `TU/latinmodern-math.otf(3)/m/n' will be
(Font)              scaled to size 5.99936pt on input line 732.
[17

] [18]
File: images/Rlogo.png Graphic file (type bmp)
<images/Rlogo.png>
[19]
File: images/Rlogo.png Graphic file (type bmp)
<images/Rlogo.png>
[20]
Cap\'{\i }tulo 4.
[21

]
File: images/Rlogo.png Graphic file (type bmp)
<images/Rlogo.png>
File: images/Rlogo.png Graphic file (type bmp)
<images/Rlogo.png>
File: images/Rlogo.png Graphic file (type bmp)
<images/Rlogo.png>
[22] [23] [24

]
Cap\'{\i }tulo 5.

Underfull \hbox (badness 1210) in paragraph at lines 985--987
[]\TU/lmr/m/n/10 Variveis so informaes que podem variar entre medidas em diferentes indivduos e/ou
 []

[25]
File: images/Rlogo.png Graphic file (type bmp)
<images/Rlogo.png>
[26] [27]
File: images/Rlogo.png Graphic file (type bmp)
<images/Rlogo.png>
[28]
Cap\'{\i }tulo 6.
[29

]
File: images/Rlogo.png Graphic file (type bmp)
<images/Rlogo.png>
[30]
File: images/Rlogo.png Graphic file (type bmp)
<images/Rlogo.png>
[31] [32

]
Cap\'{\i }tulo 7.
File: images/Rlogo.png Graphic file (type bmp)
<images/Rlogo.png>
[33] [34]
Cap\'{\i }tulo 8.
[35

] [36] [37

] [38

]
Cap\'{\i }tulo 9.
[39] [40] [41] [42

]
Cap\'{\i }tulo 10.
[43] [44

]
Cap\'{\i }tulo 11.
[45] [46] [47] [48

]
Cap\'{\i }tulo 12.
[49] [50

]
Cap\'{\i }tulo 13.
[51]
Underfull \vbox (badness 1102) has occurred while \output is active []

[52] [53] [54]
Cap\'{\i }tulo 14.
File: images/Rlogo.png Graphic file (type bmp)
<images/Rlogo.png>
[55

] [56

]
Cap\'{\i }tulo 15.
[57] [58]
Cap\'{\i }tulo 16.
File: images/Rlogo.png Graphic file (type bmp)
<images/Rlogo.png>
File: images/Rlogo.png Graphic file (type bmp)
<images/Rlogo.png>

Underfull \vbox (badness 1033) has occurred while \output is active []

[59

]
File: images/Rlogo.png Graphic file (type bmp)
<images/Rlogo.png>
[60] [61

] [62

]
Cap\'{\i }tulo 17.
File: Ciencia-com-R_files/figure-latex/unnamed-chunk-1-1.pdf Graphic file (type pdf)
<use Ciencia-com-R_files/figure-latex/unnamed-chunk-1-1.pdf>
[63] [64]
Cap\'{\i }tulo 18.
File: images/Rlogo.png Graphic file (type bmp)
<images/Rlogo.png>
File: images/Rlogo.png Graphic file (type bmp)
<images/Rlogo.png>
[65

]
File: images/Rlogo.png Graphic file (type bmp)
<images/Rlogo.png>
[66]
Cap\'{\i }tulo 19.
File: images/Rlogo.png Graphic file (type bmp)
<images/Rlogo.png>
[67

]
File: images/Rlogo.png Graphic file (type bmp)
<images/Rlogo.png>
File: images/Rlogo.png Graphic file (type bmp)
<images/Rlogo.png>
[68]
File: images/Rlogo.png Graphic file (type bmp)
<images/Rlogo.png>
File: images/Rlogo.png Graphic file (type bmp)
<images/Rlogo.png>
[69] [70

]
Cap\'{\i }tulo 20.
[71]
Underfull \hbox (badness 2050) in paragraph at lines 3071--3072
[]\TU/lmr/m/n/10 Testes no-paramtricos so teis quando as suposies de normalidade no podem ser
 []

[72] [73] [74] [75] [76

]
Cap\'{\i }tulo 21.
[77] [78

]
Cap\'{\i }tulo 22.
File: images/Rlogo.png Graphic file (type bmp)
<images/Rlogo.png>
[79]
File: images/Rlogo.png Graphic file (type bmp)
<images/Rlogo.png>
File: images/Rlogo.png Graphic file (type bmp)
<images/Rlogo.png>
[80]
Cap\'{\i }tulo 23.
[81

]
File: images/Rlogo.png Graphic file (type bmp)
<images/Rlogo.png>
File: images/Rlogo.png Graphic file (type bmp)
<images/Rlogo.png>
File: images/Rlogo.png Graphic file (type bmp)
<images/Rlogo.png>
[82]
Cap\'{\i }tulo 24.
File: images/Rlogo.png Graphic file (type bmp)
<images/Rlogo.png>
File: images/Rlogo.png Graphic file (type bmp)
<images/Rlogo.png>

Underfull \vbox (badness 2269) has occurred while \output is active []

[83

] [84] [85] [86

]
Cap\'{\i }tulo 25.
[87] [88

]
Cap\'{\i }tulo 26.
LaTeX Font Info:    Font shape `TU/latinmodern-math.otf(1)/m/n' will be
(Font)              scaled to size 14.4pt on input line 3895.
LaTeX Font Info:    Font shape `TU/latinmodern-math.otf(2)/m/n' will be
(Font)              scaled to size 14.4013pt on input line 3895.
LaTeX Font Info:    Font shape `TU/latinmodern-math.otf(3)/m/n' will be
(Font)              scaled to size 14.39845pt on input line 3895.
LaTeX Font Info:    Font shape `TU/lmtt/bx/n' in size <10> not available
(Font)              Font shape `TU/lmtt/b/n' tried instead on input line 3900.

Underfull \vbox (badness 1231) detected at line 4053
 []

[89]
Overfull \vbox (1.41527pt too high) detected at line 4183
 []

[90] [91] [92

] [93] [94

]
Cap\'{\i }tulo 27.
[95]
File: images/Rlogo.png Graphic file (type bmp)
<images/Rlogo.png>
File: images/Rlogo.png Graphic file (type bmp)
<images/Rlogo.png>
[96]
Cap\'{\i }tulo 28.
[97

] [98]
Cap\'{\i }tulo 29.
[99

]
File: images/Rlogo.png Graphic file (type bmp)
<images/Rlogo.png>
File: images/Rlogo.png Graphic file (type bmp)
<images/Rlogo.png>
File: images/Rlogo.png Graphic file (type bmp)
<images/Rlogo.png>
File: images/Rlogo.png Graphic file (type bmp)
<images/Rlogo.png>
[100] [101] [102

]
Cap\'{\i }tulo 30.
[103] [104] [105

] [106

] [107] [108]
Underfull \hbox (badness 10000) in paragraph at lines 4798--4801

 []


Underfull \hbox (badness 10000) in paragraph at lines 4802--4805

 []


Underfull \hbox (badness 10000) in paragraph at lines 4806--4809

 []


Underfull \hbox (badness 10000) in paragraph at lines 4810--4813

 []


Underfull \hbox (badness 10000) in paragraph at lines 4814--4817

 []


Underfull \hbox (badness 10000) in paragraph at lines 4818--4821

 []


Underfull \hbox (badness 10000) in paragraph at lines 4824--4824
[]\TU/lmr/m/n/10 LINDLEY DV. A STATISTICAL PARADOX. \TU/lmr/m/it/10 Biometrika\TU/lmr/m/n/10 . 1957;44(1-2):187-192.
 []


Underfull \hbox (badness 10000) in paragraph at lines 4822--4825

 []


Underfull \hbox (badness 10000) in paragraph at lines 4826--4829

 []


Underfull \hbox (badness 10000) in paragraph at lines 4830--4833

 []


Underfull \hbox (badness 1242) in paragraph at lines 4836--4836
[]\TU/lmr/m/n/10 Simpson EH. The Interpretation of Interaction in Contingency Tables. \TU/lmr/m/it/10 Journal of the
 []


Underfull \hbox (badness 10000) in paragraph at lines 4834--4837

 []


Underfull \hbox (badness 10000) in paragraph at lines 4838--4841

 []


Underfull \hbox (badness 10000) in paragraph at lines 4842--4845

 []


Underfull \hbox (badness 10000) in paragraph at lines 4846--4849

 []


Underfull \hbox (badness 10000) in paragraph at lines 4850--4853

 []


Underfull \hbox (badness 10000) in paragraph at lines 4854--4857

 []


Underfull \hbox (badness 10000) in paragraph at lines 4858--4861

 []


Underfull \hbox (badness 10000) in paragraph at lines 4862--4865

 []


Underfull \hbox (badness 7308) in paragraph at lines 4868--4868
[]\TU/lmr/m/n/10 Olson K. What Are Data? \TU/lmr/m/it/10 Qualitative Health Research\TU/lmr/m/n/10 . 2021;31(9):1567-1569.
 []


Underfull \hbox (badness 10000) in paragraph at lines 4866--4869

 []


Underfull \hbox (badness 2726) in paragraph at lines 4872--4872
[]\TU/lmr/m/n/10 Vetter TR. Fundamentals of Research Data and Variables. \TU/lmr/m/it/10 Anesthesia & Analgesia\TU/lmr/m/n/10 .
 []


Underfull \hbox (badness 10000) in paragraph at lines 4870--4873

 []


Underfull \hbox (badness 10000) in paragraph at lines 4876--4876
[]\TU/lmr/m/n/10 Altman DG, Bland JM. Missing data. \TU/lmr/m/it/10 BMJ\TU/lmr/m/n/10 . 2007;334(7590):424-424.
 []


Underfull \hbox (badness 10000) in paragraph at lines 4874--4877

 []

[109

]
Underfull \hbox (badness 10000) in paragraph at lines 4878--4881

 []


Underfull \hbox (badness 10000) in paragraph at lines 4882--4885

 []


Underfull \hbox (badness 1742) in paragraph at lines 4888--4888
[]\TU/lmr/m/n/10 Yanagida T. Misty: Miscellaneous functions t. yanagida. 2023. https://CRAN.R-
 []


Underfull \hbox (badness 10000) in paragraph at lines 4886--4889

 []


Underfull \hbox (badness 1082) in paragraph at lines 4892--4892
[]\TU/lmr/m/n/10 Little RJA. A Test of Missing Completely at Random for Multivariate Data with Mis-
 []


Underfull \hbox (badness 1681) in paragraph at lines 4892--4892
\TU/lmr/m/n/10 sing Values. \TU/lmr/m/it/10 Journal of the American Statistical Association\TU/lmr/m/n/10 . 1988;83(404):1198-1202.
 []


Underfull \hbox (badness 10000) in paragraph at lines 4890--4893

 []


Underfull \hbox (badness 10000) in paragraph at lines 4894--4897

 []


Underfull \hbox (badness 10000) in paragraph at lines 4898--4901

 []


Underfull \hbox (badness 10000) in paragraph at lines 4902--4905

 []


Underfull \hbox (badness 10000) in paragraph at lines 4906--4909

 []


Underfull \hbox (badness 10000) in paragraph at lines 4910--4913

 []


Underfull \hbox (badness 10000) in paragraph at lines 4914--4917

 []


Underfull \hbox (badness 10000) in paragraph at lines 4918--4921

 []


Underfull \hbox (badness 10000) in paragraph at lines 4922--4925

 []


Underfull \hbox (badness 10000) in paragraph at lines 4926--4929

 []


Underfull \hbox (badness 10000) in paragraph at lines 4930--4933

 []


Underfull \hbox (badness 10000) in paragraph at lines 4934--4937

 []


Underfull \hbox (badness 10000) in paragraph at lines 4938--4941

 []


Underfull \hbox (badness 10000) in paragraph at lines 4942--4945

 []


Underfull \hbox (badness 10000) in paragraph at lines 4946--4949

 []


Underfull \hbox (badness 10000) in paragraph at lines 4952--4952
[]\TU/lmr/m/n/10 Venables WN, Ripley BD. Modern applied statistics with s. 2002.
 []


Underfull \hbox (badness 10000) in paragraph at lines 4950--4953

 []


Underfull \hbox (badness 10000) in paragraph at lines 4954--4957

 []


Underfull \hbox (badness 7081) in paragraph at lines 4960--4960
[]\TU/lmr/m/n/10 Altman DG, Royston P. The cost of dichotomising continuous variables. \TU/lmr/m/it/10 BMJ\TU/lmr/m/n/10 .
 []


Underfull \hbox (badness 10000) in paragraph at lines 4958--4961

 []


Underfull \hbox (badness 10000) in paragraph at lines 4962--4965

 []


Underfull \hbox (badness 10000) in paragraph at lines 4966--4969

 []


Underfull \hbox (badness 10000) in paragraph at lines 4970--4973

 []


Underfull \vbox (badness 10000) has occurred while \output is active []

[110]
Underfull \hbox (badness 10000) in paragraph at lines 4974--4977

 []


Underfull \hbox (badness 10000) in paragraph at lines 4978--4981

 []


Underfull \hbox (badness 10000) in paragraph at lines 4982--4985

 []


Underfull \hbox (badness 10000) in paragraph at lines 4986--4989

 []


Underfull \hbox (badness 10000) in paragraph at lines 4990--4993

 []


Underfull \hbox (badness 10000) in paragraph at lines 4994--4997

 []


Underfull \hbox (badness 3250) in paragraph at lines 5000--5000
[]\TU/lmr/m/n/10 Wickham H. Forcats: Tools for working with categorical variables (factors). 2023.
 []


Underfull \hbox (badness 10000) in paragraph at lines 4998--5001

 []


Underfull \hbox (badness 10000) in paragraph at lines 5002--5005

 []


Underfull \hbox (badness 10000) in paragraph at lines 5006--5009

 []


Underfull \hbox (badness 10000) in paragraph at lines 5010--5013

 []


Underfull \hbox (badness 10000) in paragraph at lines 5014--5017

 []


Underfull \hbox (badness 10000) in paragraph at lines 5018--5021

 []


Underfull \hbox (badness 10000) in paragraph at lines 5022--5025

 []


Underfull \hbox (badness 10000) in paragraph at lines 5026--5029

 []


Underfull \hbox (badness 10000) in paragraph at lines 5030--5033

 []


Underfull \hbox (badness 10000) in paragraph at lines 5034--5037

 []


Underfull \hbox (badness 10000) in paragraph at lines 5038--5041

 []


Underfull \hbox (badness 10000) in paragraph at lines 5042--5045

 []


Underfull \hbox (badness 10000) in paragraph at lines 5046--5049

 []


Underfull \hbox (badness 10000) in paragraph at lines 5050--5053

 []


Underfull \hbox (badness 10000) in paragraph at lines 5054--5057

 []


Underfull \vbox (badness 10000) has occurred while \output is active []

[111]
Underfull \hbox (badness 10000) in paragraph at lines 5058--5061

 []


Underfull \hbox (badness 10000) in paragraph at lines 5062--5065

 []


Underfull \hbox (badness 2828) in paragraph at lines 5068--5068
[]\TU/lmr/m/n/10 Bland JM, Altman DG. Statistics notes: Matching. \TU/lmr/m/it/10 BMJ\TU/lmr/m/n/10 . 1994;309(6962):1128-1128.
 []


Underfull \hbox (badness 10000) in paragraph at lines 5066--5069

 []


Underfull \hbox (badness 10000) in paragraph at lines 5070--5073

 []


Underfull \hbox (badness 4726) in paragraph at lines 5076--5076
[]\TU/lmr/m/n/10 Sut N. Study designs in medicine. \TU/lmr/m/it/10 Balkan Medical Journal\TU/lmr/m/n/10 . 2015;31(4):273-277.
 []


Underfull \hbox (badness 10000) in paragraph at lines 5074--5077

 []


Underfull \hbox (badness 10000) in paragraph at lines 5078--5081

 []


Underfull \hbox (badness 10000) in paragraph at lines 5082--5085

 []


Underfull \hbox (badness 10000) in paragraph at lines 5086--5089

 []


Underfull \hbox (badness 1005) in paragraph at lines 5092--5092
[]\TU/lmr/m/n/10 Chass M, Fergusson DA. Diagnostic Accuracy Studies. \TU/lmr/m/it/10 Seminars in Nuclear Medicine\TU/lmr/m/n/10 .
 []


Underfull \hbox (badness 10000) in paragraph at lines 5090--5093

 []


Underfull \hbox (badness 10000) in paragraph at lines 5094--5097

 []


Underfull \hbox (badness 10000) in paragraph at lines 5098--5101

 []


Underfull \hbox (badness 10000) in paragraph at lines 5102--5105

 []


Underfull \hbox (badness 10000) in paragraph at lines 5106--5109

 []


Underfull \hbox (badness 10000) in paragraph at lines 5110--5113

 []


Underfull \hbox (badness 10000) in paragraph at lines 5114--5117

 []


Underfull \hbox (badness 10000) in paragraph at lines 5118--5121

 []


Underfull \hbox (badness 10000) in paragraph at lines 5122--5125

 []


Underfull \hbox (badness 10000) in paragraph at lines 5126--5129

 []


Underfull \hbox (badness 10000) in paragraph at lines 5130--5133

 []


Underfull \hbox (badness 10000) in paragraph at lines 5134--5137

 []


Underfull \hbox (badness 10000) in paragraph at lines 5138--5141

 []


Underfull \vbox (badness 10000) has occurred while \output is active []

[112]
Underfull \hbox (badness 10000) in paragraph at lines 5142--5145

 []


Underfull \hbox (badness 10000) in paragraph at lines 5146--5149

 []


Underfull \hbox (badness 10000) in paragraph at lines 5150--5153

 []


Underfull \hbox (badness 10000) in paragraph at lines 5154--5157

 []


Underfull \hbox (badness 10000) in paragraph at lines 5158--5161

 []


Underfull \hbox (badness 10000) in paragraph at lines 5162--5165

 []


Underfull \hbox (badness 10000) in paragraph at lines 5166--5169

 []


Underfull \hbox (badness 10000) in paragraph at lines 5170--5173

 []


Underfull \hbox (badness 10000) in paragraph at lines 5174--5177

 []


Underfull \hbox (badness 10000) in paragraph at lines 5178--5181

 []


Underfull \hbox (badness 10000) in paragraph at lines 5182--5185

 []


Underfull \hbox (badness 10000) in paragraph at lines 5186--5189

 []


Underfull \hbox (badness 10000) in paragraph at lines 5190--5193

 []


Underfull \hbox (badness 10000) in paragraph at lines 5194--5197

 []


Underfull \hbox (badness 10000) in paragraph at lines 5198--5201

 []


Underfull \hbox (badness 10000) in paragraph at lines 5202--5205

 []


Underfull \hbox (badness 10000) in paragraph at lines 5206--5209

 []


Underfull \hbox (badness 10000) in paragraph at lines 5210--5213

 []


Underfull \hbox (badness 10000) in paragraph at lines 5214--5217

 []


Underfull \hbox (badness 10000) in paragraph at lines 5218--5221

 []


Underfull \hbox (badness 10000) in paragraph at lines 5222--5225

 []


Underfull \vbox (badness 10000) has occurred while \output is active []

[113]
Underfull \hbox (badness 10000) in paragraph at lines 5226--5229

 []


Underfull \hbox (badness 10000) in paragraph at lines 5230--5233

 []


Underfull \hbox (badness 10000) in paragraph at lines 5234--5237

 []


Underfull \hbox (badness 10000) in paragraph at lines 5238--5241

 []


Underfull \hbox (badness 1286) in paragraph at lines 5244--5244
[]\TU/lmr/m/n/10 Mishra P, Pandey C, Singh U, Keshri A, Sabaretnam M. Selection of appropriate sta-
 []


Underfull \hbox (badness 2781) in paragraph at lines 5244--5244
\TU/lmr/m/n/10 tistical methods for data analysis. \TU/lmr/m/it/10 Annals of Cardiac Anaesthesia\TU/lmr/m/n/10 . 2019;22(3):297.
 []


Underfull \hbox (badness 10000) in paragraph at lines 5242--5245

 []


Underfull \hbox (badness 10000) in paragraph at lines 5246--5249

 []


Underfull \hbox (badness 10000) in paragraph at lines 5250--5253

 []


Underfull \hbox (badness 10000) in paragraph at lines 5254--5257

 []


Underfull \hbox (badness 3068) in paragraph at lines 5260--5260
[]\TU/lmr/m/n/10 Krasser R. Explore: Simplifies exploratory data analysis. 2023. https://CRAN.R-
 []


Underfull \hbox (badness 10000) in paragraph at lines 5258--5261

 []


Underfull \hbox (badness 10000) in paragraph at lines 5262--5265

 []


Underfull \hbox (badness 10000) in paragraph at lines 5266--5269

 []


Underfull \hbox (badness 10000) in paragraph at lines 5270--5273

 []


Underfull \hbox (badness 10000) in paragraph at lines 5274--5277

 []


Underfull \hbox (badness 2894) in paragraph at lines 5280--5280
[]\TU/lmr/m/n/10 Hayes-Larson E, Kezios KL, Mooney SJ, Lovasi G. Who is in this study, anyway?
 []


Underfull \hbox (badness 1558) in paragraph at lines 5280--5280
\TU/lmr/m/n/10 Guidelines for a useful Table 1. \TU/lmr/m/it/10 Journal of Clinical Epidemiology\TU/lmr/m/n/10 . 2019;114:125-132.
 []


Underfull \hbox (badness 10000) in paragraph at lines 5278--5281

 []


Underfull \hbox (badness 10000) in paragraph at lines 5282--5285

 []


Underfull \hbox (badness 3148) in paragraph at lines 5288--5288
[]\TU/lmr/m/n/10 Rich B. table1: Tables of descriptive statistics in HTML. 2023. https://CRAN.R-
 []


Underfull \hbox (badness 10000) in paragraph at lines 5286--5289

 []


Underfull \hbox (badness 10000) in paragraph at lines 5290--5293

 []


Underfull \hbox (badness 10000) in paragraph at lines 5294--5297

 []


Underfull \hbox (badness 10000) in paragraph at lines 5298--5301

 []


Underfull \hbox (badness 10000) in paragraph at lines 5302--5305

 []


Underfull \hbox (badness 1817) in paragraph at lines 5308--5308
[]\TU/lmr/m/n/10 Wei T, Simko V. R package corrplot: Visualization of a correlation matrix. 2021.
 []


Underfull \hbox (badness 10000) in paragraph at lines 5306--5309

 []


Underfull \hbox (badness 10000) in paragraph at lines 5310--5313

 []


Underfull \hbox (badness 1009) in paragraph at lines 5316--5316
[]\TU/lmr/m/n/10 Weissgerber TL, Winham SJ, Heinzen EP, et al. Reveal, Dont Conceal. \TU/lmr/m/it/10 Circulation\TU/lmr/m/n/10 .
 []


Underfull \hbox (badness 10000) in paragraph at lines 5314--5317

 []


Underfull \hbox (badness 1424) in paragraph at lines 5320--5320
[]\TU/lmr/m/n/10 Xiao N. Ggsci: Scientific journal and sci-fi themed color palettes for ggplot2. 2023.
 []


Underfull \hbox (badness 10000) in paragraph at lines 5318--5321

 []


Underfull \vbox (badness 10000) has occurred while \output is active []

[114]
Underfull \hbox (badness 10000) in paragraph at lines 5322--5325

 []


Underfull \hbox (badness 10000) in paragraph at lines 5326--5329

 []


Underfull \hbox (badness 10000) in paragraph at lines 5330--5333

 []


Underfull \hbox (badness 10000) in paragraph at lines 5334--5337

 []


Underfull \hbox (badness 10000) in paragraph at lines 5338--5341

 []


Underfull \hbox (badness 10000) in paragraph at lines 5342--5345

 []


Underfull \hbox (badness 10000) in paragraph at lines 5346--5349

 []


Underfull \hbox (badness 10000) in paragraph at lines 5350--5353

 []


Underfull \hbox (badness 10000) in paragraph at lines 5354--5357

 []


Underfull \hbox (badness 10000) in paragraph at lines 5358--5361

 []


Underfull \hbox (badness 10000) in paragraph at lines 5362--5365

 []


Underfull \hbox (badness 1609) in paragraph at lines 5368--5368
[]\TU/lmr/m/n/10 McHugh ML. The chi-square test of independence. \TU/lmr/m/it/10 Biochemia Medica\TU/lmr/m/n/10 . 2013:143-149.
 []


Underfull \hbox (badness 10000) in paragraph at lines 5366--5369

 []


Underfull \hbox (badness 10000) in paragraph at lines 5370--5373

 []


Underfull \hbox (badness 10000) in paragraph at lines 5374--5377

 []


Underfull \hbox (badness 10000) in paragraph at lines 5378--5381

 []


Underfull \hbox (badness 10000) in paragraph at lines 5382--5385

 []


Underfull \hbox (badness 10000) in paragraph at lines 5386--5389

 []


Underfull \hbox (badness 10000) in paragraph at lines 5390--5393

 []


Underfull \hbox (badness 4001) in paragraph at lines 5396--5396
[]\TU/lmr/m/n/10 Arel-Bundock V. {Modelsummary}: Data and model summaries in {r}. 2022;103.
 []


Underfull \hbox (badness 10000) in paragraph at lines 5394--5397

 []


Underfull \hbox (badness 10000) in paragraph at lines 5398--5401

 []


Underfull \hbox (badness 10000) in paragraph at lines 5402--5405

 []


Underfull \hbox (badness 10000) in paragraph at lines 5406--5409

 []


Underfull \hbox (badness 10000) in paragraph at lines 5410--5413

 []


Underfull \vbox (badness 10000) has occurred while \output is active []

[115]
Underfull \hbox (badness 10000) in paragraph at lines 5414--5417

 []


Underfull \hbox (badness 10000) in paragraph at lines 5418--5421

 []


Underfull \hbox (badness 10000) in paragraph at lines 5422--5425

 []


Underfull \hbox (badness 10000) in paragraph at lines 5426--5429

 []


Underfull \hbox (badness 10000) in paragraph at lines 5430--5433

 []


Underfull \hbox (badness 10000) in paragraph at lines 5436--5436
[]\TU/lmr/m/n/10 Xie Y. formatR: Format r code automatically. 2022. https://CRAN.R-
 []


Underfull \hbox (badness 10000) in paragraph at lines 5434--5437

 []


Underfull \hbox (badness 10000) in paragraph at lines 5438--5441

 []


Underfull \hbox (badness 10000) in paragraph at lines 5442--5445

 []


Underfull \hbox (badness 10000) in paragraph at lines 5446--5449

 []


Underfull \hbox (badness 10000) in paragraph at lines 5450--5453

 []


Underfull \hbox (badness 10000) in paragraph at lines 5454--5457

 []


Underfull \hbox (badness 10000) in paragraph at lines 5458--5461

 []


Underfull \hbox (badness 1184) in paragraph at lines 5464--5464
[]\TU/lmr/m/n/10 Allaire J, Xie Y, Dervieux C, et al. \TU/lmr/m/it/10 Rmarkdown: Dynamic Documents for r\TU/lmr/m/n/10 .; 2023.
 []


Underfull \hbox (badness 10000) in paragraph at lines 5462--5465

 []


Underfull \hbox (badness 10000) in paragraph at lines 5466--5469

 []


Underfull \hbox (badness 8038) in paragraph at lines 5472--5472
[]\TU/lmr/m/n/10 Ioannidis JPA. How to Make More Published Research True. \TU/lmr/m/it/10 PLoS Medicine\TU/lmr/m/n/10 .
 []


Underfull \hbox (badness 10000) in paragraph at lines 5470--5473

 []


Underfull \hbox (badness 10000) in paragraph at lines 5474--5477

 []


Underfull \hbox (badness 10000) in paragraph at lines 5478--5481

 []


Underfull \hbox (badness 1048) in paragraph at lines 5484--5484
[]\TU/lmr/m/n/10 Urbanek S, Johnson K. Tiff: Read and write TIFF images. 2022. https://CRAN.R-
 []


Underfull \hbox (badness 10000) in paragraph at lines 5482--5485

 []


Underfull \hbox (badness 10000) in paragraph at lines 5486--5489

 []


Underfull \hbox (badness 10000) in paragraph at lines 5490--5493

 []


Underfull \hbox (badness 10000) in paragraph at lines 5494--5497

 []


Underfull \hbox (badness 10000) in paragraph at lines 5498--5501

 []


Underfull \hbox (badness 10000) in paragraph at lines 5502--5505

 []


Underfull \hbox (badness 10000) in paragraph at lines 5506--5509

 []


Underfull \vbox (badness 10000) has occurred while \output is active []

[116]
Underfull \hbox (badness 10000) in paragraph at lines 5510--5513

 []


Underfull \hbox (badness 10000) in paragraph at lines 5514--5517

 []


Underfull \hbox (badness 2213) in paragraph at lines 5520--5520
[]\TU/lmr/m/n/10 Weissgerber TL, Milic NM, Winham SJ, Garovic VD. Beyond Bar and Line Graphs:
 []


Underfull \hbox (badness 2452) in paragraph at lines 5520--5520
\TU/lmr/m/n/10 Time for a New Data Presentation Paradigm. \TU/lmr/m/it/10 PLOS Biology\TU/lmr/m/n/10 . 2015;13(4):e1002128.
 []


Underfull \hbox (badness 10000) in paragraph at lines 5518--5521

 []


Underfull \hbox (badness 10000) in paragraph at lines 5522--5525

 []


Underfull \hbox (badness 6625) in paragraph at lines 5528--5528
[]\TU/lmr/m/n/10 Groves T. Research methods and reporting. \TU/lmr/m/it/10 BMJ\TU/lmr/m/n/10 . 2008;337(oct22 1):a2201-a2201.
 []


Underfull \hbox (badness 10000) in paragraph at lines 5526--5529

 []


Underfull \hbox (badness 10000) in paragraph at lines 5530--5533

 []


Underfull \hbox (badness 10000) in paragraph at lines 5534--5537

 []


Underfull \hbox (badness 10000) in paragraph at lines 5538--5541

 []


Underfull \hbox (badness 10000) in paragraph at lines 5542--5545

 []


Underfull \hbox (badness 10000) in paragraph at lines 5546--5549

 []


Underfull \hbox (badness 10000) in paragraph at lines 5550--5553

 []

[117] [118

]
File: covers/Cover_4.pdf Graphic file (type pdf)
<use covers/Cover_4.pdf>
File: covers/Cover_4.pdf Graphic file (type pdf)
<use covers/Cover_4.pdf>
File: covers/Cover_4.pdf Graphic file (type pdf)
<use covers/Cover_4.pdf, page 1>
File: covers/Cover_4.pdf Graphic file (type pdf)
<use covers/Cover_4.pdf, page 1>
File: covers/Cover_4.pdf Graphic file (type pdf)
<use covers/Cover_4.pdf, page 1>
File: covers/Cover_4.pdf Graphic file (type pdf)
<use covers/Cover_4.pdf, page 1>
File: covers/Cover_4.pdf Graphic file (type pdf)
<use covers/Cover_4.pdf, page 1>
[119] (./Ciencia-com-R.aux)
 ***********
LaTeX2e <2023-06-01> patch level 1
L3 programming layer <2023-10-10>
 ***********

LaTeX Warning: There were multiply-defined labels.

 ) 
Here is how much of TeX's memory you used:
 41357 strings out of 477150
 830417 string characters out of 5810114
 1958671 words of memory out of 5000000
 62325 multiletter control sequences out of 15000+600000
 564730 words of font info for 103 fonts, out of 8000000 for 9000
 16 hyphenation exceptions out of 8191
 94i,18n,120p,1202b,1027s stack positions out of 10000i,1000n,20000p,200000b,200000s

Output written on Ciencia-com-R.pdf (129 pages).
