\BOOKMARK [0][-]{chapter*.2}{\376\377\000S\000o\000b\000r\000e\000\040\000o\000\040\000A\000u\000t\000o\000r}{}% 1
\BOOKMARK [0][-]{chapter*.3}{\376\377\000D\000e\000d\000i\000c\000a\000t\000\363\000r\000i\000a}{}% 2
\BOOKMARK [0][-]{chapter*.4}{\376\377\000P\000r\000e\000f\000\341\000c\000i\000o}{}% 3
\BOOKMARK [0][-]{chapter*.5}{\376\377\000A\000g\000r\000a\000d\000e\000c\000i\000m\000e\000n\000t\000o\000s}{}% 4
\BOOKMARK [0][-]{chapter*.6}{\376\377\000P\000A\000R\000T\000E\000\040\0001\000\040\000-\000\040\000E\000s\000t\000a\000t\000\355\000s\000t\000i\000c\000a\000\040\000A\000p\000l\000i\000c\000a\000d\000a}{}% 5
\BOOKMARK [0][-]{chapter.1}{\376\377\000P\000e\000n\000s\000a\000m\000e\000n\000t\000o\000\040\000e\000s\000t\000a\000t\000\355\000s\000t\000i\000c\000o}{}% 6
\BOOKMARK [1][-]{section.1.1}{\376\377\000E\000s\000p\000a\000\347\000o\000s\000\040\000a\000m\000o\000s\000t\000r\000a\000i\000s\000\040\000e\000\040\000e\000v\000e\000n\000t\000o\000s}{chapter.1}% 7
\BOOKMARK [1][-]{section.1.2}{\376\377\000P\000r\000o\000b\000a\000b\000i\000l\000i\000d\000a\000d\000e\000\040\000c\000o\000n\000d\000i\000c\000i\000o\000n\000a\000l}{chapter.1}% 8
\BOOKMARK [1][-]{section.1.3}{\376\377\000L\000e\000i\000s\000\040\000d\000o\000s\000\040\000g\000r\000a\000n\000d\000e\000s\000\040\000n\000\372\000m\000e\000r\000o\000s}{chapter.1}% 9
\BOOKMARK [1][-]{section.1.4}{\376\377\000T\000e\000o\000r\000e\000m\000a\000\040\000c\000e\000n\000t\000r\000a\000l\000\040\000d\000o\000\040\000l\000i\000m\000i\000t\000e}{chapter.1}% 10
\BOOKMARK [1][-]{section.1.5}{\376\377\000R\000e\000g\000r\000e\000s\000s\000\343\000o\000\040\000p\000a\000r\000a\000\040\000a\000\040\000m\000\351\000d\000i\000a}{chapter.1}% 11
\BOOKMARK [1][-]{section.1.6}{\376\377\000R\000e\000a\000m\000o\000s\000t\000r\000a\000g\000e\000m}{chapter.1}% 12
\BOOKMARK [1][-]{section.1.7}{\376\377\000F\000a\000l\000\341\000c\000i\000a\000\040\000d\000o\000\040\000j\000o\000g\000a\000d\000o\000r}{chapter.1}% 13
\BOOKMARK [0][-]{chapter.2}{\376\377\000P\000a\000r\000a\000d\000o\000x\000o\000s\000\040\000e\000\040\000f\000a\000l\000\341\000c\000i\000a\000s}{}% 14
\BOOKMARK [1][-]{section.2.1}{\376\377\000P\000a\000r\000a\000d\000o\000x\000o\000s\000\040\000e\000s\000t\000a\000t\000\355\000s\000t\000i\000c\000o\000s}{chapter.2}% 15
\BOOKMARK [1][-]{section.2.2}{\376\377\000P\000a\000r\000a\000d\000o\000x\000o\000\040\000d\000e\000\040\000A\000b\000e\000l\000s\000o\000n}{chapter.2}% 16
\BOOKMARK [1][-]{section.2.3}{\376\377\000P\000a\000r\000a\000d\000o\000x\000o\000\040\000d\000e\000\040\000B\000e\000r\000k\000s\000o\000n}{chapter.2}% 17
\BOOKMARK [1][-]{section.2.4}{\376\377\000P\000a\000r\000a\000d\000o\000x\000o\000\040\000d\000e\000\040\000E\000l\000l\000s\000b\000e\000r\000g}{chapter.2}% 18
\BOOKMARK [1][-]{section.2.5}{\376\377\000P\000a\000r\000a\000d\000o\000x\000o\000\040\000d\000e\000\040\000F\000r\000e\000e\000d\000m\000a\000n}{chapter.2}% 19
\BOOKMARK [1][-]{section.2.6}{\376\377\000P\000a\000r\000a\000d\000o\000x\000o\000\040\000d\000e\000\040\000H\000a\000n\000d}{chapter.2}% 20
\BOOKMARK [1][-]{section.2.7}{\376\377\000P\000a\000r\000a\000d\000o\000x\000o\000\040\000d\000e\000\040\000L\000i\000n\000d\000l\000e\000y}{chapter.2}% 21
\BOOKMARK [1][-]{section.2.8}{\376\377\000P\000a\000r\000a\000d\000o\000x\000o\000\040\000d\000e\000\040\000L\000o\000r\000d}{chapter.2}% 22
\BOOKMARK [1][-]{section.2.9}{\376\377\000P\000a\000r\000a\000d\000o\000x\000o\000\040\000d\000e\000\040\000P\000r\000o\000e\000b\000s\000t\000i\000n\000g}{chapter.2}% 23
\BOOKMARK [1][-]{section.2.10}{\376\377\000P\000a\000r\000a\000d\000o\000x\000o\000\040\000d\000e\000\040\000S\000i\000m\000p\000s\000o\000n}{chapter.2}% 24
\BOOKMARK [1][-]{section.2.11}{\376\377\000P\000a\000r\000a\000d\000o\000x\000o\000\040\000d\000e\000\040\000S\000t\000e\000i\000n}{chapter.2}% 25
\BOOKMARK [1][-]{section.2.12}{\376\377\000P\000a\000r\000a\000d\000o\000x\000o\000\040\000d\000e\000\040\000O\000k\000i\000e}{chapter.2}% 26
\BOOKMARK [1][-]{section.2.13}{\376\377\000P\000a\000r\000a\000d\000o\000x\000o\000\040\000d\000a\000\040\000a\000c\000u\000r\000\341\000c\000i\000a}{chapter.2}% 27
\BOOKMARK [1][-]{section.2.14}{\376\377\000P\000a\000r\000a\000d\000o\000x\000o\000\040\000d\000o\000\040\000e\000l\000e\000v\000a\000d\000o\000r}{chapter.2}% 28
\BOOKMARK [1][-]{section.2.15}{\376\377\000P\000a\000r\000a\000d\000o\000x\000o\000\040\000d\000o\000\040\000f\000a\000l\000s\000o\000\040\000p\000o\000s\000i\000t\000i\000v\000o}{chapter.2}% 29
\BOOKMARK [1][-]{section.2.16}{\376\377\000P\000a\000r\000a\000d\000o\000x\000o\000\040\000d\000a\000\040\000a\000m\000i\000z\000a\000d\000e}{chapter.2}% 30
\BOOKMARK [0][-]{chapter.3}{\376\377\000U\000n\000i\000d\000a\000d\000e\000\040\000d\000e\000\040\000a\000n\000\341\000l\000i\000s\000e}{}% 31
\BOOKMARK [1][-]{section.3.1}{\376\377\000D\000e\000f\000i\000n\000i\000\347\000\343\000o}{chapter.3}% 32
\BOOKMARK [1][-]{section.3.2}{\376\377\000M\000e\000d\000i\000d\000a\000s\000\040\000\372\000n\000i\000c\000a\000s\000\040\000o\000u\000\040\000m\000\372\000l\000t\000i\000p\000l\000a\000s}{chapter.3}% 33
\BOOKMARK [0][-]{chapter.4}{\376\377\000D\000a\000d\000o\000s\000\040\000e\000\040\000m\000e\000t\000a\000d\000a\000d\000o\000s}{}% 34
\BOOKMARK [1][-]{section.4.1}{\376\377\000D\000a\000d\000o\000s}{chapter.4}% 35
\BOOKMARK [1][-]{section.4.2}{\376\377\000D\000a\000d\000o\000s\000\040\000p\000e\000r\000d\000i\000d\000o\000s}{chapter.4}% 36
\BOOKMARK [1][-]{section.4.3}{\376\377\000M\000e\000t\000a\000d\000a\000d\000o\000s}{chapter.4}% 37
\BOOKMARK [0][-]{chapter.5}{\376\377\000V\000a\000r\000i\000\341\000v\000e\000i\000s\000\040\000e\000\040\000f\000a\000t\000o\000r\000e\000s}{}% 38
\BOOKMARK [1][-]{section.5.1}{\376\377\000V\000a\000r\000i\000\341\000v\000e\000i\000s}{chapter.5}% 39
\BOOKMARK [1][-]{section.5.2}{\376\377\000T\000r\000a\000n\000s\000f\000o\000r\000m\000a\000\347\000\343\000o\000\040\000d\000e\000\040\000v\000a\000r\000i\000\341\000v\000e\000i\000s\000\040\000c\000o\000n\000t\000\355\000n\000u\000a\000s}{chapter.5}% 40
\BOOKMARK [1][-]{section.5.3}{\376\377\000C\000a\000t\000e\000g\000o\000r\000i\000z\000a\000\347\000\343\000o\000\040\000d\000e\000\040\000v\000a\000r\000i\000\341\000v\000e\000i\000s\000\040\000c\000o\000n\000t\000\355\000n\000u\000a\000s}{chapter.5}% 41
\BOOKMARK [1][-]{section.5.4}{\376\377\000D\000i\000c\000o\000t\000o\000m\000i\000z\000a\000\347\000\343\000o\000\040\000d\000e\000\040\000v\000a\000r\000i\000\341\000v\000e\000i\000s\000\040\000c\000o\000n\000t\000\355\000n\000u\000a\000s}{chapter.5}% 42
\BOOKMARK [1][-]{section.5.5}{\376\377\000F\000a\000t\000o\000r\000e\000s}{chapter.5}% 43
\BOOKMARK [0][-]{chapter.6}{\376\377\000D\000i\000s\000t\000r\000i\000b\000u\000i\000\347\000\365\000e\000s\000\040\000e\000\040\000p\000a\000r\000\342\000m\000e\000t\000r\000o\000s}{}% 44
\BOOKMARK [1][-]{section.6.1}{\376\377\000D\000i\000s\000t\000r\000i\000b\000u\000i\000\347\000\365\000e\000s\000\040\000d\000e\000\040\000p\000r\000o\000b\000a\000b\000i\000l\000i\000d\000a\000d\000e}{chapter.6}% 45
\BOOKMARK [1][-]{section.6.2}{\376\377\000P\000a\000r\000\342\000m\000e\000t\000r\000o\000s}{chapter.6}% 46
\BOOKMARK [1][-]{section.6.3}{\376\377\000V\000a\000l\000o\000r\000e\000s\000\040\000d\000i\000s\000c\000r\000e\000p\000a\000n\000t\000e\000s}{chapter.6}% 47
\BOOKMARK [0][-]{chapter.7}{\376\377\000T\000a\000b\000u\000l\000a\000\347\000\343\000o\000\040\000d\000e\000\040\000d\000a\000d\000o\000s}{}% 48
\BOOKMARK [1][-]{section.7.1}{\376\377\000P\000l\000a\000n\000i\000l\000h\000a\000s\000\040\000e\000l\000e\000t\000r\000\364\000n\000i\000c\000a\000s}{chapter.7}% 49
\BOOKMARK [0][-]{chapter*.16}{\376\377\000P\000A\000R\000T\000E\000\040\0002\000\040\000-\000\040\000E\000p\000i\000d\000e\000m\000i\000o\000l\000o\000g\000i\000a\000\040\000A\000p\000l\000i\000c\000a\000d\000a}{}% 50
\BOOKMARK [0][-]{chapter.8}{\376\377\000P\000e\000n\000s\000a\000m\000e\000n\000t\000o\000\040\000m\000e\000t\000o\000d\000o\000l\000\363\000g\000i\000c\000o}{}% 51
\BOOKMARK [1][-]{section.8.1}{\376\377\000P\000o\000p\000u\000l\000a\000\347\000\343\000o}{chapter.8}% 52
\BOOKMARK [1][-]{section.8.2}{\376\377\000A\000m\000o\000s\000t\000r\000a\000g\000e\000m}{chapter.8}% 53
\BOOKMARK [1][-]{section.8.3}{\376\377\000T\000a\000m\000a\000n\000h\000o\000\040\000d\000a\000\040\000a\000m\000o\000s\000t\000r\000a}{chapter.8}% 54
\BOOKMARK [1][-]{section.8.4}{\376\377\000V\000a\000l\000i\000d\000a\000d\000e\000\040\000d\000o\000\040\000e\000s\000t\000u\000d\000o}{chapter.8}% 55
\BOOKMARK [1][-]{section.8.5}{\376\377\000P\000a\000r\000e\000a\000m\000e\000n\000t\000o}{chapter.8}% 56
\BOOKMARK [1][-]{section.8.6}{\376\377\000A\000l\000o\000c\000a\000\347\000\343\000o}{chapter.8}% 57
\BOOKMARK [1][-]{section.8.7}{\376\377\000A\000l\000e\000a\000t\000o\000r\000i\000z\000a\000\347\000\343\000o}{chapter.8}% 58
\BOOKMARK [0][-]{chapter.9}{\376\377\000V\000i\000e\000s\000e\000s\000\040\000m\000e\000t\000o\000d\000o\000l\000\363\000g\000i\000c\000o\000s}{}% 59
\BOOKMARK [1][-]{section.9.1}{\376\377\000V\000i\000e\000s\000e\000s}{chapter.9}% 60
\BOOKMARK [0][-]{chapter.10}{\376\377\000D\000e\000l\000i\000n\000e\000a\000m\000e\000n\000t\000o\000\040\000d\000e\000\040\000e\000s\000t\000u\000d\000o\000s}{}% 61
\BOOKMARK [1][-]{section.10.1}{\376\377\000C\000l\000a\000s\000s\000i\000f\000i\000c\000a\000\347\000\343\000o}{chapter.10}% 62
\BOOKMARK [0][-]{chapter.11}{\376\377\000E\000n\000s\000a\000i\000o\000s\000\040\000c\000l\000\355\000n\000i\000c\000o\000s\000\040\000a\000l\000e\000a\000t\000o\000r\000i\000z\000a\000d\000o\000s}{}% 63
\BOOKMARK [1][-]{section.11.1}{\376\377\000C\000a\000r\000a\000c\000t\000e\000r\000\355\000s\000t\000i\000c\000a\000s}{chapter.11}% 64
\BOOKMARK [1][-]{section.11.2}{\376\377\000M\000o\000d\000e\000l\000o\000s\000\040\000d\000e\000\040\000a\000n\000\341\000l\000i\000s\000e\000\040\000d\000e\000\040\000c\000o\000m\000p\000a\000r\000a\000\347\000\343\000o}{chapter.11}% 65
\BOOKMARK [1][-]{section.11.3}{\376\377\000A\000j\000u\000s\000t\000e\000\040\000d\000e\000\040\000c\000o\000v\000a\000r\000i\000\341\000v\000e\000i\000s}{chapter.11}% 66
\BOOKMARK [1][-]{section.11.4}{\376\377\000C\000o\000m\000p\000a\000r\000a\000\347\000\343\000o\000\040\000n\000a\000\040\000l\000i\000n\000h\000a\000\040\000d\000e\000\040\000b\000a\000s\000e}{chapter.11}% 67
\BOOKMARK [1][-]{section.11.5}{\376\377\000C\000o\000m\000p\000a\000r\000a\000\347\000\343\000o\000\040\000i\000n\000t\000r\000a\000g\000r\000u\000p\000o\000s}{chapter.11}% 68
\BOOKMARK [1][-]{section.11.6}{\376\377\000C\000o\000m\000p\000a\000r\000a\000\347\000\343\000o\000\040\000e\000n\000t\000r\000e\000\040\000g\000r\000u\000p\000o\000s}{chapter.11}% 69
\BOOKMARK [1][-]{section.11.7}{\376\377\000E\000f\000e\000i\000t\000o\000\040\000d\000e\000\040\000i\000n\000t\000e\000r\000a\000\347\000\343\000o}{chapter.11}% 70
\BOOKMARK [0][-]{chapter.12}{\376\377\000D\000e\000s\000e\000m\000p\000e\000n\000h\000o\000\040\000d\000i\000a\000g\000n\000\363\000s\000t\000i\000c\000o}{}% 71
\BOOKMARK [1][-]{section.12.1}{\376\377\000T\000a\000b\000e\000l\000a\000s\000\040\0002\000x\0002}{chapter.12}% 72
\BOOKMARK [1][-]{section.12.2}{\376\377\000C\000u\000r\000v\000a\000s\000\040\000R\000O\000C}{chapter.12}% 73
\BOOKMARK [0][-]{chapter.13}{\376\377\000C\000o\000n\000c\000o\000r\000d\000\342\000n\000c\000i\000a\000\040\000e\000\040\000c\000o\000n\000f\000i\000a\000b\000i\000l\000i\000d\000a\000d\000e}{}% 74
\BOOKMARK [1][-]{section.13.1}{\376\377\000P\000r\000o\000b\000l\000e\000m\000a\000s\000\040\000d\000e\000\040\000p\000e\000s\000q\000u\000i\000s\000a}{chapter.13}% 75
\BOOKMARK [1][-]{section.13.2}{\376\377\000C\000o\000n\000c\000o\000r\000d\000\342\000n\000c\000i\000a}{chapter.13}% 76
\BOOKMARK [1][-]{section.13.3}{\376\377\000C\000o\000n\000f\000i\000a\000b\000i\000l\000i\000d\000a\000d\000e}{chapter.13}% 77
\BOOKMARK [0][-]{chapter.14}{\376\377\000M\000e\000t\000a\000-\000a\000n\000\341\000l\000i\000s\000e\000s}{}% 78
\BOOKMARK [1][-]{section.14.1}{\376\377\000I\000n\000t\000e\000r\000p\000r\000e\000t\000a\000\347\000\343\000o}{chapter.14}% 79
\BOOKMARK [0][-]{chapter.15}{\376\377\000S\000i\000m\000u\000l\000a\000\347\000\343\000o\000\040\000c\000o\000m\000p\000u\000t\000a\000c\000i\000o\000n\000a\000l}{}% 80
\BOOKMARK [1][-]{section.15.1}{\376\377\000S\000i\000m\000u\000l\000a\000\347\000\343\000o\000\040\000c\000o\000m\000p\000u\000t\000a\000c\000i\000o\000n\000a\000l\000\040\000d\000e\000\040\000d\000a\000d\000o\000s}{chapter.15}% 81
\BOOKMARK [0][-]{chapter*.17}{\376\377\000P\000A\000R\000T\000E\000\040\0003\000\040\000-\000\040\000E\000s\000t\000a\000t\000\355\000s\000t\000i\000c\000a\000\040\000\046\000\040\000E\000p\000i\000d\000e\000m\000i\000o\000l\000o\000g\000i\000a}{}% 82
\BOOKMARK [0][-]{chapter.16}{\376\377\000S\000e\000l\000e\000\347\000\343\000o\000\040\000d\000e\000\040\000t\000e\000s\000t\000e\000s}{}% 83
\BOOKMARK [1][-]{section.16.1}{\376\377\000E\000s\000c\000o\000l\000h\000a\000\040\000d\000e\000\040\000t\000e\000s\000t\000e\000s\000\040\000p\000a\000r\000a\000\040\000a\000n\000\341\000l\000i\000s\000e\000\040\000i\000n\000f\000e\000r\000e\000n\000c\000i\000a\000l}{chapter.16}% 84
\BOOKMARK [0][-]{chapter.17}{\376\377\000A\000n\000\341\000l\000i\000s\000e\000\040\000i\000n\000i\000c\000i\000a\000l\000\040\000d\000e\000\040\000d\000a\000d\000o\000s}{}% 85
\BOOKMARK [1][-]{section.17.1}{\376\377\000A\000n\000\341\000l\000i\000s\000e\000\040\000i\000n\000i\000c\000i\000a\000l\000\040\000d\000e\000\040\000d\000a\000d\000o\000s}{chapter.17}% 86
\BOOKMARK [0][-]{chapter.18}{\376\377\000A\000n\000\341\000l\000i\000s\000e\000\040\000e\000x\000p\000l\000o\000r\000a\000t\000\363\000r\000i\000a\000\040\000d\000e\000\040\000d\000a\000d\000o\000s}{}% 87
\BOOKMARK [1][-]{section.18.1}{\376\377\000A\000n\000\341\000l\000i\000s\000e\000\040\000e\000x\000p\000l\000o\000r\000a\000t\000\363\000r\000i\000a\000\040\000d\000e\000\040\000d\000a\000d\000o\000s}{chapter.18}% 88
\BOOKMARK [0][-]{chapter.19}{\376\377\000A\000n\000\341\000l\000i\000s\000e\000\040\000d\000e\000s\000c\000r\000i\000t\000i\000v\000a}{}% 89
\BOOKMARK [1][-]{section.19.1}{\376\377\000A\000n\000\341\000l\000i\000s\000e\000\040\000d\000e\000s\000c\000r\000i\000t\000i\000v\000a}{chapter.19}% 90
\BOOKMARK [1][-]{section.19.2}{\376\377\000T\000a\000b\000e\000l\000a\000s}{chapter.19}% 91
\BOOKMARK [1][-]{section.19.3}{\376\377\000T\000a\000b\000e\000l\000a\000\040\0001}{chapter.19}% 92
\BOOKMARK [1][-]{section.19.4}{\376\377\000T\000a\000b\000e\000l\000a\000\040\0002}{chapter.19}% 93
\BOOKMARK [1][-]{section.19.5}{\376\377\000G\000r\000\341\000f\000i\000c\000o\000s}{chapter.19}% 94
\BOOKMARK [0][-]{chapter.20}{\376\377\000A\000n\000\341\000l\000i\000s\000e\000\040\000i\000n\000f\000e\000r\000e\000n\000c\000i\000a\000l}{}% 95
\BOOKMARK [1][-]{section.20.1}{\376\377\000I\000d\000e\000i\000a\000s\000\040\000e\000\040\000h\000i\000p\000\363\000t\000e\000s\000e\000s\000\040\000c\000i\000e\000n\000t\000\355\000f\000i\000c\000a\000s}{chapter.20}% 96
\BOOKMARK [1][-]{section.20.2}{\376\377\000T\000e\000s\000t\000e\000s\000\040\000d\000e\000\040\000h\000i\000p\000\363\000t\000e\000s\000e\000s}{chapter.20}% 97
\BOOKMARK [1][-]{section.20.3}{\376\377\000A\000n\000\341\000l\000i\000s\000e\000\040\000i\000n\000f\000e\000r\000e\000n\000c\000i\000a\000l}{chapter.20}% 98
\BOOKMARK [1][-]{section.20.4}{\376\377\000E\000r\000r\000o\000s\000\040\000d\000e\000\040\000i\000n\000f\000e\000r\000\352\000n\000c\000i\000a}{chapter.20}% 99
\BOOKMARK [1][-]{section.20.5}{\376\377\000T\000a\000m\000a\000n\000h\000o\000\040\000d\000o\000\040\000e\000f\000e\000i\000t\000o}{chapter.20}% 100
\BOOKMARK [1][-]{section.20.6}{\376\377\000P\000-\000v\000a\000l\000o\000r}{chapter.20}% 101
\BOOKMARK [1][-]{section.20.7}{\376\377\000T\000i\000p\000o\000s\000\040\000d\000e\000\040\000a\000n\000\341\000l\000i\000s\000e\000s\000\040\000i\000n\000f\000e\000r\000e\000n\000c\000i\000a\000i\000s}{chapter.20}% 102
\BOOKMARK [0][-]{chapter.21}{\376\377\000C\000o\000m\000p\000u\000t\000a\000\347\000\343\000o\000\040\000e\000s\000t\000a\000t\000\355\000s\000t\000i\000c\000a}{}% 103
\BOOKMARK [1][-]{section.21.1}{\376\377\000P\000o\000r\000\040\000o\000n\000d\000e\000\040\000c\000o\000m\000e\000\347\000a\000r}{chapter.21}% 104
\BOOKMARK [0][-]{chapter.22}{\376\377\000C\000o\000m\000p\000a\000r\000a\000\347\000\343\000o}{}% 105
\BOOKMARK [1][-]{section.22.1}{\376\377\000A\000n\000\341\000l\000i\000s\000e\000\040\000i\000n\000f\000e\000r\000e\000n\000c\000i\000a\000l\000\040\000d\000e\000\040\000c\000o\000m\000p\000a\000r\000a\000\347\000\343\000o}{chapter.22}% 106
\BOOKMARK [0][-]{chapter.23}{\376\377\000C\000o\000r\000r\000e\000l\000a\000\347\000\343\000o}{}% 107
\BOOKMARK [1][-]{section.23.1}{\376\377\000A\000n\000\341\000l\000i\000s\000e\000\040\000d\000e\000\040\000c\000o\000r\000r\000e\000l\000a\000\347\000\343\000o}{chapter.23}% 108
\BOOKMARK [0][-]{chapter.24}{\376\377\000A\000s\000s\000o\000c\000i\000a\000\347\000\343\000o}{}% 109
\BOOKMARK [1][-]{section.24.1}{\376\377\000A\000n\000\341\000l\000i\000s\000e\000\040\000d\000e\000\040\000a\000s\000s\000o\000c\000i\000a\000\347\000\343\000o}{chapter.24}% 110
\BOOKMARK [1][-]{section.24.2}{\376\377\000A\000s\000s\000o\000c\000i\000a\000\347\000\343\000o\000\040\000b\000i\000v\000a\000r\000i\000a\000d\000a}{chapter.24}% 111
\BOOKMARK [0][-]{chapter.25}{\376\377\000R\000e\000g\000r\000e\000s\000s\000\343\000o}{}% 112
\BOOKMARK [1][-]{section.25.1}{\376\377\000A\000n\000\341\000l\000i\000s\000e\000\040\000d\000e\000\040\000r\000e\000g\000r\000e\000s\000s\000\343\000o}{chapter.25}% 113
\BOOKMARK [1][-]{section.25.2}{\376\377\000R\000e\000g\000r\000e\000s\000s\000\343\000o\000\040\000s\000i\000m\000p\000l\000e\000s\000,\000\040\000m\000u\000l\000t\000i\000v\000a\000r\000i\000\341\000v\000e\000l\000\040\000e\000\040\000m\000u\000l\000t\000i\000v\000a\000r\000i\000a\000d\000a}{chapter.25}% 114
\BOOKMARK [1][-]{section.25.3}{\376\377\000E\000f\000e\000i\000t\000o\000\040\000p\000r\000i\000n\000c\000i\000p\000a\000l}{chapter.25}% 115
\BOOKMARK [1][-]{section.25.4}{\376\377\000E\000f\000e\000i\000t\000o\000\040\000d\000e\000\040\000m\000o\000d\000i\000f\000i\000c\000a\000\347\000\343\000o}{chapter.25}% 116
\BOOKMARK [1][-]{section.25.5}{\376\377\000E\000f\000e\000i\000t\000o\000\040\000d\000e\000\040\000i\000n\000t\000e\000r\000a\000\347\000\343\000o}{chapter.25}% 117
\BOOKMARK [1][-]{section.25.6}{\376\377\000E\000f\000e\000i\000t\000o\000\040\000d\000e\000\040\000m\000e\000d\000i\000a\000\347\000\343\000o}{chapter.25}% 118
\BOOKMARK [1][-]{section.25.7}{\376\377\000S\000e\000l\000e\000\347\000\343\000o\000\040\000d\000e\000\040\000v\000a\000r\000i\000\341\000v\000e\000i\000s}{chapter.25}% 119
\BOOKMARK [0][-]{chapter.26}{\376\377\000R\000e\000d\000e\000s}{}% 120
\BOOKMARK [1][-]{section.26.1}{\376\377\000A\000n\000\341\000l\000i\000s\000e\000\040\000d\000e\000\040\000r\000e\000d\000e\000s}{chapter.26}% 121
\BOOKMARK [0][-]{chapter.27}{\376\377\000T\000e\000s\000t\000e\000s\000\040\000e\000s\000t\000a\000t\000\355\000s\000t\000i\000c\000o\000s}{}% 122
\BOOKMARK [1][-]{section.27.1}{\376\377\000T\000e\000s\000t\000e\000\040\000d\000e\000\040\000Q\000u\000i\000-\000q\000u\000a\000d\000r\000a\000d\000o\000\040\000\050\000\134\000c\000h\000i\000\136\0002\000\051}{chapter.27}% 123
\BOOKMARK [1][-]{section.27.2}{\376\377\000T\000e\000s\000t\000e\000\040\000e\000x\000a\000t\000o\000\040\000d\000e\000\040\000F\000i\000s\000h\000e\000r}{chapter.27}% 124
\BOOKMARK [0][-]{chapter*.24}{\376\377\000P\000A\000R\000T\000E\000\040\0004\000\040\000-\000\040\000P\000r\000o\000d\000u\000\347\000\343\000o\000\040\000B\000i\000b\000l\000i\000o\000g\000r\000\341\000f\000i\000c\000a}{}% 125
\BOOKMARK [0][-]{chapter.28}{\376\377\000M\000a\000n\000u\000s\000c\000r\000i\000t\000o\000s\000\040\000r\000e\000p\000r\000o\000d\000u\000t\000\355\000v\000e\000i\000s}{}% 126
\BOOKMARK [1][-]{section.28.1}{\376\377\000M\000a\000n\000u\000s\000c\000r\000i\000t\000o\000s\000\040\000r\000e\000p\000r\000o\000d\000u\000t\000\355\000v\000e\000i\000s}{chapter.28}% 127
\BOOKMARK [0][-]{chapter.29}{\376\377\000R\000e\000d\000a\000\347\000\343\000o\000\040\000e\000s\000t\000a\000t\000\355\000s\000t\000i\000c\000a}{}% 128
\BOOKMARK [1][-]{section.29.1}{\376\377\000D\000i\000r\000e\000t\000r\000i\000z\000e\000s}{chapter.29}% 129
\BOOKMARK [1][-]{section.29.2}{\376\377\000C\000h\000e\000c\000k\000l\000i\000s\000t\000s}{chapter.29}% 130
\BOOKMARK [0][-]{chapter*.25}{\376\377\000B\000I\000B\000L\000I\000O\000G\000R\000A\000F\000I\000A}{}% 131
\BOOKMARK [0][-]{chapter.30}{\376\377\000F\000o\000n\000t\000e\000s\000\040\000e\000x\000t\000e\000r\000n\000a\000s}{}% 132
\BOOKMARK [1][-]{section.30.1}{\376\377\000R\000S\000S}{chapter.30}% 133
\BOOKMARK [1][-]{section.30.2}{\376\377\000B\000M\000J}{chapter.30}% 134
\BOOKMARK [1][-]{section.30.3}{\376\377\000J\000A\000M\000A}{chapter.30}% 135
\BOOKMARK [1][-]{section.30.4}{\376\377\000A\000H\000A\000/\000A\000S\000A}{chapter.30}% 136
\BOOKMARK [1][-]{section.30.5}{\376\377\000N\000P\000G}{chapter.30}% 137
\BOOKMARK [1][-]{section.30.6}{\376\377\000W\000i\000l\000e\000y}{chapter.30}% 138
\BOOKMARK [1][-]{section.30.7}{\376\377\000A\000P\000E}{chapter.30}% 139
\BOOKMARK [0][-]{chapter*.26}{\376\377\000R\000e\000f\000e\000r\000\352\000n\000c\000i\000a\000s}{}% 140
