This is XeTeX, Version 3.141592653-2.6-0.999995 (TeX Live 2023) (preloaded format=xelatex 2023.9.5)  9 SEP 2023 21:58
entering extended mode
 restricted \write18 enabled.
 %&-line parsing enabled.
**R-Book.tex
(./R-Book.tex
LaTeX2e <2023-06-01> patch level 1
L3 programming layer <2023-08-29>
(/Users/asferreira/Library/TinyTeX/texmf-dist/tex/latex/base/book.cls
Document Class: book 2023/05/17 v1.4n Standard LaTeX document class
(/Users/asferreira/Library/TinyTeX/texmf-dist/tex/latex/base/bk10.clo
File: bk10.clo 2023/05/17 v1.4n Standard LaTeX file (size option)
)
\c@part=\count181
\c@chapter=\count182
\c@section=\count183
\c@subsection=\count184
\c@subsubsection=\count185
\c@paragraph=\count186
\c@subparagraph=\count187
\c@figure=\count188
\c@table=\count189
\abovecaptionskip=\skip48
\belowcaptionskip=\skip49
\bibindent=\dimen140
) (/Users/asferreira/Library/TinyTeX/texmf-dist/tex/latex/amsmath/amsmath.sty
Package: amsmath 2023/05/13 v2.17o AMS math features
\@mathmargin=\skip50
For additional information on amsmath, use the `?' option.
(/Users/asferreira/Library/TinyTeX/texmf-dist/tex/latex/amsmath/amstext.sty
Package: amstext 2021/08/26 v2.01 AMS text
(/Users/asferreira/Library/TinyTeX/texmf-dist/tex/latex/amsmath/amsgen.sty
File: amsgen.sty 1999/11/30 v2.0 generic functions
\@emptytoks=\toks17
\ex@=\dimen141
)) (/Users/asferreira/Library/TinyTeX/texmf-dist/tex/latex/amsmath/amsbsy.sty
Package: amsbsy 1999/11/29 v1.2d Bold Symbols
\pmbraise@=\dimen142
) (/Users/asferreira/Library/TinyTeX/texmf-dist/tex/latex/amsmath/amsopn.sty
Package: amsopn 2022/04/08 v2.04 operator names
)
\inf@bad=\count190
LaTeX Info: Redefining \frac on input line 234.
\uproot@=\count191
\leftroot@=\count192
LaTeX Info: Redefining \overline on input line 399.
LaTeX Info: Redefining \colon on input line 410.
\classnum@=\count193
\DOTSCASE@=\count194
LaTeX Info: Redefining \ldots on input line 496.
LaTeX Info: Redefining \dots on input line 499.
LaTeX Info: Redefining \cdots on input line 620.
\Mathstrutbox@=\box51
\strutbox@=\box52
LaTeX Info: Redefining \big on input line 722.
LaTeX Info: Redefining \Big on input line 723.
LaTeX Info: Redefining \bigg on input line 724.
LaTeX Info: Redefining \Bigg on input line 725.
\big@size=\dimen143
LaTeX Font Info:    Redeclaring font encoding OML on input line 743.
LaTeX Font Info:    Redeclaring font encoding OMS on input line 744.
\macc@depth=\count195
LaTeX Info: Redefining \bmod on input line 905.
LaTeX Info: Redefining \pmod on input line 910.
LaTeX Info: Redefining \smash on input line 940.
LaTeX Info: Redefining \relbar on input line 970.
LaTeX Info: Redefining \Relbar on input line 971.
\c@MaxMatrixCols=\count196
\dotsspace@=\muskip16
\c@parentequation=\count197
\dspbrk@lvl=\count198
\tag@help=\toks18
\row@=\count199
\column@=\count266
\maxfields@=\count267
\andhelp@=\toks19
\eqnshift@=\dimen144
\alignsep@=\dimen145
\tagshift@=\dimen146
\tagwidth@=\dimen147
\totwidth@=\dimen148
\lineht@=\dimen149
\@envbody=\toks20
\multlinegap=\skip51
\multlinetaggap=\skip52
\mathdisplay@stack=\toks21
LaTeX Info: Redefining \[ on input line 2953.
LaTeX Info: Redefining \] on input line 2954.
) (/Users/asferreira/Library/TinyTeX/texmf-dist/tex/latex/amsfonts/amssymb.sty
Package: amssymb 2013/01/14 v3.01 AMS font symbols
(/Users/asferreira/Library/TinyTeX/texmf-dist/tex/latex/amsfonts/amsfonts.sty
Package: amsfonts 2013/01/14 v3.01 Basic AMSFonts support
\symAMSa=\mathgroup4
\symAMSb=\mathgroup5
LaTeX Font Info:    Redeclaring math symbol \hbar on input line 98.
LaTeX Font Info:    Overwriting math alphabet `\mathfrak' in version `bold'
(Font)                  U/euf/m/n --> U/euf/b/n on input line 106.
)) (/Users/asferreira/Library/TinyTeX/texmf-dist/tex/generic/iftex/iftex.sty
Package: iftex 2022/02/03 v1.0f TeX engine tests
) (/Users/asferreira/Library/TinyTeX/texmf-dist/tex/latex/unicode-math/unicode-math.sty (/Users/asferreira/Library/TinyTeX/texmf-dist/tex/latex/l3kernel/expl3.sty
Package: expl3 2023-08-29 L3 programming layer (loader) 
(/Users/asferreira/Library/TinyTeX/texmf-dist/tex/latex/l3backend/l3backend-xetex.def
File: l3backend-xetex.def 2023-04-19 L3 backend support: XeTeX
\g__graphics_track_int=\count268
\l__pdf_internal_box=\box53
\g__pdf_backend_object_int=\count269
\g__pdf_backend_annotation_int=\count270
\g__pdf_backend_link_int=\count271
))
Package: unicode-math 2023/08/13 v0.8r Unicode maths in XeLaTeX and LuaLaTeX
(/Users/asferreira/Library/TinyTeX/texmf-dist/tex/latex/unicode-math/unicode-math-xetex.sty
Package: unicode-math-xetex 2023/08/13 v0.8r Unicode maths in XeLaTeX and LuaLaTeX
(/Users/asferreira/Library/TinyTeX/texmf-dist/tex/latex/l3packages/xparse/xparse.sty
Package: xparse 2023-08-29 L3 Experimental document command parser
) (/Users/asferreira/Library/TinyTeX/texmf-dist/tex/latex/l3packages/l3keys2e/l3keys2e.sty
Package: l3keys2e 2023-08-29 LaTeX2e option processing using LaTeX3 keys
) (/Users/asferreira/Library/TinyTeX/texmf-dist/tex/latex/fontspec/fontspec.sty
Package: fontspec 2022/01/15 v2.8a Font selection for XeLaTeX and LuaLaTeX
(/Users/asferreira/Library/TinyTeX/texmf-dist/tex/latex/fontspec/fontspec-xetex.sty
Package: fontspec-xetex 2022/01/15 v2.8a Font selection for XeLaTeX and LuaLaTeX
\l__fontspec_script_int=\count272
\l__fontspec_language_int=\count273
\l__fontspec_strnum_int=\count274
\l__fontspec_tmp_int=\count275
\l__fontspec_tmpa_int=\count276
\l__fontspec_tmpb_int=\count277
\l__fontspec_tmpc_int=\count278
\l__fontspec_em_int=\count279
\l__fontspec_emdef_int=\count280
\l__fontspec_strong_int=\count281
\l__fontspec_strongdef_int=\count282
\l__fontspec_tmpa_dim=\dimen150
\l__fontspec_tmpb_dim=\dimen151
\l__fontspec_tmpc_dim=\dimen152
(/Users/asferreira/Library/TinyTeX/texmf-dist/tex/latex/base/fontenc.sty
Package: fontenc 2021/04/29 v2.0v Standard LaTeX package
) (/Users/asferreira/Library/TinyTeX/texmf-dist/tex/latex/fontspec/fontspec.cfg))) (/Users/asferreira/Library/TinyTeX/texmf-dist/tex/latex/base/fix-cm.sty
Package: fix-cm 2020/11/24 v1.1t fixes to LaTeX
(/Users/asferreira/Library/TinyTeX/texmf-dist/tex/latex/base/ts1enc.def
File: ts1enc.def 2001/06/05 v3.0e (jk/car/fm) Standard LaTeX file
LaTeX Font Info:    Redeclaring font encoding TS1 on input line 47.
))
\g__um_fam_int=\count283
\g__um_fonts_used_int=\count284
\l__um_primecount_int=\count285
\g__um_primekern_muskip=\muskip17
(/Users/asferreira/Library/TinyTeX/texmf-dist/tex/latex/unicode-math/unicode-math-table.tex))) (/Users/asferreira/Library/TinyTeX/texmf-dist/tex/latex/lm/lmodern.sty
Package: lmodern 2015/05/01 v1.6.1 Latin Modern Fonts
LaTeX Font Info:    Overwriting symbol font `operators' in version `normal'
(Font)                  OT1/cmr/m/n --> OT1/lmr/m/n on input line 22.
LaTeX Font Info:    Overwriting symbol font `letters' in version `normal'
(Font)                  OML/cmm/m/it --> OML/lmm/m/it on input line 23.
LaTeX Font Info:    Overwriting symbol font `symbols' in version `normal'
(Font)                  OMS/cmsy/m/n --> OMS/lmsy/m/n on input line 24.
LaTeX Font Info:    Overwriting symbol font `largesymbols' in version `normal'
(Font)                  OMX/cmex/m/n --> OMX/lmex/m/n on input line 25.
LaTeX Font Info:    Overwriting symbol font `operators' in version `bold'
(Font)                  OT1/cmr/bx/n --> OT1/lmr/bx/n on input line 26.
LaTeX Font Info:    Overwriting symbol font `letters' in version `bold'
(Font)                  OML/cmm/b/it --> OML/lmm/b/it on input line 27.
LaTeX Font Info:    Overwriting symbol font `symbols' in version `bold'
(Font)                  OMS/cmsy/b/n --> OMS/lmsy/b/n on input line 28.
LaTeX Font Info:    Overwriting symbol font `largesymbols' in version `bold'
(Font)                  OMX/cmex/m/n --> OMX/lmex/m/n on input line 29.
LaTeX Font Info:    Overwriting math alphabet `\mathbf' in version `normal'
(Font)                  OT1/cmr/bx/n --> OT1/lmr/bx/n on input line 31.
LaTeX Font Info:    Overwriting math alphabet `\mathsf' in version `normal'
(Font)                  OT1/cmss/m/n --> OT1/lmss/m/n on input line 32.
LaTeX Font Info:    Overwriting math alphabet `\mathit' in version `normal'
(Font)                  OT1/cmr/m/it --> OT1/lmr/m/it on input line 33.
LaTeX Font Info:    Overwriting math alphabet `\mathtt' in version `normal'
(Font)                  OT1/cmtt/m/n --> OT1/lmtt/m/n on input line 34.
LaTeX Font Info:    Overwriting math alphabet `\mathbf' in version `bold'
(Font)                  OT1/cmr/bx/n --> OT1/lmr/bx/n on input line 35.
LaTeX Font Info:    Overwriting math alphabet `\mathsf' in version `bold'
(Font)                  OT1/cmss/bx/n --> OT1/lmss/bx/n on input line 36.
LaTeX Font Info:    Overwriting math alphabet `\mathit' in version `bold'
(Font)                  OT1/cmr/bx/it --> OT1/lmr/bx/it on input line 37.
LaTeX Font Info:    Overwriting math alphabet `\mathtt' in version `bold'
(Font)                  OT1/cmtt/m/n --> OT1/lmtt/m/n on input line 38.
) (/Users/asferreira/Library/TinyTeX/texmf-dist/tex/latex/xcolor/xcolor.sty
Package: xcolor 2022/06/12 v2.14 LaTeX color extensions (UK)
(/Users/asferreira/Library/TinyTeX/texmf-dist/tex/latex/graphics-cfg/color.cfg
File: color.cfg 2016/01/02 v1.6 sample color configuration
)
Package xcolor Info: Driver file: xetex.def on input line 227.
(/Users/asferreira/Library/TinyTeX/texmf-dist/tex/latex/graphics-def/xetex.def
File: xetex.def 2022/09/22 v5.0n Graphics/color driver for xetex
) (/Users/asferreira/Library/TinyTeX/texmf-dist/tex/latex/graphics/mathcolor.ltx)
Package xcolor Info: Model `cmy' substituted by `cmy0' on input line 1353.
Package xcolor Info: Model `RGB' extended on input line 1369.
Package xcolor Info: Model `HTML' substituted by `rgb' on input line 1371.
Package xcolor Info: Model `Hsb' substituted by `hsb' on input line 1372.
Package xcolor Info: Model `tHsb' substituted by `hsb' on input line 1373.
Package xcolor Info: Model `HSB' substituted by `hsb' on input line 1374.
Package xcolor Info: Model `Gray' substituted by `gray' on input line 1375.
Package xcolor Info: Model `wave' substituted by `hsb' on input line 1376.
) (/Users/asferreira/Library/TinyTeX/texmf-dist/tex/latex/geometry/geometry.sty
Package: geometry 2020/01/02 v5.9 Page Geometry
(/Users/asferreira/Library/TinyTeX/texmf-dist/tex/latex/graphics/keyval.sty
Package: keyval 2022/05/29 v1.15 key=value parser (DPC)
\KV@toks@=\toks22
) (/Users/asferreira/Library/TinyTeX/texmf-dist/tex/generic/iftex/ifvtex.sty
Package: ifvtex 2019/10/25 v1.7 ifvtex legacy package. Use iftex instead.
)
\Gm@cnth=\count286
\Gm@cntv=\count287
\c@Gm@tempcnt=\count288
\Gm@bindingoffset=\dimen153
\Gm@wd@mp=\dimen154
\Gm@odd@mp=\dimen155
\Gm@even@mp=\dimen156
\Gm@layoutwidth=\dimen157
\Gm@layoutheight=\dimen158
\Gm@layouthoffset=\dimen159
\Gm@layoutvoffset=\dimen160
\Gm@dimlist=\toks23
) (/Users/asferreira/Library/TinyTeX/texmf-dist/tex/latex/tools/longtable.sty
Package: longtable 2021-09-01 v4.17 Multi-page Table package (DPC)
\LTleft=\skip53
\LTright=\skip54
\LTpre=\skip55
\LTpost=\skip56
\LTchunksize=\count289
\LTcapwidth=\dimen161
\LT@head=\box54
\LT@firsthead=\box55
\LT@foot=\box56
\LT@lastfoot=\box57
\LT@gbox=\box58
\LT@cols=\count290
\LT@rows=\count291
\c@LT@tables=\count292
\c@LT@chunks=\count293
\LT@p@ftn=\toks24
) (/Users/asferreira/Library/TinyTeX/texmf-dist/tex/latex/booktabs/booktabs.sty
Package: booktabs 2020/01/12 v1.61803398 Publication quality tables
\heavyrulewidth=\dimen162
\lightrulewidth=\dimen163
\cmidrulewidth=\dimen164
\belowrulesep=\dimen165
\belowbottomsep=\dimen166
\aboverulesep=\dimen167
\abovetopsep=\dimen168
\cmidrulesep=\dimen169
\cmidrulekern=\dimen170
\defaultaddspace=\dimen171
\@cmidla=\count294
\@cmidlb=\count295
\@aboverulesep=\dimen172
\@belowrulesep=\dimen173
\@thisruleclass=\count296
\@lastruleclass=\count297
\@thisrulewidth=\dimen174
) (/Users/asferreira/Library/TinyTeX/texmf-dist/tex/latex/tools/array.sty
Package: array 2022/09/04 v2.5g Tabular extension package (FMi)
\col@sep=\dimen175
\ar@mcellbox=\box59
\extrarowheight=\dimen176
\NC@list=\toks25
\extratabsurround=\skip57
\backup@length=\skip58
\ar@cellbox=\box60
) (/Users/asferreira/Library/TinyTeX/texmf-dist/tex/latex/tools/calc.sty
Package: calc 2017/05/25 v4.3 Infix arithmetic (KKT,FJ)
\calc@Acount=\count298
\calc@Bcount=\count299
\calc@Adimen=\dimen177
\calc@Bdimen=\dimen178
\calc@Askip=\skip59
\calc@Bskip=\skip60
LaTeX Info: Redefining \setlength on input line 80.
LaTeX Info: Redefining \addtolength on input line 81.
\calc@Ccount=\count300
\calc@Cskip=\skip61
) (/Users/asferreira/Library/TinyTeX/texmf-dist/tex/latex/etoolbox/etoolbox.sty
Package: etoolbox 2020/10/05 v2.5k e-TeX tools for LaTeX (JAW)
\etb@tempcnta=\count301
) (/Users/asferreira/Library/TinyTeX/texmf-dist/tex/latex/mdwtools/footnote.sty
Package: footnote 1997/01/28 1.13 Save footnotes around boxes
\fn@notes=\box61
\fn@width=\dimen179
) (/Users/asferreira/Library/TinyTeX/texmf-dist/tex/latex/graphics/graphicx.sty
Package: graphicx 2021/09/16 v1.2d Enhanced LaTeX Graphics (DPC,SPQR)
(/Users/asferreira/Library/TinyTeX/texmf-dist/tex/latex/graphics/graphics.sty
Package: graphics 2022/03/10 v1.4e Standard LaTeX Graphics (DPC,SPQR)
(/Users/asferreira/Library/TinyTeX/texmf-dist/tex/latex/graphics/trig.sty
Package: trig 2021/08/11 v1.11 sin cos tan (DPC)
) (/Users/asferreira/Library/TinyTeX/texmf-dist/tex/latex/graphics-cfg/graphics.cfg
File: graphics.cfg 2016/06/04 v1.11 sample graphics configuration
)
Package graphics Info: Driver file: xetex.def on input line 107.
)
\Gin@req@height=\dimen180
\Gin@req@width=\dimen181
)
\cslhangindent=\skip62
\csllabelwidth=\skip63
\cslentryspacingunit=\skip64
(/Users/asferreira/Library/TinyTeX/texmf-dist/tex/latex/hyperref/hyperref.sty
Package: hyperref 2023-07-08 v7.01b Hypertext links for LaTeX
(/Users/asferreira/Library/TinyTeX/texmf-dist/tex/generic/ltxcmds/ltxcmds.sty
Package: ltxcmds 2020-05-10 v1.25 LaTeX kernel commands for general use (HO)
) (/Users/asferreira/Library/TinyTeX/texmf-dist/tex/generic/pdftexcmds/pdftexcmds.sty
Package: pdftexcmds 2020-06-27 v0.33 Utility functions of pdfTeX for LuaTeX (HO)
(/Users/asferreira/Library/TinyTeX/texmf-dist/tex/generic/infwarerr/infwarerr.sty
Package: infwarerr 2019/12/03 v1.5 Providing info/warning/error messages (HO)
)
Package pdftexcmds Info: \pdf@primitive is available.
Package pdftexcmds Info: \pdf@ifprimitive is available.
Package pdftexcmds Info: \pdfdraftmode not found.
) (/Users/asferreira/Library/TinyTeX/texmf-dist/tex/latex/kvsetkeys/kvsetkeys.sty
Package: kvsetkeys 2022-10-05 v1.19 Key value parser (HO)
) (/Users/asferreira/Library/TinyTeX/texmf-dist/tex/generic/kvdefinekeys/kvdefinekeys.sty
Package: kvdefinekeys 2019-12-19 v1.6 Define keys (HO)
) (/Users/asferreira/Library/TinyTeX/texmf-dist/tex/generic/pdfescape/pdfescape.sty
Package: pdfescape 2019/12/09 v1.15 Implements pdfTeX's escape features (HO)
) (/Users/asferreira/Library/TinyTeX/texmf-dist/tex/latex/hycolor/hycolor.sty
Package: hycolor 2020-01-27 v1.10 Color options for hyperref/bookmark (HO)
) (/Users/asferreira/Library/TinyTeX/texmf-dist/tex/latex/letltxmacro/letltxmacro.sty
Package: letltxmacro 2019/12/03 v1.6 Let assignment for LaTeX macros (HO)
) (/Users/asferreira/Library/TinyTeX/texmf-dist/tex/latex/auxhook/auxhook.sty
Package: auxhook 2019-12-17 v1.6 Hooks for auxiliary files (HO)
) (/Users/asferreira/Library/TinyTeX/texmf-dist/tex/latex/hyperref/nameref.sty
Package: nameref 2023-08-07 v2.53 Cross-referencing by name of section
(/Users/asferreira/Library/TinyTeX/texmf-dist/tex/latex/refcount/refcount.sty
Package: refcount 2019/12/15 v3.6 Data extraction from label references (HO)
) (/Users/asferreira/Library/TinyTeX/texmf-dist/tex/generic/gettitlestring/gettitlestring.sty
Package: gettitlestring 2019/12/15 v1.6 Cleanup title references (HO)
(/Users/asferreira/Library/TinyTeX/texmf-dist/tex/latex/kvoptions/kvoptions.sty
Package: kvoptions 2022-06-15 v3.15 Key value format for package options (HO)
))
\c@section@level=\count302
)
\@linkdim=\dimen182
\Hy@linkcounter=\count303
\Hy@pagecounter=\count304
(/Users/asferreira/Library/TinyTeX/texmf-dist/tex/latex/hyperref/pd1enc.def
File: pd1enc.def 2023-07-08 v7.01b Hyperref: PDFDocEncoding definition (HO)
) (/Users/asferreira/Library/TinyTeX/texmf-dist/tex/generic/intcalc/intcalc.sty
Package: intcalc 2019/12/15 v1.3 Expandable calculations with integers (HO)
)
\Hy@SavedSpaceFactor=\count305
(/Users/asferreira/Library/TinyTeX/texmf-dist/tex/latex/hyperref/puenc.def
File: puenc.def 2023-07-08 v7.01b Hyperref: PDF Unicode definition (HO)
)
Package hyperref Info: Option `unicode' set `true' on input line 4050.
Package hyperref Info: Hyper figures OFF on input line 4167.
Package hyperref Info: Link nesting OFF on input line 4172.
Package hyperref Info: Hyper index ON on input line 4175.
Package hyperref Info: Plain pages OFF on input line 4182.
Package hyperref Info: Backreferencing OFF on input line 4187.
Package hyperref Info: Implicit mode ON; LaTeX internals redefined.
Package hyperref Info: Bookmarks ON on input line 4434.
\c@Hy@tempcnt=\count306
(/Users/asferreira/Library/TinyTeX/texmf-dist/tex/latex/url/url.sty
\Urlmuskip=\muskip18
Package: url 2013/09/16  ver 3.4  Verb mode for urls, etc.
)
LaTeX Info: Redefining \url on input line 4772.
\XeTeXLinkMargin=\dimen183
(/Users/asferreira/Library/TinyTeX/texmf-dist/tex/generic/bitset/bitset.sty
Package: bitset 2019/12/09 v1.3 Handle bit-vector datatype (HO)
(/Users/asferreira/Library/TinyTeX/texmf-dist/tex/generic/bigintcalc/bigintcalc.sty
Package: bigintcalc 2019/12/15 v1.5 Expandable calculations on big integers (HO)
))
\Fld@menulength=\count307
\Field@Width=\dimen184
\Fld@charsize=\dimen185
Package hyperref Info: Hyper figures OFF on input line 6051.
Package hyperref Info: Link nesting OFF on input line 6056.
Package hyperref Info: Hyper index ON on input line 6059.
Package hyperref Info: backreferencing OFF on input line 6066.
Package hyperref Info: Link coloring OFF on input line 6071.
Package hyperref Info: Link coloring with OCG OFF on input line 6076.
Package hyperref Info: PDF/A mode OFF on input line 6081.
(/Users/asferreira/Library/TinyTeX/texmf-dist/tex/latex/base/atbegshi-ltx.sty
Package: atbegshi-ltx 2021/01/10 v1.0c Emulation of the original atbegshi
package with kernel methods
)
\Hy@abspage=\count308
\c@Item=\count309
\c@Hfootnote=\count310
)
Package hyperref Info: Driver (autodetected): hxetex.
(/Users/asferreira/Library/TinyTeX/texmf-dist/tex/latex/hyperref/hxetex.def
File: hxetex.def 2023-07-08 v7.01b Hyperref driver for XeTeX
(/Users/asferreira/Library/TinyTeX/texmf-dist/tex/generic/stringenc/stringenc.sty
Package: stringenc 2019/11/29 v1.12 Convert strings between diff. encodings (HO)
)
\pdfm@box=\box62
\c@Hy@AnnotLevel=\count311
\HyField@AnnotCount=\count312
\Fld@listcount=\count313
\c@bookmark@seq@number=\count314
(/Users/asferreira/Library/TinyTeX/texmf-dist/tex/latex/rerunfilecheck/rerunfilecheck.sty
Package: rerunfilecheck 2022-07-10 v1.10 Rerun checks for auxiliary files (HO)
(/Users/asferreira/Library/TinyTeX/texmf-dist/tex/latex/base/atveryend-ltx.sty
Package: atveryend-ltx 2020/08/19 v1.0a Emulation of the original atveryend package
with kernel methods
) (/Users/asferreira/Library/TinyTeX/texmf-dist/tex/generic/uniquecounter/uniquecounter.sty
Package: uniquecounter 2019/12/15 v1.4 Provide unlimited unique counter (HO)
)
Package uniquecounter Info: New unique counter `rerunfilecheck' on input line 285.
)
\Hy@SectionHShift=\skip65
) (/Users/asferreira/Library/TinyTeX/texmf-dist/tex/generic/babel/babel.sty
Package: babel 2023/08/29 v3.93 The Babel package
\babel@savecnt=\count315
\U@D=\dimen186
\l@unhyphenated=\language4
(/Users/asferreira/Library/TinyTeX/texmf-dist/tex/generic/babel/xebabel.def)
\bbl@readstream=\read2
\bbl@dirlevel=\count316
(/Users/asferreira/Library/TinyTeX/texmf-dist/tex/generic/babel-portuges/portuguese.ldf
Language: portuges 2021/07/09 v1.2t Portuguese support from the babel system
Package babel Info: Making " an active character on input line 143.
)) (/Users/asferreira/Library/TinyTeX/texmf-dist/tex/generic/babel/locale/pt/babel-portuguese.tex
Package babel Info: Importing font and identification data for portuguese
(babel)             from babel-pt.ini. Reported on input line 11.
) (/Users/asferreira/Library/TinyTeX/texmf-dist/tex/latex/svg/svg.sty
Package: svg 2020/11/26 v2.02k (include SVG pictures)
(/Users/asferreira/Library/TinyTeX/texmf-dist/tex/latex/koma-script/scrbase.sty
Package: scrbase 2023/07/07 v3.41 KOMA-Script package (KOMA-Script-independent basics and keyval usage)
(/Users/asferreira/Library/TinyTeX/texmf-dist/tex/latex/koma-script/scrlfile.sty
Package: scrlfile 2023/07/07 v3.41 KOMA-Script package (file load hooks)
(/Users/asferreira/Library/TinyTeX/texmf-dist/tex/latex/koma-script/scrlfile-hook.sty
Package: scrlfile-hook 2023/07/07 v3.41 KOMA-Script package (using LaTeX hooks)
(/Users/asferreira/Library/TinyTeX/texmf-dist/tex/latex/koma-script/scrlogo.sty
Package: scrlogo 2023/07/07 v3.41 KOMA-Script package (logo)
)))
Applying: [2021/05/01] Usage of raw or classic option list on input line 252.
Already applied: [0000/00/00] Usage of raw or classic option list on input line 368.
) (/Users/asferreira/Library/TinyTeX/texmf-dist/tex/latex/trimspaces/trimspaces.sty
Package: trimspaces 2009/09/17 v1.1 Trim spaces around a token list
) (/Users/asferreira/Library/TinyTeX/texmf-dist/tex/latex/tools/shellesc.sty
Package: shellesc 2023/04/15 v1.0d unified shell escape interface for LaTeX
Package shellesc Info: Restricted shell escape enabled on input line 77.
)
\c@svg@param@lastpage=\count317
\svg@box=\box63
\c@svg@param@currpage=\count318
) (/Users/asferreira/Library/TinyTeX/texmf-dist/tex/latex/base/inputenc.sty
Package: inputenc 2021/02/14 v1.3d Input encoding file
\inpenc@prehook=\toks26
\inpenc@posthook=\toks27

Package inputenc Warning: inputenc package ignored with utf8 based engines.

) (/Users/asferreira/Library/TinyTeX/texmf-dist/tex/latex/pdfpages/pdfpages.sty
Package: pdfpages 2022/12/19 v0.5x Insert pages of external PDF documents (AM)
(/Users/asferreira/Library/TinyTeX/texmf-dist/tex/latex/base/ifthen.sty
Package: ifthen 2022/04/13 v1.1d Standard LaTeX ifthen package (DPC)
) (/Users/asferreira/Library/TinyTeX/texmf-dist/tex/latex/eso-pic/eso-pic.sty
Package: eso-pic 2023/05/03 v3.0c eso-pic (RN)
\ESO@tempdima=\dimen187
\ESO@tempdimb=\dimen188
)
\AM@pagewidth=\dimen189
\AM@pageheight=\dimen190
\AM@fboxrule=\dimen191
(/Users/asferreira/Library/TinyTeX/texmf-dist/tex/latex/pdfpages/ppxetex.def
File: ppxetex.def 2022/12/19 v0.5x Pdfpages driver for XeTeX (AM)
)
\pdfpages@includegraphics@status=\count319
\AM@pagebox=\box64
\AM@global@opts=\toks28
\AM@pagecnt=\count320
\AM@toc@title=\toks29
\AM@lof@heading=\toks30
\c@AM@survey=\count321
\AM@templatesizebox=\box65
) (/Users/asferreira/Library/TinyTeX/texmf-dist/tex/latex/multirow/multirow.sty
Package: multirow 2021/03/15 v2.8 Span multiple rows of a table
\multirow@colwidth=\skip66
\multirow@cntb=\count322
\multirow@dima=\skip67
\bigstrutjot=\dimen192
) (/Users/asferreira/Library/TinyTeX/texmf-dist/tex/latex/wrapfig/wrapfig.sty
\wrapoverhang=\dimen193
\WF@size=\dimen194
\c@WF@wrappedlines=\count323
\WF@box=\box66
\WF@everypar=\toks31
Package: wrapfig 2003/01/31  v 3.6
) (/Users/asferreira/Library/TinyTeX/texmf-dist/tex/latex/float/float.sty
Package: float 2001/11/08 v1.3d Float enhancements (AL)
\c@float@type=\count324
\float@exts=\toks32
\float@box=\box67
\@float@everytoks=\toks33
\@floatcapt=\box68
) (/Users/asferreira/Library/TinyTeX/texmf-dist/tex/latex/colortbl/colortbl.sty
Package: colortbl 2022/06/20 v1.0f Color table columns (DPC)
\everycr=\toks34
\minrowclearance=\skip68
\rownum=\count325
) (/Users/asferreira/Library/TinyTeX/texmf-dist/tex/latex/pdflscape/pdflscape.sty
Package: pdflscape 2022-10-27 v0.13 Display of landscape pages in PDF
(/Users/asferreira/Library/TinyTeX/texmf-dist/tex/latex/pdflscape/pdflscape-nometadata.sty
Package: pdflscape-nometadata 2022-10-28 v0.13 Display of landscape pages in PDF (HO)
(/Users/asferreira/Library/TinyTeX/texmf-dist/tex/latex/graphics/lscape.sty
Package: lscape 2020/05/28 v3.02 Landscape Pages (DPC)
)
Package pdflscape Info: Auto-detected driver: dvipdfm (xetex) on input line 98.
)) (/Users/asferreira/Library/TinyTeX/texmf-dist/tex/latex/tabu/tabu.sty
Package: tabu 2019/01/11 v2.9 - flexible LaTeX tabulars (FC+tabu-fixed)
(/Users/asferreira/Library/TinyTeX/texmf-dist/tex/latex/varwidth/varwidth.sty
Package: varwidth 2009/03/30 ver 0.92;  Variable-width minipages
\@vwid@box=\box69
\sift@deathcycles=\count326
\@vwid@loff=\dimen195
\@vwid@roff=\dimen196
)
\c@taburow=\count327
\tabu@nbcols=\count328
\tabu@cnt=\count329
\tabu@Xcol=\count330
\tabu@alloc=\count331
\tabu@nested=\count332
\tabu@target=\dimen197
\tabu@spreadtarget=\dimen198
\tabu@naturalX=\dimen199
\tabucolX=\dimen256
\tabu@Xsum=\dimen257
\extrarowdepth=\dimen258
\abovetabulinesep=\dimen259
\belowtabulinesep=\dimen260
\tabustrutrule=\dimen261
\tabu@thebody=\toks35
\tabu@footnotes=\toks36
\tabu@box=\box70
\tabu@arstrutbox=\box71
\tabu@hleads=\box72
\tabu@vleads=\box73
\tabu@cellskip=\skip69
) (/Users/asferreira/Library/TinyTeX/texmf-dist/tex/latex/threeparttable/threeparttable.sty
Package: threeparttable 2003/06/13  v 3.0
\@tempboxb=\box74
) (/Users/asferreira/Library/TinyTeX/texmf-dist/tex/latex/threeparttablex/threeparttablex.sty
Package: threeparttablex 2013/07/23 v0.3 by daleif
(/Users/asferreira/Library/TinyTeX/texmf-dist/tex/latex/environ/environ.sty
Package: environ 2014/05/04 v0.3 A new way to define environments
)
\TPTL@width=\skip70
) (/Users/asferreira/Library/TinyTeX/texmf-dist/tex/generic/ulem/ulem.sty
\UL@box=\box75
\UL@hyphenbox=\box76
\UL@skip=\skip71
\UL@hook=\toks37
\UL@height=\dimen262
\UL@pe=\count333
\UL@pixel=\dimen263
\ULC@box=\box77
Package: ulem 2019/11/18
\ULdepth=\dimen264
) (/Users/asferreira/Library/TinyTeX/texmf-dist/tex/latex/makecell/makecell.sty
Package: makecell 2009/08/03 V0.1e Managing of Tab Column Heads and Cells
\rotheadsize=\dimen265
\c@nlinenum=\count334
\TeXr@lab=\toks38
) (./R-Book.aux)
\openout1 = `R-Book.aux'.

LaTeX Font Info:    Checking defaults for OML/cmm/m/it on input line 134.
LaTeX Font Info:    ... okay on input line 134.
LaTeX Font Info:    Checking defaults for OMS/cmsy/m/n on input line 134.
LaTeX Font Info:    ... okay on input line 134.
LaTeX Font Info:    Checking defaults for OT1/cmr/m/n on input line 134.
LaTeX Font Info:    ... okay on input line 134.
LaTeX Font Info:    Checking defaults for T1/cmr/m/n on input line 134.
LaTeX Font Info:    ... okay on input line 134.
LaTeX Font Info:    Checking defaults for TS1/cmr/m/n on input line 134.
LaTeX Font Info:    ... okay on input line 134.
LaTeX Font Info:    Checking defaults for TU/lmr/m/n on input line 134.
LaTeX Font Info:    ... okay on input line 134.
LaTeX Font Info:    Checking defaults for OMX/cmex/m/n on input line 134.
LaTeX Font Info:    ... okay on input line 134.
LaTeX Font Info:    Checking defaults for U/cmr/m/n on input line 134.
LaTeX Font Info:    ... okay on input line 134.
LaTeX Font Info:    Checking defaults for PD1/pdf/m/n on input line 134.
LaTeX Font Info:    ... okay on input line 134.
LaTeX Font Info:    Checking defaults for PU/pdf/m/n on input line 134.
LaTeX Font Info:    ... okay on input line 134.
LaTeX Font Info:    Overwriting math alphabet `\mathrm' in version `normal'
(Font)                  OT1/lmr/m/n --> TU/lmr/m/n on input line 134.
LaTeX Font Info:    Overwriting math alphabet `\mathit' in version `normal'
(Font)                  OT1/lmr/m/it --> TU/lmr/m/it on input line 134.
LaTeX Font Info:    Overwriting math alphabet `\mathbf' in version `normal'
(Font)                  OT1/lmr/bx/n --> TU/lmr/bx/n on input line 134.
LaTeX Font Info:    Overwriting math alphabet `\mathsf' in version `normal'
(Font)                  OT1/lmss/m/n --> TU/lmss/m/n on input line 134.
LaTeX Font Info:    Overwriting math alphabet `\mathsf' in version `bold'
(Font)                  OT1/lmss/bx/n --> TU/lmss/bx/n on input line 134.
LaTeX Font Info:    Overwriting math alphabet `\mathtt' in version `normal'
(Font)                  OT1/lmtt/m/n --> TU/lmtt/m/n on input line 134.
LaTeX Font Info:    Overwriting math alphabet `\mathtt' in version `bold'
(Font)                  OT1/lmtt/m/n --> TU/lmtt/bx/n on input line 134.

Package fontspec Info: latinmodern-math scale = 0.9999964596882403.


Package fontspec Info: latinmodern-math scale = 0.9999964596882403.


Package fontspec Info: latinmodern-math scale = 0.9999964596882403.


Package fontspec Info: Font family 'latinmodern-math.otf(0)' created for font
(fontspec)             'latinmodern-math.otf' with options
(fontspec)             [Scale=MatchLowercase,BoldItalicFont={},ItalicFont={},SmallCapsFont={},Script=Math,BoldFont={latinmodern-math.otf}].
(fontspec)              
(fontspec)              This font family consists of the following NFSS
(fontspec)             series/shapes:
(fontspec)              
(fontspec)             - 'normal' (m/n) with NFSS spec.:
(fontspec)             <->s*[0.9999964596882403]"[latinmodern-math.otf]/OT:script=math;language=dflt;"
(fontspec)             - 'small caps'  (m/sc) with NFSS spec.: 
(fontspec)             - 'bold' (b/n) with NFSS spec.:
(fontspec)             <->s*[0.9999964596882403]"[latinmodern-math.otf]/OT:script=math;language=dflt;"
(fontspec)             - 'bold small caps'  (b/sc) with NFSS spec.: 

LaTeX Font Info:    Font shape `TU/latinmodern-math.otf(0)/m/n' will be
(Font)              scaled to size 10.0pt on input line 134.

Package fontspec Info: latinmodern-math scale = 0.9999964596882403.


Package fontspec Info: latinmodern-math scale = 0.9999964596882403.


Package fontspec Info: latinmodern-math scale = 0.9999964596882403.


Package fontspec Info: latinmodern-math scale = 0.9999964596882403.


Package fontspec Info: latinmodern-math scale = 0.9999964596882403.


Package fontspec Info: Font family 'latinmodern-math.otf(1)' created for font
(fontspec)             'latinmodern-math.otf' with options
(fontspec)             [Scale=MatchLowercase,BoldItalicFont={},ItalicFont={},SmallCapsFont={},Script=Math,SizeFeatures={{Size=8.5-},{Size=6-8.5,Font=latinmodern-math.otf,Style=MathScript},{Size=-6,Font=latinmodern-math.otf,Style=MathScriptScript}},BoldFont={latinmodern-math.otf}].
(fontspec)              
(fontspec)              This font family consists of the following NFSS
(fontspec)             series/shapes:
(fontspec)              
(fontspec)             - 'normal' (m/n) with NFSS spec.:
(fontspec)             <8.5->s*[0.9999964596882403]"[latinmodern-math.otf]/OT:script=math;language=dflt;"<6-8.5>s*[0.9999964596882403]"[latinmodern-math.otf]/OT:script=math;language=dflt;+ssty=0;"<-6>s*[0.9999964596882403]"[latinmodern-math.otf]/OT:script=math;language=dflt;+ssty=1;"
(fontspec)             - 'small caps'  (m/sc) with NFSS spec.: 
(fontspec)             - 'bold' (b/n) with NFSS spec.:
(fontspec)             <->s*[0.9999964596882403]"[latinmodern-math.otf]/OT:script=math;language=dflt;"
(fontspec)             - 'bold small caps'  (b/sc) with NFSS spec.: 

LaTeX Font Info:    Font shape `TU/latinmodern-math.otf(1)/m/n' will be
(Font)              scaled to size 10.0pt on input line 134.
LaTeX Font Info:    Encoding `OT1' has changed to `TU' for symbol font
(Font)              `operators' in the math version `normal' on input line 134.
LaTeX Font Info:    Overwriting symbol font `operators' in version `normal'
(Font)                  OT1/lmr/m/n --> TU/latinmodern-math.otf(1)/m/n on input line 134.
LaTeX Font Info:    Encoding `OT1' has changed to `TU' for symbol font
(Font)              `operators' in the math version `bold' on input line 134.
LaTeX Font Info:    Overwriting symbol font `operators' in version `bold'
(Font)                  OT1/lmr/bx/n --> TU/latinmodern-math.otf(1)/b/n on input line 134.

Package fontspec Info: latinmodern-math scale = 0.9999964596882403.


Package fontspec Info: latinmodern-math scale = 1.000096459334209.


Package fontspec Info: latinmodern-math scale = 0.9999964596882403.


Package fontspec Info: latinmodern-math scale = 1.000096459334209.


Package fontspec Info: latinmodern-math scale = 0.9999964596882403.


Package fontspec Info: latinmodern-math scale = 1.000096459334209.


Package fontspec Info: latinmodern-math scale = 0.9999964596882403.


Package fontspec Info: latinmodern-math scale = 1.000096459334209.


Package fontspec Info: latinmodern-math scale = 0.9999964596882403.


Package fontspec Info: latinmodern-math scale = 1.000096459334209.


Package fontspec Info: Font family 'latinmodern-math.otf(2)' created for font
(fontspec)             'latinmodern-math.otf' with options
(fontspec)             [Scale=MatchLowercase,BoldItalicFont={},ItalicFont={},SmallCapsFont={},Script=Math,SizeFeatures={{Size=8.5-},{Size=6-8.5,Font=latinmodern-math.otf,Style=MathScript},{Size=-6,Font=latinmodern-math.otf,Style=MathScriptScript}},BoldFont={latinmodern-math.otf},ScaleAgain=1.0001,FontAdjustment={\fontdimen
(fontspec)             8\font =6.77pt\relax \fontdimen 9\font =3.94pt\relax
(fontspec)             \fontdimen 10\font =4.44pt\relax \fontdimen 11\font
(fontspec)             =6.86pt\relax \fontdimen 12\font =3.45pt\relax
(fontspec)             \fontdimen 13\font =3.63pt\relax \fontdimen 14\font
(fontspec)             =3.63pt\relax \fontdimen 15\font =2.89pt\relax
(fontspec)             \fontdimen 16\font =2.47pt\relax \fontdimen 17\font
(fontspec)             =2.47pt\relax \fontdimen 18\font =2.5pt\relax
(fontspec)             \fontdimen 19\font =2.0pt\relax \fontdimen 22\font
(fontspec)             =2.5pt\relax \fontdimen 20\font =0pt\relax \fontdimen
(fontspec)             21\font =0pt\relax }].
(fontspec)              
(fontspec)              This font family consists of the following NFSS
(fontspec)             series/shapes:
(fontspec)              
(fontspec)             - 'normal' (m/n) with NFSS spec.:
(fontspec)             <8.5->s*[1.000096459334209]"[latinmodern-math.otf]/OT:script=math;language=dflt;"<6-8.5>s*[1.000096459334209]"[latinmodern-math.otf]/OT:script=math;language=dflt;+ssty=0;"<-6>s*[1.000096459334209]"[latinmodern-math.otf]/OT:script=math;language=dflt;+ssty=1;"
(fontspec)             - 'small caps'  (m/sc) with NFSS spec.: 
(fontspec)             and font adjustment code:
(fontspec)             \fontdimen 8\font =6.77pt\relax \fontdimen 9\font
(fontspec)             =3.94pt\relax \fontdimen 10\font =4.44pt\relax
(fontspec)             \fontdimen 11\font =6.86pt\relax \fontdimen 12\font
(fontspec)             =3.45pt\relax \fontdimen 13\font =3.63pt\relax
(fontspec)             \fontdimen 14\font =3.63pt\relax \fontdimen 15\font
(fontspec)             =2.89pt\relax \fontdimen 16\font =2.47pt\relax
(fontspec)             \fontdimen 17\font =2.47pt\relax \fontdimen 18\font
(fontspec)             =2.5pt\relax \fontdimen 19\font =2.0pt\relax \fontdimen
(fontspec)             22\font =2.5pt\relax \fontdimen 20\font =0pt\relax
(fontspec)             \fontdimen 21\font =0pt\relax 
(fontspec)             - 'bold' (b/n) with NFSS spec.:
(fontspec)             <->s*[1.000096459334209]"[latinmodern-math.otf]/OT:script=math;language=dflt;"
(fontspec)             - 'bold small caps'  (b/sc) with NFSS spec.: 
(fontspec)             and font adjustment code:
(fontspec)             \fontdimen 8\font =6.77pt\relax \fontdimen 9\font
(fontspec)             =3.94pt\relax \fontdimen 10\font =4.44pt\relax
(fontspec)             \fontdimen 11\font =6.86pt\relax \fontdimen 12\font
(fontspec)             =3.45pt\relax \fontdimen 13\font =3.63pt\relax
(fontspec)             \fontdimen 14\font =3.63pt\relax \fontdimen 15\font
(fontspec)             =2.89pt\relax \fontdimen 16\font =2.47pt\relax
(fontspec)             \fontdimen 17\font =2.47pt\relax \fontdimen 18\font
(fontspec)             =2.5pt\relax \fontdimen 19\font =2.0pt\relax \fontdimen
(fontspec)             22\font =2.5pt\relax \fontdimen 20\font =0pt\relax
(fontspec)             \fontdimen 21\font =0pt\relax 

LaTeX Font Info:    Encoding `OMS' has changed to `TU' for symbol font
(Font)              `symbols' in the math version `normal' on input line 134.
LaTeX Font Info:    Overwriting symbol font `symbols' in version `normal'
(Font)                  OMS/lmsy/m/n --> TU/latinmodern-math.otf(2)/m/n on input line 134.
LaTeX Font Info:    Encoding `OMS' has changed to `TU' for symbol font
(Font)              `symbols' in the math version `bold' on input line 134.
LaTeX Font Info:    Overwriting symbol font `symbols' in version `bold'
(Font)                  OMS/lmsy/b/n --> TU/latinmodern-math.otf(2)/b/n on input line 134.

Package fontspec Info: latinmodern-math scale = 0.9999964596882403.


Package fontspec Info: latinmodern-math scale = 0.9998964600422715.


Package fontspec Info: latinmodern-math scale = 0.9999964596882403.


Package fontspec Info: latinmodern-math scale = 0.9998964600422715.


Package fontspec Info: latinmodern-math scale = 0.9999964596882403.


Package fontspec Info: latinmodern-math scale = 0.9998964600422715.


Package fontspec Info: latinmodern-math scale = 0.9999964596882403.


Package fontspec Info: latinmodern-math scale = 0.9998964600422715.


Package fontspec Info: latinmodern-math scale = 0.9999964596882403.


Package fontspec Info: latinmodern-math scale = 0.9998964600422715.


Package fontspec Info: Font family 'latinmodern-math.otf(3)' created for font
(fontspec)             'latinmodern-math.otf' with options
(fontspec)             [Scale=MatchLowercase,BoldItalicFont={},ItalicFont={},SmallCapsFont={},Script=Math,SizeFeatures={{Size=8.5-},{Size=6-8.5,Font=latinmodern-math.otf,Style=MathScript},{Size=-6,Font=latinmodern-math.otf,Style=MathScriptScript}},BoldFont={latinmodern-math.otf},ScaleAgain=0.9999,FontAdjustment={\fontdimen
(fontspec)             8\font =0.4pt\relax \fontdimen 9\font =2.0pt\relax
(fontspec)             \fontdimen 10\font =1.67pt\relax \fontdimen 11\font
(fontspec)             =1.11pt\relax \fontdimen 12\font =6.0pt\relax
(fontspec)             \fontdimen 13\font =0pt\relax }].
(fontspec)              
(fontspec)              This font family consists of the following NFSS
(fontspec)             series/shapes:
(fontspec)              
(fontspec)             - 'normal' (m/n) with NFSS spec.:
(fontspec)             <8.5->s*[0.9998964600422715]"[latinmodern-math.otf]/OT:script=math;language=dflt;"<6-8.5>s*[0.9998964600422715]"[latinmodern-math.otf]/OT:script=math;language=dflt;+ssty=0;"<-6>s*[0.9998964600422715]"[latinmodern-math.otf]/OT:script=math;language=dflt;+ssty=1;"
(fontspec)             - 'small caps'  (m/sc) with NFSS spec.: 
(fontspec)             and font adjustment code:
(fontspec)             \fontdimen 8\font =0.4pt\relax \fontdimen 9\font
(fontspec)             =2.0pt\relax \fontdimen 10\font =1.67pt\relax
(fontspec)             \fontdimen 11\font =1.11pt\relax \fontdimen 12\font
(fontspec)             =6.0pt\relax \fontdimen 13\font =0pt\relax 
(fontspec)             - 'bold' (b/n) with NFSS spec.:
(fontspec)             <->s*[0.9998964600422715]"[latinmodern-math.otf]/OT:script=math;language=dflt;"
(fontspec)             - 'bold small caps'  (b/sc) with NFSS spec.: 
(fontspec)             and font adjustment code:
(fontspec)             \fontdimen 8\font =0.4pt\relax \fontdimen 9\font
(fontspec)             =2.0pt\relax \fontdimen 10\font =1.67pt\relax
(fontspec)             \fontdimen 11\font =1.11pt\relax \fontdimen 12\font
(fontspec)             =6.0pt\relax \fontdimen 13\font =0pt\relax 

LaTeX Font Info:    Encoding `OMX' has changed to `TU' for symbol font
(Font)              `largesymbols' in the math version `normal' on input line 134.
LaTeX Font Info:    Overwriting symbol font `largesymbols' in version `normal'
(Font)                  OMX/lmex/m/n --> TU/latinmodern-math.otf(3)/m/n on input line 134.
LaTeX Font Info:    Encoding `OMX' has changed to `TU' for symbol font
(Font)              `largesymbols' in the math version `bold' on input line 134.
LaTeX Font Info:    Overwriting symbol font `largesymbols' in version `bold'
(Font)                  OMX/lmex/m/n --> TU/latinmodern-math.otf(3)/b/n on input line 134.
*geometry* driver: auto-detecting
*geometry* detected driver: xetex
*geometry* verbose mode - [ preamble ] result:
* driver: xetex
* paper: <default>
* layout: <same size as paper>
* layoutoffset:(h,v)=(0.0pt,0.0pt)
* modes: twoside 
* h-part:(L,W,R)=(85.35826pt, 472.03123pt, 56.9055pt)
* v-part:(T,H,B)=(85.35826pt, 652.70622pt, 56.9055pt)
* \paperwidth=614.295pt
* \paperheight=794.96999pt
* \textwidth=472.03123pt
* \textheight=652.70622pt
* \oddsidemargin=13.08827pt
* \evensidemargin=-15.36449pt
* \topmargin=-16.97922pt
* \headheight=12.0pt
* \headsep=18.06749pt
* \topskip=10.0pt
* \footskip=25.29494pt
* \marginparwidth=125.0pt
* \marginparsep=7.0pt
* \columnsep=10.0pt
* \skip\footins=9.0pt plus 4.0pt minus 2.0pt
* \hoffset=0.0pt
* \voffset=0.0pt
* \mag=1000
* \@twocolumnfalse
* \@twosidetrue
* \@mparswitchtrue
* \@reversemarginfalse
* (1in=72.27pt=25.4mm, 1cm=28.453pt)

Package hyperref Info: Link coloring OFF on input line 134.
(./R-Book.out) (./R-Book.out)
\@outlinefile=\write3
\openout3 = `R-Book.out'.

LaTeX Font Info:    Font shape `TU/latinmodern-math.otf(1)/m/n' will be
(Font)              scaled to size 12.0pt on input line 136.
LaTeX Font Info:    Font shape `TU/latinmodern-math.otf(1)/m/n' will be
(Font)              scaled to size 8.0pt on input line 136.
LaTeX Font Info:    Font shape `TU/latinmodern-math.otf(1)/m/n' will be
(Font)              scaled to size 6.0pt on input line 136.
LaTeX Font Info:    Trying to load font information for OML+lmm on input line 136.
(/Users/asferreira/Library/TinyTeX/texmf-dist/tex/latex/lm/omllmm.fd
File: omllmm.fd 2015/05/01 v1.6.1 Font defs for Latin Modern
)
LaTeX Font Info:    Font shape `TU/latinmodern-math.otf(2)/m/n' will be
(Font)              scaled to size 12.0011pt on input line 136.
LaTeX Font Info:    Font shape `TU/latinmodern-math.otf(2)/m/n' will be
(Font)              scaled to size 8.00073pt on input line 136.
LaTeX Font Info:    Font shape `TU/latinmodern-math.otf(2)/m/n' will be
(Font)              scaled to size 6.00055pt on input line 136.
LaTeX Font Info:    Font shape `TU/latinmodern-math.otf(3)/m/n' will be
(Font)              scaled to size 11.99872pt on input line 136.
LaTeX Font Info:    Font shape `TU/latinmodern-math.otf(3)/m/n' will be
(Font)              scaled to size 7.99915pt on input line 136.
LaTeX Font Info:    Font shape `TU/latinmodern-math.otf(3)/m/n' will be
(Font)              scaled to size 5.99936pt on input line 136.
LaTeX Font Info:    Trying to load font information for U+msa on input line 136.
(/Users/asferreira/Library/TinyTeX/texmf-dist/tex/latex/amsfonts/umsa.fd
File: umsa.fd 2013/01/14 v3.01 AMS symbols A
)
LaTeX Font Info:    Trying to load font information for U+msb on input line 136.
(/Users/asferreira/Library/TinyTeX/texmf-dist/tex/latex/amsfonts/umsb.fd
File: umsb.fd 2013/01/14 v3.01 AMS symbols B
) [1


]
File: R-Book-Cover.pdf Graphic file (type pdf)
<use R-Book-Cover.pdf>
File: R-Book-Cover.pdf Graphic file (type pdf)
<use R-Book-Cover.pdf>
File: R-Book-Cover.pdf Graphic file (type pdf)
<use R-Book-Cover.pdf, page 1>
File: R-Book-Cover.pdf Graphic file (type pdf)
<use R-Book-Cover.pdf, page 1>
File: R-Book-Cover.pdf Graphic file (type pdf)
<use R-Book-Cover.pdf, page 1>
File: R-Book-Cover.pdf Graphic file (type pdf)
<use R-Book-Cover.pdf, page 1>
File: R-Book-Cover.pdf Graphic file (type pdf)
<use R-Book-Cover.pdf, page 1>
[2] (./R-Book.toc
LaTeX Font Info:    Font shape `TU/latinmodern-math.otf(1)/m/n' will be
(Font)              scaled to size 7.0pt on input line 6.
LaTeX Font Info:    Font shape `TU/latinmodern-math.otf(1)/m/n' will be
(Font)              scaled to size 5.0pt on input line 6.
LaTeX Font Info:    Font shape `TU/latinmodern-math.otf(2)/m/n' will be
(Font)              scaled to size 10.00092pt on input line 6.
LaTeX Font Info:    Font shape `TU/latinmodern-math.otf(2)/m/n' will be
(Font)              scaled to size 7.00064pt on input line 6.
LaTeX Font Info:    Font shape `TU/latinmodern-math.otf(2)/m/n' will be
(Font)              scaled to size 5.00046pt on input line 6.
LaTeX Font Info:    Font shape `TU/latinmodern-math.otf(3)/m/n' will be
(Font)              scaled to size 9.99893pt on input line 6.
LaTeX Font Info:    Font shape `TU/latinmodern-math.otf(3)/m/n' will be
(Font)              scaled to size 6.99925pt on input line 6.
LaTeX Font Info:    Font shape `TU/latinmodern-math.otf(3)/m/n' will be
(Font)              scaled to size 4.99947pt on input line 6.
[3

] [4])
\tf@toc=\write4
\openout4 = `R-Book.toc'.

[5] [6

] [7] [8

]
File: ASF.png Graphic file (type bmp)
<ASF.png>
[9] [10

] [11] [12

]
Cap\'{\i }tulo 1.
[13]
File: R-Book_files/figure-latex/fa-icon-743c64b9ba893ee22ddca6ba87c98316.pdf Graphic file (type pdf)
<use R-Book_files/figure-latex/fa-icon-743c64b9ba893ee22ddca6ba87c98316.pdf>
File: R-Book_files/figure-latex/fa-icon-816f2f8c5de1688221ea8be20e4de069.pdf Graphic file (type pdf)
<use R-Book_files/figure-latex/fa-icon-816f2f8c5de1688221ea8be20e4de069.pdf>
File: R-Book_files/figure-latex/fa-icon-743c64b9ba893ee22ddca6ba87c98316.pdf Graphic file (type pdf)
<use R-Book_files/figure-latex/fa-icon-743c64b9ba893ee22ddca6ba87c98316.pdf>
File: R-Book_files/figure-latex/fa-icon-816f2f8c5de1688221ea8be20e4de069.pdf Graphic file (type pdf)
<use R-Book_files/figure-latex/fa-icon-816f2f8c5de1688221ea8be20e4de069.pdf>
[14]
Cap\'{\i }tulo 2.
[15

] [16

]
Cap\'{\i }tulo 3.
[17]
Underfull \vbox (badness 3271) has occurred while \output is active []

[18] [19] [20]
Cap\'{\i }tulo 4.
[21

]
File: R-Book_files/figure-latex/fa-icon-743c64b9ba893ee22ddca6ba87c98316.pdf Graphic file (type pdf)
<use R-Book_files/figure-latex/fa-icon-743c64b9ba893ee22ddca6ba87c98316.pdf>
File: R-Book_files/figure-latex/fa-icon-816f2f8c5de1688221ea8be20e4de069.pdf Graphic file (type pdf)
<use R-Book_files/figure-latex/fa-icon-816f2f8c5de1688221ea8be20e4de069.pdf>
File: R-Book_files/figure-latex/fa-icon-743c64b9ba893ee22ddca6ba87c98316.pdf Graphic file (type pdf)
<use R-Book_files/figure-latex/fa-icon-743c64b9ba893ee22ddca6ba87c98316.pdf>
File: R-Book_files/figure-latex/fa-icon-816f2f8c5de1688221ea8be20e4de069.pdf Graphic file (type pdf)
<use R-Book_files/figure-latex/fa-icon-816f2f8c5de1688221ea8be20e4de069.pdf>
File: R-Book_files/figure-latex/fa-icon-743c64b9ba893ee22ddca6ba87c98316.pdf Graphic file (type pdf)
<use R-Book_files/figure-latex/fa-icon-743c64b9ba893ee22ddca6ba87c98316.pdf>
File: R-Book_files/figure-latex/fa-icon-816f2f8c5de1688221ea8be20e4de069.pdf Graphic file (type pdf)
<use R-Book_files/figure-latex/fa-icon-816f2f8c5de1688221ea8be20e4de069.pdf>
File: R-Book_files/figure-latex/fa-icon-816f2f8c5de1688221ea8be20e4de069.pdf Graphic file (type pdf)
<use R-Book_files/figure-latex/fa-icon-816f2f8c5de1688221ea8be20e4de069.pdf>
[22] [23] [24

]
Cap\'{\i }tulo 5.
[25]
File: R-Book_files/figure-latex/fa-icon-743c64b9ba893ee22ddca6ba87c98316.pdf Graphic file (type pdf)
<use R-Book_files/figure-latex/fa-icon-743c64b9ba893ee22ddca6ba87c98316.pdf>
File: R-Book_files/figure-latex/fa-icon-816f2f8c5de1688221ea8be20e4de069.pdf Graphic file (type pdf)
<use R-Book_files/figure-latex/fa-icon-816f2f8c5de1688221ea8be20e4de069.pdf>
[26] [27] [28

]
Cap\'{\i }tulo 6.
[29] [30]
Cap\'{\i }tulo 7.
File: R-Book_files/figure-latex/fa-icon-743c64b9ba893ee22ddca6ba87c98316.pdf Graphic file (type pdf)
<use R-Book_files/figure-latex/fa-icon-743c64b9ba893ee22ddca6ba87c98316.pdf>
File: R-Book_files/figure-latex/fa-icon-816f2f8c5de1688221ea8be20e4de069.pdf Graphic file (type pdf)
<use R-Book_files/figure-latex/fa-icon-816f2f8c5de1688221ea8be20e4de069.pdf>
[31

]
File: R-Book_files/figure-latex/fa-icon-498f1ccbaa0f3566ccdbb6a21bcf16d6.pdf Graphic file (type pdf)
<use R-Book_files/figure-latex/fa-icon-498f1ccbaa0f3566ccdbb6a21bcf16d6.pdf>
File: R-Book_files/figure-latex/fa-icon-9fc2fad5de7ecb3bef7fec427240f50c.pdf Graphic file (type pdf)
<use R-Book_files/figure-latex/fa-icon-9fc2fad5de7ecb3bef7fec427240f50c.pdf>
[32]
Cap\'{\i }tulo 8.
File: R-Book_files/figure-latex/fa-icon-743c64b9ba893ee22ddca6ba87c98316.pdf Graphic file (type pdf)
<use R-Book_files/figure-latex/fa-icon-743c64b9ba893ee22ddca6ba87c98316.pdf>
File: R-Book_files/figure-latex/fa-icon-816f2f8c5de1688221ea8be20e4de069.pdf Graphic file (type pdf)
<use R-Book_files/figure-latex/fa-icon-816f2f8c5de1688221ea8be20e4de069.pdf>
File: R-Book_files/figure-latex/fa-icon-743c64b9ba893ee22ddca6ba87c98316.pdf Graphic file (type pdf)
<use R-Book_files/figure-latex/fa-icon-743c64b9ba893ee22ddca6ba87c98316.pdf>
File: R-Book_files/figure-latex/fa-icon-816f2f8c5de1688221ea8be20e4de069.pdf Graphic file (type pdf)
<use R-Book_files/figure-latex/fa-icon-816f2f8c5de1688221ea8be20e4de069.pdf>
[33

] [34

]
Cap\'{\i }tulo 9.
File: R-Book_files/figure-latex/fa-icon-743c64b9ba893ee22ddca6ba87c98316.pdf Graphic file (type pdf)
<use R-Book_files/figure-latex/fa-icon-743c64b9ba893ee22ddca6ba87c98316.pdf>
File: R-Book_files/figure-latex/fa-icon-816f2f8c5de1688221ea8be20e4de069.pdf Graphic file (type pdf)
<use R-Book_files/figure-latex/fa-icon-816f2f8c5de1688221ea8be20e4de069.pdf>
File: R-Book_files/figure-latex/fa-icon-743c64b9ba893ee22ddca6ba87c98316.pdf Graphic file (type pdf)
<use R-Book_files/figure-latex/fa-icon-743c64b9ba893ee22ddca6ba87c98316.pdf>
File: R-Book_files/figure-latex/fa-icon-816f2f8c5de1688221ea8be20e4de069.pdf Graphic file (type pdf)
<use R-Book_files/figure-latex/fa-icon-816f2f8c5de1688221ea8be20e4de069.pdf>
[35]
File: R-Book_files/figure-latex/fa-icon-743c64b9ba893ee22ddca6ba87c98316.pdf Graphic file (type pdf)
<use R-Book_files/figure-latex/fa-icon-743c64b9ba893ee22ddca6ba87c98316.pdf>
File: R-Book_files/figure-latex/fa-icon-816f2f8c5de1688221ea8be20e4de069.pdf Graphic file (type pdf)
<use R-Book_files/figure-latex/fa-icon-816f2f8c5de1688221ea8be20e4de069.pdf>
File: R-Book_files/figure-latex/fa-icon-816f2f8c5de1688221ea8be20e4de069.pdf Graphic file (type pdf)
<use R-Book_files/figure-latex/fa-icon-816f2f8c5de1688221ea8be20e4de069.pdf>
File: R-Book_files/figure-latex/fa-icon-816f2f8c5de1688221ea8be20e4de069.pdf Graphic file (type pdf)
<use R-Book_files/figure-latex/fa-icon-816f2f8c5de1688221ea8be20e4de069.pdf>
File: R-Book_files/figure-latex/fa-icon-743c64b9ba893ee22ddca6ba87c98316.pdf Graphic file (type pdf)
<use R-Book_files/figure-latex/fa-icon-743c64b9ba893ee22ddca6ba87c98316.pdf>
File: R-Book_files/figure-latex/fa-icon-816f2f8c5de1688221ea8be20e4de069.pdf Graphic file (type pdf)
<use R-Book_files/figure-latex/fa-icon-816f2f8c5de1688221ea8be20e4de069.pdf>
File: R-Book_files/figure-latex/fa-icon-743c64b9ba893ee22ddca6ba87c98316.pdf Graphic file (type pdf)
<use R-Book_files/figure-latex/fa-icon-743c64b9ba893ee22ddca6ba87c98316.pdf>
File: R-Book_files/figure-latex/fa-icon-816f2f8c5de1688221ea8be20e4de069.pdf Graphic file (type pdf)
<use R-Book_files/figure-latex/fa-icon-816f2f8c5de1688221ea8be20e4de069.pdf>
[36]
Cap\'{\i }tulo 10.
[37

] [38

]
Cap\'{\i }tulo 11.
[39] [40

]
Cap\'{\i }tulo 12.
[41] [42

]
Cap\'{\i }tulo 13.
File: R-Book_files/figure-latex/fa-icon-743c64b9ba893ee22ddca6ba87c98316.pdf Graphic file (type pdf)
<use R-Book_files/figure-latex/fa-icon-743c64b9ba893ee22ddca6ba87c98316.pdf>
File: R-Book_files/figure-latex/fa-icon-816f2f8c5de1688221ea8be20e4de069.pdf Graphic file (type pdf)
<use R-Book_files/figure-latex/fa-icon-816f2f8c5de1688221ea8be20e4de069.pdf>
[43] [44

]
Cap\'{\i }tulo 14.
[45] [46]
Cap\'{\i }tulo 15.
[47

] [48

]
Cap\'{\i }tulo 16.
[49] [50

]
Cap\'{\i }tulo 17.
[51] [52

]
Cap\'{\i }tulo 18.
[53] [54

]
Cap\'{\i }tulo 19.
[55] [56] [57] [58

]
Cap\'{\i }tulo 20.
File: R-Book_files/figure-latex/fa-icon-743c64b9ba893ee22ddca6ba87c98316.pdf Graphic file (type pdf)
<use R-Book_files/figure-latex/fa-icon-743c64b9ba893ee22ddca6ba87c98316.pdf>
File: R-Book_files/figure-latex/fa-icon-816f2f8c5de1688221ea8be20e4de069.pdf Graphic file (type pdf)
<use R-Book_files/figure-latex/fa-icon-816f2f8c5de1688221ea8be20e4de069.pdf>
[59] [60

]
Cap\'{\i }tulo 21.
[61] [62] [63

] [64

]
Cap\'{\i }tulo 22.

Underfull \hbox (badness 10000) in paragraph at lines 1722--1725

 []

[65]
Underfull \hbox (badness 10000) in paragraph at lines 1726--1729

 []


Underfull \hbox (badness 10000) in paragraph at lines 1730--1733

 []


Underfull \hbox (badness 10000) in paragraph at lines 1734--1737

 []


Underfull \hbox (badness 10000) in paragraph at lines 1738--1741

 []


Underfull \hbox (badness 10000) in paragraph at lines 1742--1745

 []


Underfull \hbox (badness 10000) in paragraph at lines 1746--1749

 []


Underfull \hbox (badness 10000) in paragraph at lines 1750--1753

 []


Underfull \hbox (badness 2478) in paragraph at lines 1756--1756
[]\TU/lmr/m/n/10 Xie Y. \TU/lmr/m/it/10 bookdown: Authoring Books and Technical Documents with r Markdown\TU/lmr/m/n/10 .; 2023.
 []


Underfull \hbox (badness 10000) in paragraph at lines 1754--1757

 []


Underfull \hbox (badness 10000) in paragraph at lines 1758--1761

 []


Underfull \hbox (badness 2961) in paragraph at lines 1764--1764
[]\TU/lmr/m/n/10 Wickham H, Franois R, DAgostino McGowan L. \TU/lmr/m/it/10 emo: Easily Insert Emoji\TU/lmr/m/n/10 .; 2023.
 []


Underfull \hbox (badness 10000) in paragraph at lines 1762--1765

 []


Underfull \hbox (badness 10000) in paragraph at lines 1766--1769

 []


Underfull \hbox (badness 10000) in paragraph at lines 1770--1773

 []


Underfull \hbox (badness 10000) in paragraph at lines 1774--1777

 []


Underfull \hbox (badness 10000) in paragraph at lines 1778--1781

 []


Underfull \hbox (badness 2035) in paragraph at lines 1784--1784
[]\TU/lmr/m/n/10 Xie Y. \TU/lmr/m/it/10 knitr: A General-Purpose Package for Dynamic Report Generation in r\TU/lmr/m/n/10 .; 2023.
 []


Underfull \hbox (badness 10000) in paragraph at lines 1782--1785

 []


Underfull \hbox (badness 1014) in paragraph at lines 1788--1788
[]\TU/lmr/m/n/10 Csrdi G, Hester J, Wickham H, Chang W, Morgan M, Tenenbaum D. \TU/lmr/m/it/10 remotes: R Pac-
 []


Underfull \hbox (badness 1577) in paragraph at lines 1788--1788
\TU/lmr/m/it/10 kage Installation from Remote Repositories, Including GitHub\TU/lmr/m/n/10 .; 2023. []https://CRAN.R-
 []


Underfull \hbox (badness 10000) in paragraph at lines 1786--1789

 []


Underfull \hbox (badness 10000) in paragraph at lines 1790--1793

 []


Underfull \hbox (badness 10000) in paragraph at lines 1794--1797

 []


Underfull \hbox (badness 2418) in paragraph at lines 1800--1800
[]\TU/lmr/m/n/10 Allaire J, Xie Y, Dervieux C, et al. \TU/lmr/m/it/10 rmarkdown: Dynamic Documents for r\TU/lmr/m/n/10 .; 2023.
 []


Underfull \hbox (badness 10000) in paragraph at lines 1798--1801

 []


Underfull \hbox (badness 10000) in paragraph at lines 1802--1805

 []


Underfull \hbox (badness 10000) in paragraph at lines 1808--1808
[]\TU/lmr/m/n/10 Chang W. \TU/lmr/m/it/10 webshot: Take Screenshots of Web Pages\TU/lmr/m/n/10 .; 2023. []https://CRAN.R-
 []


Underfull \hbox (badness 10000) in paragraph at lines 1806--1809

 []


Underfull \hbox (badness 10000) in paragraph at lines 1810--1813

 []

[66]
Underfull \hbox (badness 10000) in paragraph at lines 1814--1817

 []


Underfull \hbox (badness 5726) in paragraph at lines 1820--1820
[]\TU/lmr/m/n/10 Bland JM, Altman DG. Statistics notes: Matching. \TU/lmr/m/it/10 BMJ\TU/lmr/m/n/10 . 1994;309(6962):1128-1128.
 []


Underfull \hbox (badness 10000) in paragraph at lines 1818--1821

 []


Underfull \hbox (badness 10000) in paragraph at lines 1824--1824
[]\TU/lmr/m/n/10 Olson K. What Are Data? \TU/lmr/m/it/10 Qualitative Health Research\TU/lmr/m/n/10 . 2021;31(9):1567-1569.
 []


Underfull \hbox (badness 10000) in paragraph at lines 1822--1825

 []


Underfull \hbox (badness 10000) in paragraph at lines 1826--1829

 []


Underfull \hbox (badness 10000) in paragraph at lines 1832--1832
[]\TU/lmr/m/n/10 Altman DG, Bland JM. Missing data. \TU/lmr/m/it/10 BMJ\TU/lmr/m/n/10 . 2007;334(7590):424-424.
 []


Underfull \hbox (badness 10000) in paragraph at lines 1830--1833

 []


Underfull \hbox (badness 10000) in paragraph at lines 1834--1837

 []


Underfull \hbox (badness 10000) in paragraph at lines 1838--1841

 []


Underfull \hbox (badness 3219) in paragraph at lines 1844--1844
[]\TU/lmr/m/n/10 Yanagida T. Misty: Miscellaneous functions t. yanagida. 2023. []https://CRAN.R-
 []


Underfull \hbox (badness 10000) in paragraph at lines 1842--1845

 []


Underfull \hbox (badness 2460) in paragraph at lines 1848--1848
[]\TU/lmr/m/n/10 Little RJA. A Test of Missing Completely at Random for Multivariate Data with Mis-
 []


Underfull \hbox (badness 3536) in paragraph at lines 1848--1848
\TU/lmr/m/n/10 sing Values. \TU/lmr/m/it/10 Journal of the American Statistical Association\TU/lmr/m/n/10 . 1988;83(404):1198-1202.
 []


Underfull \hbox (badness 10000) in paragraph at lines 1846--1849

 []


Underfull \hbox (badness 10000) in paragraph at lines 1850--1853

 []


Underfull \hbox (badness 10000) in paragraph at lines 1854--1857

 []


Underfull \hbox (badness 10000) in paragraph at lines 1858--1861

 []


Underfull \hbox (badness 10000) in paragraph at lines 1862--1865

 []


Underfull \hbox (badness 10000) in paragraph at lines 1866--1869

 []


Underfull \hbox (badness 10000) in paragraph at lines 1870--1873

 []


Underfull \hbox (badness 10000) in paragraph at lines 1874--1877

 []


Underfull \hbox (badness 10000) in paragraph at lines 1878--1881

 []


Underfull \hbox (badness 10000) in paragraph at lines 1882--1885

 []


Underfull \hbox (badness 10000) in paragraph at lines 1886--1889

 []


Underfull \hbox (badness 10000) in paragraph at lines 1890--1893

 []


Underfull \hbox (badness 10000) in paragraph at lines 1894--1897

 []


Underfull \hbox (badness 10000) in paragraph at lines 1900--1900
[]\TU/lmr/m/n/10 Venables WN, Ripley BD. Modern applied statistics with s. 2002.
 []


Underfull \hbox (badness 10000) in paragraph at lines 1898--1901

 []


Underfull \vbox (badness 10000) has occurred while \output is active []

[67]
Underfull \hbox (badness 10000) in paragraph at lines 1902--1905

 []


Underfull \hbox (badness 10000) in paragraph at lines 1906--1909

 []


Underfull \hbox (badness 10000) in paragraph at lines 1910--1913

 []


Underfull \hbox (badness 10000) in paragraph at lines 1914--1917

 []


Underfull \hbox (badness 10000) in paragraph at lines 1918--1921

 []


Underfull \hbox (badness 10000) in paragraph at lines 1922--1925

 []


Underfull \hbox (badness 10000) in paragraph at lines 1926--1929

 []


Underfull \hbox (badness 10000) in paragraph at lines 1930--1933

 []


Underfull \hbox (badness 1320) in paragraph at lines 1936--1936
[]\TU/lmr/m/n/10 Fleiss JL. Measuring nominal scale agreement among many raters. \TU/lmr/m/it/10 Psychological Bulletin\TU/lmr/m/n/10 .
 []


Underfull \hbox (badness 10000) in paragraph at lines 1934--1937

 []


Underfull \hbox (badness 10000) in paragraph at lines 1938--1941

 []


Underfull \hbox (badness 10000) in paragraph at lines 1942--1945

 []


Underfull \hbox (badness 10000) in paragraph at lines 1946--1949

 []


Underfull \hbox (badness 10000) in paragraph at lines 1950--1953

 []


Underfull \hbox (badness 1675) in paragraph at lines 1956--1956
[]\TU/lmr/m/n/10 Dowle M, Srinivasan A. Data.table: Extension of data.frame. 2023. []https://CRAN.R-
 []


Underfull \hbox (badness 10000) in paragraph at lines 1954--1957

 []


Underfull \hbox (badness 10000) in paragraph at lines 1958--1961

 []


Underfull \hbox (badness 10000) in paragraph at lines 1962--1965

 []


Underfull \hbox (badness 10000) in paragraph at lines 1966--1969

 []


Underfull \hbox (badness 10000) in paragraph at lines 1970--1973

 []


Underfull \hbox (badness 10000) in paragraph at lines 1974--1977

 []


Underfull \hbox (badness 5726) in paragraph at lines 1980--1980
[]\TU/lmr/m/n/10 Rich B. table1: Tables of descriptive statistics in HTML. 2023. []https://CRAN.R-
 []


Underfull \hbox (badness 10000) in paragraph at lines 1978--1981

 []


Underfull \hbox (badness 10000) in paragraph at lines 1982--1985

 []


Underfull \vbox (badness 10000) has occurred while \output is active []

[68]
Underfull \hbox (badness 10000) in paragraph at lines 1986--1989

 []


Underfull \hbox (badness 10000) in paragraph at lines 1990--1993

 []


Underfull \hbox (badness 10000) in paragraph at lines 1994--1997

 []


Underfull \hbox (badness 3281) in paragraph at lines 2000--2000
[]\TU/lmr/m/n/10 Wei T, Simko V. R package corrplot: Visualization of a correlation matrix. 2021.
 []


Underfull \hbox (badness 10000) in paragraph at lines 1998--2001

 []


Underfull \hbox (badness 10000) in paragraph at lines 2002--2005

 []


Underfull \hbox (badness 2027) in paragraph at lines 2008--2008
[]\TU/lmr/m/n/10 Weissgerber TL, Winham SJ, Heinzen EP, et al. Reveal, Dont Conceal. \TU/lmr/m/it/10 Circulation\TU/lmr/m/n/10 .
 []


Underfull \hbox (badness 10000) in paragraph at lines 2006--2009

 []


Underfull \hbox (badness 10000) in paragraph at lines 2010--2013

 []


Underfull \hbox (badness 10000) in paragraph at lines 2014--2017

 []


Underfull \hbox (badness 10000) in paragraph at lines 2018--2021

 []


Underfull \hbox (badness 10000) in paragraph at lines 2022--2025

 []


Underfull \hbox (badness 10000) in paragraph at lines 2026--2029

 []


Underfull \hbox (badness 7116) in paragraph at lines 2032--2032
[]\TU/lmr/m/n/10 Arel-Bundock V. {Modelsummary}: Data and model summaries in {r}. 2022;103.
 []


Underfull \hbox (badness 10000) in paragraph at lines 2030--2033

 []


Underfull \hbox (badness 10000) in paragraph at lines 2034--2037

 []


Underfull \hbox (badness 10000) in paragraph at lines 2038--2041

 []


Underfull \hbox (badness 10000) in paragraph at lines 2042--2045

 []


Underfull \hbox (badness 7907) in paragraph at lines 2048--2048
[]\TU/lmr/m/n/10 Sut N. Study designs in medicine. \TU/lmr/m/it/10 Balkan Medical Journal\TU/lmr/m/n/10 . 2015;31(4):273-277.
 []


Underfull \hbox (badness 10000) in paragraph at lines 2046--2049

 []


Underfull \hbox (badness 10000) in paragraph at lines 2050--2053

 []


Underfull \hbox (badness 10000) in paragraph at lines 2054--2057

 []


Underfull \hbox (badness 10000) in paragraph at lines 2058--2061

 []


Underfull \hbox (badness 10000) in paragraph at lines 2062--2065

 []


Underfull \hbox (badness 10000) in paragraph at lines 2066--2069

 []


Underfull \vbox (badness 10000) has occurred while \output is active []

[69]
Underfull \hbox (badness 10000) in paragraph at lines 2070--2073

 []


Underfull \hbox (badness 10000) in paragraph at lines 2074--2077

 []


Underfull \hbox (badness 10000) in paragraph at lines 2078--2081

 []


Underfull \hbox (badness 10000) in paragraph at lines 2082--2085

 []


Underfull \hbox (badness 10000) in paragraph at lines 2086--2089

 []


Underfull \hbox (badness 10000) in paragraph at lines 2090--2093

 []


Underfull \hbox (badness 10000) in paragraph at lines 2094--2097

 []


Underfull \hbox (badness 10000) in paragraph at lines 2098--2101

 []


Underfull \hbox (badness 10000) in paragraph at lines 2102--2105

 []


Underfull \hbox (badness 10000) in paragraph at lines 2106--2109

 []


Underfull \hbox (badness 10000) in paragraph at lines 2110--2113

 []


Underfull \hbox (badness 10000) in paragraph at lines 2114--2117

 []


Underfull \hbox (badness 10000) in paragraph at lines 2118--2121

 []


Underfull \hbox (badness 10000) in paragraph at lines 2122--2125

 []


Underfull \hbox (badness 10000) in paragraph at lines 2126--2129

 []


Underfull \hbox (badness 10000) in paragraph at lines 2130--2133

 []


Underfull \hbox (badness 10000) in paragraph at lines 2134--2137

 []


Underfull \hbox (badness 10000) in paragraph at lines 2138--2141

 []


Underfull \hbox (badness 10000) in paragraph at lines 2142--2145

 []


Underfull \vbox (badness 10000) has occurred while \output is active []

[70]
Underfull \hbox (badness 10000) in paragraph at lines 2146--2149

 []


Underfull \hbox (badness 10000) in paragraph at lines 2150--2153

 []


Underfull \hbox (badness 10000) in paragraph at lines 2154--2157

 []


Underfull \hbox (badness 10000) in paragraph at lines 2158--2161

 []


Underfull \hbox (badness 10000) in paragraph at lines 2162--2165

 []


Underfull \hbox (badness 10000) in paragraph at lines 2166--2169

 []


Underfull \hbox (badness 10000) in paragraph at lines 2170--2173

 []


Underfull \hbox (badness 10000) in paragraph at lines 2174--2177

 []


Underfull \hbox (badness 10000) in paragraph at lines 2178--2181

 []


Underfull \hbox (badness 10000) in paragraph at lines 2182--2185

 []


Underfull \hbox (badness 10000) in paragraph at lines 2188--2188
[]\TU/lmr/m/n/10 Groves T. Research methods and reporting. \TU/lmr/m/it/10 BMJ\TU/lmr/m/n/10 . 2008;337(oct22 1):a2201-a2201.
 []


Underfull \hbox (badness 10000) in paragraph at lines 2186--2189

 []


Underfull \hbox (badness 10000) in paragraph at lines 2190--2193

 []


Underfull \hbox (badness 10000) in paragraph at lines 2194--2197

 []


Underfull \hbox (badness 10000) in paragraph at lines 2198--2201

 []


Underfull \hbox (badness 10000) in paragraph at lines 2202--2205

 []


Underfull \hbox (badness 10000) in paragraph at lines 2206--2209

 []


Underfull \hbox (badness 1881) in paragraph at lines 2212--2212
[]\TU/lmr/m/n/10 Dwivedi AK, Shukla R. Evidence-based statistical analysis and methods in biomedical re-
 []


Underfull \hbox (badness 1571) in paragraph at lines 2212--2212
\TU/lmr/m/n/10 search (SAMBR) checklists according to design features. \TU/lmr/m/it/10 CANCER REPORTS\TU/lmr/m/n/10 . 2019;3(4).
 []


Underfull \hbox (badness 10000) in paragraph at lines 2210--2213

 []

[71] (./R-Book.aux)
 ***********
LaTeX2e <2023-06-01> patch level 1
L3 programming layer <2023-08-29>
 ***********
Package rerunfilecheck Info: File `R-Book.out' has not changed.
(rerunfilecheck)             Checksum: B03A21C5398988BE8218638F67E614E4;8666.
 ) 
Here is how much of TeX's memory you used:
 21205 strings out of 477574
 391247 string characters out of 5816952
 1932438 words of memory out of 5000000
 42078 multiletter control sequences out of 15000+600000
 564650 words of font info for 93 fonts, out of 8000000 for 9000
 16 hyphenation exceptions out of 8191
 94i,18n,120p,1009b,507s stack positions out of 10000i,1000n,20000p,200000b,200000s

Output written on R-Book.pdf (71 pages).
